2024-03-14 23:53:11,881 - root - INFO - ********** Run 3 starts. **********
2024-03-14 23:53:11,882 - root - INFO - configuration is Namespace(dataset_name='tgbl-synthetic', batch_size=200, model_name='DyRep', gpu=0, num_neighbors=32, sample_neighbor_strategy='recent', time_scaling_factor=1e-06, num_walk_heads=8, num_heads=2, num_layers=2, walk_length=1, time_gap=32, time_feat_dim=100, position_feat_dim=172, output_dim=172, edge_bank_memory_mode='unlimited_memory', time_window_mode='fixed_proportion', patch_size=1, channel_embedding_dim=50, max_input_sequence_length=32, learning_rate=0.0001, dropout=0.1, num_epochs=20, optimizer='Adam', weight_decay=0.0, patience=20, num_runs=3, test_interval_epochs=10, load_best_configs=False, device='cpu', seed=2, save_model_name='DyRep_seed2')
2024-03-14 23:53:11,896 - root - INFO - model -> Sequential(
  (0): MemoryModel(
    (time_encoder): TimeEncoder(
      (w): Linear(in_features=1, out_features=100, bias=True)
    )
    (message_aggregator): MessageAggregator()
    (memory_bank): MemoryBank(num_nodes=10, memory_dim=172)
    (memory_updater): RNNMemoryUpdater(
      (memory_bank): MemoryBank(num_nodes=10, memory_dim=172)
      (memory_updater): RNNCell(445, 172)
    )
    (embedding_module): GraphAttentionEmbedding(
      (time_encoder): TimeEncoder(
        (w): Linear(in_features=1, out_features=100, bias=True)
      )
      (temporal_conv_layers): ModuleList(
        (0-1): 2 x MultiHeadAttention(
          (query_projection): Linear(in_features=272, out_features=272, bias=False)
          (key_projection): Linear(in_features=273, out_features=272, bias=False)
          (value_projection): Linear(in_features=273, out_features=272, bias=False)
          (layer_norm): LayerNorm((272,), eps=1e-05, elementwise_affine=True)
          (residual_fc): Linear(in_features=272, out_features=272, bias=True)
          (dropout): Dropout(p=0.1, inplace=False)
        )
      )
      (merge_layers): ModuleList(
        (0-1): 2 x MergeLayer(
          (fc1): Linear(in_features=444, out_features=172, bias=True)
          (fc2): Linear(in_features=172, out_features=172, bias=True)
          (act): ReLU()
        )
      )
      (projection_layer): Linear(in_features=1, out_features=172, bias=True)
    )
  )
  (1): MergeLayer(
    (fc1): Linear(in_features=344, out_features=172, bias=True)
    (fc2): Linear(in_features=172, out_features=1, bias=True)
    (act): ReLU()
  )
)
2024-03-14 23:53:11,896 - root - INFO - model name: DyRep, #parameters: 3894836 B, 3803.55078125 KB, 3.714405059814453 MB.
2024-03-14 23:54:03,167 - root - INFO - Epoch: 1, learning rate: 0.0001, train loss: 0.6934
2024-03-14 23:54:03,168 - root - INFO - train average_precision, 0.5056
2024-03-14 23:54:03,168 - root - INFO - train roc_auc, 0.5009
2024-03-14 23:54:03,168 - root - INFO - validate mrr, 0.3397
2024-03-14 23:54:03,169 - root - INFO - save model ./saved_models/DyRep/tgbl-synthetic/DyRep_seed2/DyRep_seed2.pkl
2024-03-14 23:54:55,255 - root - INFO - Epoch: 2, learning rate: 0.0001, train loss: 0.6933
2024-03-14 23:54:55,256 - root - INFO - train average_precision, 0.5037
2024-03-14 23:54:55,256 - root - INFO - train roc_auc, 0.5008
2024-03-14 23:54:55,256 - root - INFO - validate mrr, 0.3397
2024-03-14 23:54:55,256 - root - INFO - save model ./saved_models/DyRep/tgbl-synthetic/DyRep_seed2/DyRep_seed2.pkl
2024-03-14 23:55:44,067 - root - INFO - Epoch: 3, learning rate: 0.0001, train loss: 0.6932
2024-03-14 23:55:44,068 - root - INFO - train average_precision, 0.5033
2024-03-14 23:55:44,068 - root - INFO - train roc_auc, 0.4988
2024-03-14 23:55:44,068 - root - INFO - validate mrr, 0.3397
2024-03-14 23:55:44,068 - root - INFO - save model ./saved_models/DyRep/tgbl-synthetic/DyRep_seed2/DyRep_seed2.pkl
2024-03-14 23:56:33,788 - root - INFO - Epoch: 4, learning rate: 0.0001, train loss: 0.6931
2024-03-14 23:56:33,788 - root - INFO - train average_precision, 0.5089
2024-03-14 23:56:33,788 - root - INFO - train roc_auc, 0.5041
2024-03-14 23:56:33,788 - root - INFO - validate mrr, 0.3397
2024-03-14 23:56:33,788 - root - INFO - save model ./saved_models/DyRep/tgbl-synthetic/DyRep_seed2/DyRep_seed2.pkl
2024-03-14 23:57:23,290 - root - INFO - Epoch: 5, learning rate: 0.0001, train loss: 0.6932
2024-03-14 23:57:23,290 - root - INFO - train average_precision, 0.5042
2024-03-14 23:57:23,290 - root - INFO - train roc_auc, 0.5036
2024-03-14 23:57:23,290 - root - INFO - validate mrr, 0.3397
2024-03-14 23:57:23,291 - root - INFO - save model ./saved_models/DyRep/tgbl-synthetic/DyRep_seed2/DyRep_seed2.pkl
2024-03-14 23:58:12,474 - root - INFO - Epoch: 6, learning rate: 0.0001, train loss: 0.6932
2024-03-14 23:58:12,474 - root - INFO - train average_precision, 0.5028
2024-03-14 23:58:12,474 - root - INFO - train roc_auc, 0.4979
2024-03-14 23:58:12,474 - root - INFO - validate mrr, 0.3397
2024-03-14 23:58:12,475 - root - INFO - save model ./saved_models/DyRep/tgbl-synthetic/DyRep_seed2/DyRep_seed2.pkl
2024-03-14 23:58:59,133 - root - INFO - Epoch: 7, learning rate: 0.0001, train loss: 0.6931
2024-03-14 23:58:59,133 - root - INFO - train average_precision, 0.5102
2024-03-14 23:58:59,133 - root - INFO - train roc_auc, 0.5078
2024-03-14 23:58:59,133 - root - INFO - validate mrr, 0.3397
2024-03-14 23:58:59,134 - root - INFO - save model ./saved_models/DyRep/tgbl-synthetic/DyRep_seed2/DyRep_seed2.pkl
2024-03-14 23:59:48,110 - root - INFO - Epoch: 8, learning rate: 0.0001, train loss: 0.6933
2024-03-14 23:59:48,110 - root - INFO - train average_precision, 0.4958
2024-03-14 23:59:48,110 - root - INFO - train roc_auc, 0.4924
2024-03-14 23:59:48,111 - root - INFO - validate mrr, 0.3397
2024-03-14 23:59:48,111 - root - INFO - save model ./saved_models/DyRep/tgbl-synthetic/DyRep_seed2/DyRep_seed2.pkl
2024-03-15 00:00:37,643 - root - INFO - Epoch: 9, learning rate: 0.0001, train loss: 0.6932
2024-03-15 00:00:37,643 - root - INFO - train average_precision, 0.5006
2024-03-15 00:00:37,643 - root - INFO - train roc_auc, 0.4995
2024-03-15 00:00:37,644 - root - INFO - validate mrr, 0.3396
2024-03-15 00:01:33,683 - root - INFO - Epoch: 10, learning rate: 0.0001, train loss: 0.6933
2024-03-15 00:01:33,684 - root - INFO - train average_precision, 0.4961
2024-03-15 00:01:33,684 - root - INFO - train roc_auc, 0.4926
2024-03-15 00:01:33,684 - root - INFO - validate mrr, 0.3397
2024-03-15 00:02:07,390 - root - INFO - test mrr, 0.3397
2024-03-15 00:02:07,392 - root - INFO - save model ./saved_models/DyRep/tgbl-synthetic/DyRep_seed2/DyRep_seed2.pkl
2024-03-15 00:03:02,671 - root - INFO - Epoch: 11, learning rate: 0.0001, train loss: 0.6933
2024-03-15 00:03:02,672 - root - INFO - train average_precision, 0.5008
2024-03-15 00:03:02,672 - root - INFO - train roc_auc, 0.4994
2024-03-15 00:03:02,672 - root - INFO - validate mrr, 0.3397
2024-03-15 00:03:02,672 - root - INFO - save model ./saved_models/DyRep/tgbl-synthetic/DyRep_seed2/DyRep_seed2.pkl
2024-03-15 00:03:57,255 - root - INFO - Epoch: 12, learning rate: 0.0001, train loss: 0.6932
2024-03-15 00:03:57,255 - root - INFO - train average_precision, 0.5060
2024-03-15 00:03:57,256 - root - INFO - train roc_auc, 0.5060
2024-03-15 00:03:57,256 - root - INFO - validate mrr, 0.3397
2024-03-15 00:03:57,256 - root - INFO - save model ./saved_models/DyRep/tgbl-synthetic/DyRep_seed2/DyRep_seed2.pkl
2024-03-15 00:04:46,431 - root - INFO - Epoch: 13, learning rate: 0.0001, train loss: 0.6933
2024-03-15 00:04:46,431 - root - INFO - train average_precision, 0.5025
2024-03-15 00:04:46,432 - root - INFO - train roc_auc, 0.4966
2024-03-15 00:04:46,432 - root - INFO - validate mrr, 0.3397
2024-03-15 00:04:46,432 - root - INFO - save model ./saved_models/DyRep/tgbl-synthetic/DyRep_seed2/DyRep_seed2.pkl
2024-03-15 00:05:34,675 - root - INFO - Epoch: 14, learning rate: 0.0001, train loss: 0.6932
2024-03-15 00:05:34,676 - root - INFO - train average_precision, 0.5074
2024-03-15 00:05:34,676 - root - INFO - train roc_auc, 0.5031
2024-03-15 00:05:34,676 - root - INFO - validate mrr, 0.3397
2024-03-15 00:05:34,676 - root - INFO - save model ./saved_models/DyRep/tgbl-synthetic/DyRep_seed2/DyRep_seed2.pkl
2024-03-15 00:06:26,000 - root - INFO - Epoch: 15, learning rate: 0.0001, train loss: 0.6932
2024-03-15 00:06:26,000 - root - INFO - train average_precision, 0.5009
2024-03-15 00:06:26,000 - root - INFO - train roc_auc, 0.4985
2024-03-15 00:06:26,001 - root - INFO - validate mrr, 0.3397
2024-03-15 00:06:26,001 - root - INFO - save model ./saved_models/DyRep/tgbl-synthetic/DyRep_seed2/DyRep_seed2.pkl
2024-03-15 00:07:19,585 - root - INFO - Epoch: 16, learning rate: 0.0001, train loss: 0.6933
2024-03-15 00:07:19,586 - root - INFO - train average_precision, 0.4985
2024-03-15 00:07:19,586 - root - INFO - train roc_auc, 0.4959
2024-03-15 00:07:19,586 - root - INFO - validate mrr, 0.3397
2024-03-15 00:07:19,587 - root - INFO - save model ./saved_models/DyRep/tgbl-synthetic/DyRep_seed2/DyRep_seed2.pkl
2024-03-15 00:08:12,036 - root - INFO - Epoch: 17, learning rate: 0.0001, train loss: 0.6932
2024-03-15 00:08:12,037 - root - INFO - train average_precision, 0.5025
2024-03-15 00:08:12,037 - root - INFO - train roc_auc, 0.4983
2024-03-15 00:08:12,037 - root - INFO - validate mrr, 0.3397
2024-03-15 00:08:12,040 - root - INFO - save model ./saved_models/DyRep/tgbl-synthetic/DyRep_seed2/DyRep_seed2.pkl
2024-03-15 00:09:01,898 - root - INFO - Epoch: 18, learning rate: 0.0001, train loss: 0.6932
2024-03-15 00:09:01,899 - root - INFO - train average_precision, 0.4971
2024-03-15 00:09:01,899 - root - INFO - train roc_auc, 0.4961
2024-03-15 00:09:01,899 - root - INFO - validate mrr, 0.3397
2024-03-15 00:09:01,899 - root - INFO - save model ./saved_models/DyRep/tgbl-synthetic/DyRep_seed2/DyRep_seed2.pkl
2024-03-15 00:09:52,589 - root - INFO - Epoch: 19, learning rate: 0.0001, train loss: 0.6932
2024-03-15 00:09:52,590 - root - INFO - train average_precision, 0.5047
2024-03-15 00:09:52,590 - root - INFO - train roc_auc, 0.5037
2024-03-15 00:09:52,590 - root - INFO - validate mrr, 0.3397
2024-03-15 00:09:52,590 - root - INFO - save model ./saved_models/DyRep/tgbl-synthetic/DyRep_seed2/DyRep_seed2.pkl
2024-03-15 00:10:39,439 - root - INFO - Epoch: 20, learning rate: 0.0001, train loss: 0.6931
2024-03-15 00:10:39,439 - root - INFO - train average_precision, 0.5070
2024-03-15 00:10:39,439 - root - INFO - train roc_auc, 0.5062
2024-03-15 00:10:39,440 - root - INFO - validate mrr, 0.3397
2024-03-15 00:11:08,232 - root - INFO - test mrr, 0.3397
2024-03-15 00:11:08,234 - root - INFO - save model ./saved_models/DyRep/tgbl-synthetic/DyRep_seed2/DyRep_seed2.pkl
2024-03-15 00:11:08,250 - root - INFO - load model ./saved_models/DyRep/tgbl-synthetic/DyRep_seed2/DyRep_seed2.pkl
2024-03-15 00:11:08,273 - root - INFO - get final performance on dataset tgbl-synthetic...
2024-03-15 00:11:36,911 - root - INFO - test mrr, 0.3397
2024-03-15 00:11:36,912 - root - INFO - Run 3 cost 1105.03 seconds.
2024-03-15 00:11:36,916 - root - INFO - metrics over 3 runs:
2024-03-15 00:11:36,917 - root - INFO - test mrr, [0.33973217, 0.33973217, 0.33973217]
2024-03-15 00:11:36,920 - root - INFO - average test mrr, 0.3397 ± 0.0000
