2024-03-14 20:48:45,228 - root - INFO - ********** Run 3 starts. **********
2024-03-14 20:48:45,228 - root - INFO - configuration is Namespace(dataset_name='tgbl-synthetic', batch_size=200, model_name='DyRep', gpu=0, num_neighbors=8, sample_neighbor_strategy='recent', time_scaling_factor=1e-06, num_walk_heads=8, num_heads=2, num_layers=2, walk_length=1, time_gap=8, time_feat_dim=100, position_feat_dim=172, output_dim=172, edge_bank_memory_mode='unlimited_memory', time_window_mode='fixed_proportion', patch_size=1, channel_embedding_dim=50, max_input_sequence_length=8, learning_rate=0.0001, dropout=0.1, num_epochs=20, optimizer='Adam', weight_decay=0.0, patience=20, num_runs=5, test_interval_epochs=10, load_best_configs=False, device='cpu', seed=2, save_model_name='DyRep_seed2')
2024-03-14 20:48:45,236 - root - INFO - model -> Sequential(
  (0): MemoryModel(
    (time_encoder): TimeEncoder(
      (w): Linear(in_features=1, out_features=100, bias=True)
    )
    (message_aggregator): MessageAggregator()
    (memory_bank): MemoryBank(num_nodes=10, memory_dim=172)
    (memory_updater): RNNMemoryUpdater(
      (memory_bank): MemoryBank(num_nodes=10, memory_dim=172)
      (memory_updater): RNNCell(445, 172)
    )
    (embedding_module): GraphAttentionEmbedding(
      (time_encoder): TimeEncoder(
        (w): Linear(in_features=1, out_features=100, bias=True)
      )
      (temporal_conv_layers): ModuleList(
        (0-1): 2 x MultiHeadAttention(
          (query_projection): Linear(in_features=272, out_features=272, bias=False)
          (key_projection): Linear(in_features=273, out_features=272, bias=False)
          (value_projection): Linear(in_features=273, out_features=272, bias=False)
          (layer_norm): LayerNorm((272,), eps=1e-05, elementwise_affine=True)
          (residual_fc): Linear(in_features=272, out_features=272, bias=True)
          (dropout): Dropout(p=0.1, inplace=False)
        )
      )
      (merge_layers): ModuleList(
        (0-1): 2 x MergeLayer(
          (fc1): Linear(in_features=444, out_features=172, bias=True)
          (fc2): Linear(in_features=172, out_features=172, bias=True)
          (act): ReLU()
        )
      )
      (projection_layer): Linear(in_features=1, out_features=172, bias=True)
    )
  )
  (1): MergeLayer(
    (fc1): Linear(in_features=344, out_features=172, bias=True)
    (fc2): Linear(in_features=172, out_features=1, bias=True)
    (act): ReLU()
  )
)
2024-03-14 20:48:45,237 - root - INFO - model name: DyRep, #parameters: 3894836 B, 3803.55078125 KB, 3.714405059814453 MB.
2024-03-14 20:48:51,945 - root - INFO - Epoch: 1, learning rate: 0.0001, train loss: 0.6934
2024-03-14 20:48:51,945 - root - INFO - train average_precision, 0.5026
2024-03-14 20:48:51,945 - root - INFO - train roc_auc, 0.4977
2024-03-14 20:48:51,945 - root - INFO - validate mrr, 0.3397
2024-03-14 20:48:51,946 - root - INFO - save model ./saved_models/DyRep/tgbl-synthetic/DyRep_seed2/DyRep_seed2.pkl
2024-03-14 20:48:58,573 - root - INFO - Epoch: 2, learning rate: 0.0001, train loss: 0.6933
2024-03-14 20:48:58,573 - root - INFO - train average_precision, 0.5053
2024-03-14 20:48:58,573 - root - INFO - train roc_auc, 0.5025
2024-03-14 20:48:58,573 - root - INFO - validate mrr, 0.3397
2024-03-14 20:48:58,573 - root - INFO - save model ./saved_models/DyRep/tgbl-synthetic/DyRep_seed2/DyRep_seed2.pkl
2024-03-14 20:49:05,249 - root - INFO - Epoch: 3, learning rate: 0.0001, train loss: 0.6932
2024-03-14 20:49:05,249 - root - INFO - train average_precision, 0.5030
2024-03-14 20:49:05,249 - root - INFO - train roc_auc, 0.5023
2024-03-14 20:49:05,249 - root - INFO - validate mrr, 0.3397
2024-03-14 20:49:05,249 - root - INFO - save model ./saved_models/DyRep/tgbl-synthetic/DyRep_seed2/DyRep_seed2.pkl
2024-03-14 20:49:11,824 - root - INFO - Epoch: 4, learning rate: 0.0001, train loss: 0.6932
2024-03-14 20:49:11,824 - root - INFO - train average_precision, 0.5071
2024-03-14 20:49:11,824 - root - INFO - train roc_auc, 0.5037
2024-03-14 20:49:11,824 - root - INFO - validate mrr, 0.3397
2024-03-14 20:49:11,824 - root - INFO - save model ./saved_models/DyRep/tgbl-synthetic/DyRep_seed2/DyRep_seed2.pkl
2024-03-14 20:49:18,736 - root - INFO - Epoch: 5, learning rate: 0.0001, train loss: 0.6931
2024-03-14 20:49:18,736 - root - INFO - train average_precision, 0.5075
2024-03-14 20:49:18,736 - root - INFO - train roc_auc, 0.5077
2024-03-14 20:49:18,736 - root - INFO - validate mrr, 0.3397
2024-03-14 20:49:18,737 - root - INFO - save model ./saved_models/DyRep/tgbl-synthetic/DyRep_seed2/DyRep_seed2.pkl
2024-03-14 20:49:25,453 - root - INFO - Epoch: 6, learning rate: 0.0001, train loss: 0.6932
2024-03-14 20:49:25,453 - root - INFO - train average_precision, 0.5030
2024-03-14 20:49:25,453 - root - INFO - train roc_auc, 0.4997
2024-03-14 20:49:25,454 - root - INFO - validate mrr, 0.3397
2024-03-14 20:49:25,454 - root - INFO - save model ./saved_models/DyRep/tgbl-synthetic/DyRep_seed2/DyRep_seed2.pkl
2024-03-14 20:49:31,960 - root - INFO - Epoch: 7, learning rate: 0.0001, train loss: 0.6932
2024-03-14 20:49:31,960 - root - INFO - train average_precision, 0.5075
2024-03-14 20:49:31,960 - root - INFO - train roc_auc, 0.5061
2024-03-14 20:49:31,960 - root - INFO - validate mrr, 0.3397
2024-03-14 20:49:31,960 - root - INFO - save model ./saved_models/DyRep/tgbl-synthetic/DyRep_seed2/DyRep_seed2.pkl
2024-03-14 20:49:38,590 - root - INFO - Epoch: 8, learning rate: 0.0001, train loss: 0.6933
2024-03-14 20:49:38,590 - root - INFO - train average_precision, 0.4987
2024-03-14 20:49:38,590 - root - INFO - train roc_auc, 0.4953
2024-03-14 20:49:38,590 - root - INFO - validate mrr, 0.3397
2024-03-14 20:49:38,590 - root - INFO - save model ./saved_models/DyRep/tgbl-synthetic/DyRep_seed2/DyRep_seed2.pkl
2024-03-14 20:49:45,123 - root - INFO - Epoch: 9, learning rate: 0.0001, train loss: 0.6932
2024-03-14 20:49:45,123 - root - INFO - train average_precision, 0.5030
2024-03-14 20:49:45,123 - root - INFO - train roc_auc, 0.5005
2024-03-14 20:49:45,123 - root - INFO - validate mrr, 0.3397
2024-03-14 20:49:45,124 - root - INFO - save model ./saved_models/DyRep/tgbl-synthetic/DyRep_seed2/DyRep_seed2.pkl
2024-03-14 20:49:51,623 - root - INFO - Epoch: 10, learning rate: 0.0001, train loss: 0.6933
2024-03-14 20:49:51,623 - root - INFO - train average_precision, 0.4971
2024-03-14 20:49:51,623 - root - INFO - train roc_auc, 0.4926
2024-03-14 20:49:51,623 - root - INFO - validate mrr, 0.3397
2024-03-14 20:49:54,674 - root - INFO - test mrr, 0.3397
2024-03-14 20:49:54,674 - root - INFO - save model ./saved_models/DyRep/tgbl-synthetic/DyRep_seed2/DyRep_seed2.pkl
2024-03-14 20:50:01,295 - root - INFO - Epoch: 11, learning rate: 0.0001, train loss: 0.6932
2024-03-14 20:50:01,295 - root - INFO - train average_precision, 0.5069
2024-03-14 20:50:01,295 - root - INFO - train roc_auc, 0.5053
2024-03-14 20:50:01,295 - root - INFO - validate mrr, 0.3397
2024-03-14 20:50:01,296 - root - INFO - save model ./saved_models/DyRep/tgbl-synthetic/DyRep_seed2/DyRep_seed2.pkl
2024-03-14 20:50:07,811 - root - INFO - Epoch: 12, learning rate: 0.0001, train loss: 0.6932
2024-03-14 20:50:07,811 - root - INFO - train average_precision, 0.5074
2024-03-14 20:50:07,811 - root - INFO - train roc_auc, 0.5077
2024-03-14 20:50:07,811 - root - INFO - validate mrr, 0.3397
2024-03-14 20:50:07,811 - root - INFO - save model ./saved_models/DyRep/tgbl-synthetic/DyRep_seed2/DyRep_seed2.pkl
2024-03-14 20:50:14,598 - root - INFO - Epoch: 13, learning rate: 0.0001, train loss: 0.6932
2024-03-14 20:50:14,598 - root - INFO - train average_precision, 0.5019
2024-03-14 20:50:14,598 - root - INFO - train roc_auc, 0.4953
2024-03-14 20:50:14,598 - root - INFO - validate mrr, 0.3397
2024-03-14 20:50:14,599 - root - INFO - save model ./saved_models/DyRep/tgbl-synthetic/DyRep_seed2/DyRep_seed2.pkl
2024-03-14 20:50:21,409 - root - INFO - Epoch: 14, learning rate: 0.0001, train loss: 0.6931
2024-03-14 20:50:21,410 - root - INFO - train average_precision, 0.5057
2024-03-14 20:50:21,410 - root - INFO - train roc_auc, 0.5022
2024-03-14 20:50:21,410 - root - INFO - validate mrr, 0.3397
2024-03-14 20:50:21,410 - root - INFO - save model ./saved_models/DyRep/tgbl-synthetic/DyRep_seed2/DyRep_seed2.pkl
2024-03-14 20:50:28,207 - root - INFO - Epoch: 15, learning rate: 0.0001, train loss: 0.6932
2024-03-14 20:50:28,207 - root - INFO - train average_precision, 0.5039
2024-03-14 20:50:28,208 - root - INFO - train roc_auc, 0.5032
2024-03-14 20:50:28,208 - root - INFO - validate mrr, 0.3397
2024-03-14 20:50:28,208 - root - INFO - save model ./saved_models/DyRep/tgbl-synthetic/DyRep_seed2/DyRep_seed2.pkl
2024-03-14 20:50:34,972 - root - INFO - Epoch: 16, learning rate: 0.0001, train loss: 0.6933
2024-03-14 20:50:34,972 - root - INFO - train average_precision, 0.4955
2024-03-14 20:50:34,972 - root - INFO - train roc_auc, 0.4946
2024-03-14 20:50:34,972 - root - INFO - validate mrr, 0.3397
2024-03-14 20:50:34,973 - root - INFO - save model ./saved_models/DyRep/tgbl-synthetic/DyRep_seed2/DyRep_seed2.pkl
2024-03-14 20:50:41,530 - root - INFO - Epoch: 17, learning rate: 0.0001, train loss: 0.6932
2024-03-14 20:50:41,530 - root - INFO - train average_precision, 0.5029
2024-03-14 20:50:41,530 - root - INFO - train roc_auc, 0.4991
2024-03-14 20:50:41,530 - root - INFO - validate mrr, 0.3397
2024-03-14 20:50:41,530 - root - INFO - save model ./saved_models/DyRep/tgbl-synthetic/DyRep_seed2/DyRep_seed2.pkl
2024-03-14 20:50:48,084 - root - INFO - Epoch: 18, learning rate: 0.0001, train loss: 0.6932
2024-03-14 20:50:48,085 - root - INFO - train average_precision, 0.4985
2024-03-14 20:50:48,085 - root - INFO - train roc_auc, 0.4963
2024-03-14 20:50:48,085 - root - INFO - validate mrr, 0.3397
2024-03-14 20:50:48,085 - root - INFO - save model ./saved_models/DyRep/tgbl-synthetic/DyRep_seed2/DyRep_seed2.pkl
2024-03-14 20:50:54,807 - root - INFO - Epoch: 19, learning rate: 0.0001, train loss: 0.6932
2024-03-14 20:50:54,808 - root - INFO - train average_precision, 0.4984
2024-03-14 20:50:54,808 - root - INFO - train roc_auc, 0.4998
2024-03-14 20:50:54,808 - root - INFO - validate mrr, 0.3397
2024-03-14 20:50:54,808 - root - INFO - save model ./saved_models/DyRep/tgbl-synthetic/DyRep_seed2/DyRep_seed2.pkl
2024-03-14 20:51:01,503 - root - INFO - Epoch: 20, learning rate: 0.0001, train loss: 0.6931
2024-03-14 20:51:01,503 - root - INFO - train average_precision, 0.5007
2024-03-14 20:51:01,503 - root - INFO - train roc_auc, 0.5022
2024-03-14 20:51:01,503 - root - INFO - validate mrr, 0.3397
2024-03-14 20:51:04,523 - root - INFO - test mrr, 0.3397
2024-03-14 20:51:04,524 - root - INFO - save model ./saved_models/DyRep/tgbl-synthetic/DyRep_seed2/DyRep_seed2.pkl
2024-03-14 20:51:04,538 - root - INFO - load model ./saved_models/DyRep/tgbl-synthetic/DyRep_seed2/DyRep_seed2.pkl
2024-03-14 20:51:04,548 - root - INFO - get final performance on dataset tgbl-synthetic...
2024-03-14 20:51:07,514 - root - INFO - test mrr, 0.3397
2024-03-14 20:51:07,514 - root - INFO - Run 3 cost 142.29 seconds.
