2024-03-14 21:08:53,165 - root - INFO - ********** Run 3 starts. **********
2024-03-14 21:08:53,165 - root - INFO - configuration is Namespace(dataset_name='tgbl-synthetic', batch_size=200, model_name='DyRep', gpu=0, num_neighbors=16, sample_neighbor_strategy='recent', time_scaling_factor=1e-06, num_walk_heads=8, num_heads=2, num_layers=2, walk_length=1, time_gap=16, time_feat_dim=100, position_feat_dim=172, output_dim=172, edge_bank_memory_mode='unlimited_memory', time_window_mode='fixed_proportion', patch_size=1, channel_embedding_dim=50, max_input_sequence_length=16, learning_rate=0.0001, dropout=0.1, num_epochs=20, optimizer='Adam', weight_decay=0.0, patience=20, num_runs=5, test_interval_epochs=10, load_best_configs=False, device='cpu', seed=2, save_model_name='DyRep_seed2')
2024-03-14 21:08:53,174 - root - INFO - model -> Sequential(
  (0): MemoryModel(
    (time_encoder): TimeEncoder(
      (w): Linear(in_features=1, out_features=100, bias=True)
    )
    (message_aggregator): MessageAggregator()
    (memory_bank): MemoryBank(num_nodes=10, memory_dim=172)
    (memory_updater): RNNMemoryUpdater(
      (memory_bank): MemoryBank(num_nodes=10, memory_dim=172)
      (memory_updater): RNNCell(445, 172)
    )
    (embedding_module): GraphAttentionEmbedding(
      (time_encoder): TimeEncoder(
        (w): Linear(in_features=1, out_features=100, bias=True)
      )
      (temporal_conv_layers): ModuleList(
        (0-1): 2 x MultiHeadAttention(
          (query_projection): Linear(in_features=272, out_features=272, bias=False)
          (key_projection): Linear(in_features=273, out_features=272, bias=False)
          (value_projection): Linear(in_features=273, out_features=272, bias=False)
          (layer_norm): LayerNorm((272,), eps=1e-05, elementwise_affine=True)
          (residual_fc): Linear(in_features=272, out_features=272, bias=True)
          (dropout): Dropout(p=0.1, inplace=False)
        )
      )
      (merge_layers): ModuleList(
        (0-1): 2 x MergeLayer(
          (fc1): Linear(in_features=444, out_features=172, bias=True)
          (fc2): Linear(in_features=172, out_features=172, bias=True)
          (act): ReLU()
        )
      )
      (projection_layer): Linear(in_features=1, out_features=172, bias=True)
    )
  )
  (1): MergeLayer(
    (fc1): Linear(in_features=344, out_features=172, bias=True)
    (fc2): Linear(in_features=172, out_features=1, bias=True)
    (act): ReLU()
  )
)
2024-03-14 21:08:53,175 - root - INFO - model name: DyRep, #parameters: 3894836 B, 3803.55078125 KB, 3.714405059814453 MB.
2024-03-14 21:09:12,393 - root - INFO - Epoch: 1, learning rate: 0.0001, train loss: 0.6934
2024-03-14 21:09:12,393 - root - INFO - train average_precision, 0.5030
2024-03-14 21:09:12,393 - root - INFO - train roc_auc, 0.4993
2024-03-14 21:09:12,393 - root - INFO - validate mrr, 0.3397
2024-03-14 21:09:12,394 - root - INFO - save model ./saved_models/DyRep/tgbl-synthetic/DyRep_seed2/DyRep_seed2.pkl
2024-03-14 21:09:31,167 - root - INFO - Epoch: 2, learning rate: 0.0001, train loss: 0.6934
2024-03-14 21:09:31,168 - root - INFO - train average_precision, 0.5023
2024-03-14 21:09:31,168 - root - INFO - train roc_auc, 0.5011
2024-03-14 21:09:31,168 - root - INFO - validate mrr, 0.3397
2024-03-14 21:09:31,168 - root - INFO - save model ./saved_models/DyRep/tgbl-synthetic/DyRep_seed2/DyRep_seed2.pkl
2024-03-14 21:09:48,296 - root - INFO - Epoch: 3, learning rate: 0.0001, train loss: 0.6932
2024-03-14 21:09:48,297 - root - INFO - train average_precision, 0.5042
2024-03-14 21:09:48,297 - root - INFO - train roc_auc, 0.4993
2024-03-14 21:09:48,297 - root - INFO - validate mrr, 0.3397
2024-03-14 21:09:48,297 - root - INFO - save model ./saved_models/DyRep/tgbl-synthetic/DyRep_seed2/DyRep_seed2.pkl
2024-03-14 21:10:05,383 - root - INFO - Epoch: 4, learning rate: 0.0001, train loss: 0.6932
2024-03-14 21:10:05,384 - root - INFO - train average_precision, 0.5050
2024-03-14 21:10:05,384 - root - INFO - train roc_auc, 0.5024
2024-03-14 21:10:05,384 - root - INFO - validate mrr, 0.3397
2024-03-14 21:10:05,384 - root - INFO - save model ./saved_models/DyRep/tgbl-synthetic/DyRep_seed2/DyRep_seed2.pkl
2024-03-14 21:10:24,593 - root - INFO - Epoch: 5, learning rate: 0.0001, train loss: 0.6932
2024-03-14 21:10:24,593 - root - INFO - train average_precision, 0.5051
2024-03-14 21:10:24,593 - root - INFO - train roc_auc, 0.5037
2024-03-14 21:10:24,593 - root - INFO - validate mrr, 0.3397
2024-03-14 21:10:24,594 - root - INFO - save model ./saved_models/DyRep/tgbl-synthetic/DyRep_seed2/DyRep_seed2.pkl
2024-03-14 21:10:44,028 - root - INFO - Epoch: 6, learning rate: 0.0001, train loss: 0.6932
2024-03-14 21:10:44,028 - root - INFO - train average_precision, 0.5049
2024-03-14 21:10:44,028 - root - INFO - train roc_auc, 0.4992
2024-03-14 21:10:44,029 - root - INFO - validate mrr, 0.3397
2024-03-14 21:10:44,029 - root - INFO - save model ./saved_models/DyRep/tgbl-synthetic/DyRep_seed2/DyRep_seed2.pkl
2024-03-14 21:11:03,978 - root - INFO - Epoch: 7, learning rate: 0.0001, train loss: 0.6931
2024-03-14 21:11:03,978 - root - INFO - train average_precision, 0.5070
2024-03-14 21:11:03,978 - root - INFO - train roc_auc, 0.5063
2024-03-14 21:11:03,979 - root - INFO - validate mrr, 0.3397
2024-03-14 21:11:03,979 - root - INFO - save model ./saved_models/DyRep/tgbl-synthetic/DyRep_seed2/DyRep_seed2.pkl
2024-03-14 21:11:21,855 - root - INFO - Epoch: 8, learning rate: 0.0001, train loss: 0.6933
2024-03-14 21:11:21,855 - root - INFO - train average_precision, 0.4961
2024-03-14 21:11:21,855 - root - INFO - train roc_auc, 0.4932
2024-03-14 21:11:21,855 - root - INFO - validate mrr, 0.3397
2024-03-14 21:11:21,856 - root - INFO - save model ./saved_models/DyRep/tgbl-synthetic/DyRep_seed2/DyRep_seed2.pkl
2024-03-14 21:11:41,095 - root - INFO - Epoch: 9, learning rate: 0.0001, train loss: 0.6933
2024-03-14 21:11:41,096 - root - INFO - train average_precision, 0.5012
2024-03-14 21:11:41,096 - root - INFO - train roc_auc, 0.4982
2024-03-14 21:11:41,096 - root - INFO - validate mrr, 0.3397
2024-03-14 21:11:41,096 - root - INFO - save model ./saved_models/DyRep/tgbl-synthetic/DyRep_seed2/DyRep_seed2.pkl
2024-03-14 21:12:01,734 - root - INFO - Epoch: 10, learning rate: 0.0001, train loss: 0.6934
2024-03-14 21:12:01,734 - root - INFO - train average_precision, 0.4947
2024-03-14 21:12:01,734 - root - INFO - train roc_auc, 0.4900
2024-03-14 21:12:01,734 - root - INFO - validate mrr, 0.3397
2024-03-14 21:12:12,395 - root - INFO - test mrr, 0.3397
2024-03-14 21:12:12,395 - root - INFO - save model ./saved_models/DyRep/tgbl-synthetic/DyRep_seed2/DyRep_seed2.pkl
2024-03-14 21:12:31,669 - root - INFO - Epoch: 11, learning rate: 0.0001, train loss: 0.6934
2024-03-14 21:12:31,669 - root - INFO - train average_precision, 0.5029
2024-03-14 21:12:31,670 - root - INFO - train roc_auc, 0.5018
2024-03-14 21:12:31,670 - root - INFO - validate mrr, 0.3397
2024-03-14 21:12:31,670 - root - INFO - save model ./saved_models/DyRep/tgbl-synthetic/DyRep_seed2/DyRep_seed2.pkl
2024-03-14 21:12:50,283 - root - INFO - Epoch: 12, learning rate: 0.0001, train loss: 0.6932
2024-03-14 21:12:50,283 - root - INFO - train average_precision, 0.5065
2024-03-14 21:12:50,283 - root - INFO - train roc_auc, 0.5049
2024-03-14 21:12:50,283 - root - INFO - validate mrr, 0.3397
2024-03-14 21:12:50,284 - root - INFO - save model ./saved_models/DyRep/tgbl-synthetic/DyRep_seed2/DyRep_seed2.pkl
2024-03-14 21:13:08,295 - root - INFO - Epoch: 13, learning rate: 0.0001, train loss: 0.6932
2024-03-14 21:13:08,296 - root - INFO - train average_precision, 0.5027
2024-03-14 21:13:08,296 - root - INFO - train roc_auc, 0.4969
2024-03-14 21:13:08,296 - root - INFO - validate mrr, 0.3397
2024-03-14 21:13:08,296 - root - INFO - save model ./saved_models/DyRep/tgbl-synthetic/DyRep_seed2/DyRep_seed2.pkl
2024-03-14 21:13:26,054 - root - INFO - Epoch: 14, learning rate: 0.0001, train loss: 0.6931
2024-03-14 21:13:26,054 - root - INFO - train average_precision, 0.5090
2024-03-14 21:13:26,055 - root - INFO - train roc_auc, 0.5046
2024-03-14 21:13:26,055 - root - INFO - validate mrr, 0.3397
2024-03-14 21:13:26,055 - root - INFO - save model ./saved_models/DyRep/tgbl-synthetic/DyRep_seed2/DyRep_seed2.pkl
2024-03-14 21:13:44,172 - root - INFO - Epoch: 15, learning rate: 0.0001, train loss: 0.6932
2024-03-14 21:13:44,172 - root - INFO - train average_precision, 0.5031
2024-03-14 21:13:44,173 - root - INFO - train roc_auc, 0.5030
2024-03-14 21:13:44,173 - root - INFO - validate mrr, 0.3397
2024-03-14 21:13:44,173 - root - INFO - save model ./saved_models/DyRep/tgbl-synthetic/DyRep_seed2/DyRep_seed2.pkl
2024-03-14 21:14:02,675 - root - INFO - Epoch: 16, learning rate: 0.0001, train loss: 0.6932
2024-03-14 21:14:02,675 - root - INFO - train average_precision, 0.4989
2024-03-14 21:14:02,675 - root - INFO - train roc_auc, 0.4936
2024-03-14 21:14:02,675 - root - INFO - validate mrr, 0.3397
2024-03-14 21:14:02,676 - root - INFO - save model ./saved_models/DyRep/tgbl-synthetic/DyRep_seed2/DyRep_seed2.pkl
2024-03-14 21:14:20,168 - root - INFO - Epoch: 17, learning rate: 0.0001, train loss: 0.6931
2024-03-14 21:14:20,168 - root - INFO - train average_precision, 0.5061
2024-03-14 21:14:20,168 - root - INFO - train roc_auc, 0.5040
2024-03-14 21:14:20,168 - root - INFO - validate mrr, 0.3397
2024-03-14 21:14:20,168 - root - INFO - save model ./saved_models/DyRep/tgbl-synthetic/DyRep_seed2/DyRep_seed2.pkl
2024-03-14 21:14:39,057 - root - INFO - Epoch: 18, learning rate: 0.0001, train loss: 0.6932
2024-03-14 21:14:39,058 - root - INFO - train average_precision, 0.4981
2024-03-14 21:14:39,058 - root - INFO - train roc_auc, 0.4959
2024-03-14 21:14:39,058 - root - INFO - validate mrr, 0.3397
2024-03-14 21:14:39,058 - root - INFO - save model ./saved_models/DyRep/tgbl-synthetic/DyRep_seed2/DyRep_seed2.pkl
2024-03-14 21:14:58,151 - root - INFO - Epoch: 19, learning rate: 0.0001, train loss: 0.6932
2024-03-14 21:14:58,152 - root - INFO - train average_precision, 0.5012
2024-03-14 21:14:58,152 - root - INFO - train roc_auc, 0.5014
2024-03-14 21:14:58,152 - root - INFO - validate mrr, 0.3397
2024-03-14 21:14:58,152 - root - INFO - save model ./saved_models/DyRep/tgbl-synthetic/DyRep_seed2/DyRep_seed2.pkl
2024-03-14 21:15:16,342 - root - INFO - Epoch: 20, learning rate: 0.0001, train loss: 0.6931
2024-03-14 21:15:16,342 - root - INFO - train average_precision, 0.5008
2024-03-14 21:15:16,342 - root - INFO - train roc_auc, 0.5005
2024-03-14 21:15:16,343 - root - INFO - validate mrr, 0.3397
2024-03-14 21:15:27,114 - root - INFO - test mrr, 0.3397
2024-03-14 21:15:27,115 - root - INFO - save model ./saved_models/DyRep/tgbl-synthetic/DyRep_seed2/DyRep_seed2.pkl
2024-03-14 21:15:27,130 - root - INFO - load model ./saved_models/DyRep/tgbl-synthetic/DyRep_seed2/DyRep_seed2.pkl
2024-03-14 21:15:27,141 - root - INFO - get final performance on dataset tgbl-synthetic...
2024-03-14 21:15:37,732 - root - INFO - test mrr, 0.3397
2024-03-14 21:15:37,733 - root - INFO - Run 3 cost 404.57 seconds.
