2024-03-14 18:35:36,805 - root - INFO - ********** Run 4 starts. **********
2024-03-14 18:35:36,805 - root - INFO - configuration is Namespace(dataset_name='tgbl-synthetic', batch_size=200, model_name='GraphMixer', gpu=0, num_neighbors=8, sample_neighbor_strategy='recent', time_scaling_factor=1e-06, num_walk_heads=8, num_heads=2, num_layers=2, walk_length=1, time_gap=8, time_feat_dim=100, position_feat_dim=172, output_dim=172, edge_bank_memory_mode='unlimited_memory', time_window_mode='fixed_proportion', patch_size=1, channel_embedding_dim=50, max_input_sequence_length=4, learning_rate=0.0001, dropout=0.1, num_epochs=20, optimizer='Adam', weight_decay=0.0, patience=20, num_runs=5, test_interval_epochs=10, load_best_configs=False, device='cpu', seed=3, save_model_name='GraphMixer_seed3')
2024-03-14 18:35:36,808 - root - INFO - model -> Sequential(
  (0): GraphMixer(
    (time_encoder): TimeEncoder(
      (w): Linear(in_features=1, out_features=100, bias=True)
    )
    (projection_layer): Linear(in_features=101, out_features=172, bias=True)
    (mlp_mixers): ModuleList(
      (0-1): 2 x MLPMixer(
        (token_norm): LayerNorm((8,), eps=1e-05, elementwise_affine=True)
        (token_feedforward): FeedForwardNet(
          (ffn): Sequential(
            (0): Linear(in_features=8, out_features=4, bias=True)
            (1): GELU(approximate='none')
            (2): Dropout(p=0.1, inplace=False)
            (3): Linear(in_features=4, out_features=8, bias=True)
            (4): Dropout(p=0.1, inplace=False)
          )
        )
        (channel_norm): LayerNorm((172,), eps=1e-05, elementwise_affine=True)
        (channel_feedforward): FeedForwardNet(
          (ffn): Sequential(
            (0): Linear(in_features=172, out_features=688, bias=True)
            (1): GELU(approximate='none')
            (2): Dropout(p=0.1, inplace=False)
            (3): Linear(in_features=688, out_features=172, bias=True)
            (4): Dropout(p=0.1, inplace=False)
          )
        )
      )
    )
    (output_layer): Linear(in_features=173, out_features=172, bias=True)
  )
  (1): MergeLayer(
    (fc1): Linear(in_features=344, out_features=172, bias=True)
    (fc2): Linear(in_features=172, out_features=1, bias=True)
    (act): ReLU()
  )
)
2024-03-14 18:35:36,808 - root - INFO - model name: GraphMixer, #parameters: 2331684 B, 2277.03515625 KB, 2.2236671447753906 MB.
2024-03-14 18:35:40,467 - root - INFO - Epoch: 1, learning rate: 0.0001, train loss: 0.6934
2024-03-14 18:35:40,467 - root - INFO - train average_precision, 0.5090
2024-03-14 18:35:40,467 - root - INFO - train roc_auc, 0.5041
2024-03-14 18:35:40,467 - root - INFO - validate mrr, 0.2220
2024-03-14 18:35:40,467 - root - INFO - save model ./saved_models/GraphMixer/tgbl-synthetic/GraphMixer_seed3/GraphMixer_seed3.pkl
2024-03-14 18:35:44,126 - root - INFO - Epoch: 2, learning rate: 0.0001, train loss: 0.6931
2024-03-14 18:35:44,126 - root - INFO - train average_precision, 0.5131
2024-03-14 18:35:44,126 - root - INFO - train roc_auc, 0.5082
2024-03-14 18:35:44,126 - root - INFO - validate mrr, 0.2126
2024-03-14 18:35:47,705 - root - INFO - Epoch: 3, learning rate: 0.0001, train loss: 0.6932
2024-03-14 18:35:47,705 - root - INFO - train average_precision, 0.5017
2024-03-14 18:35:47,705 - root - INFO - train roc_auc, 0.5012
2024-03-14 18:35:47,705 - root - INFO - validate mrr, 0.2222
2024-03-14 18:35:47,705 - root - INFO - save model ./saved_models/GraphMixer/tgbl-synthetic/GraphMixer_seed3/GraphMixer_seed3.pkl
2024-03-14 18:35:51,143 - root - INFO - Epoch: 4, learning rate: 0.0001, train loss: 0.6934
2024-03-14 18:35:51,143 - root - INFO - train average_precision, 0.4963
2024-03-14 18:35:51,143 - root - INFO - train roc_auc, 0.4863
2024-03-14 18:35:51,143 - root - INFO - validate mrr, 0.2222
2024-03-14 18:35:51,143 - root - INFO - save model ./saved_models/GraphMixer/tgbl-synthetic/GraphMixer_seed3/GraphMixer_seed3.pkl
2024-03-14 18:35:54,711 - root - INFO - Epoch: 5, learning rate: 0.0001, train loss: 0.6931
2024-03-14 18:35:54,711 - root - INFO - train average_precision, 0.5123
2024-03-14 18:35:54,711 - root - INFO - train roc_auc, 0.5016
2024-03-14 18:35:54,711 - root - INFO - validate mrr, 0.2254
2024-03-14 18:35:54,711 - root - INFO - save model ./saved_models/GraphMixer/tgbl-synthetic/GraphMixer_seed3/GraphMixer_seed3.pkl
2024-03-14 18:35:58,311 - root - INFO - Epoch: 6, learning rate: 0.0001, train loss: 0.6931
2024-03-14 18:35:58,311 - root - INFO - train average_precision, 0.5106
2024-03-14 18:35:58,311 - root - INFO - train roc_auc, 0.5067
2024-03-14 18:35:58,311 - root - INFO - validate mrr, 0.2222
2024-03-14 18:36:01,809 - root - INFO - Epoch: 7, learning rate: 0.0001, train loss: 0.6933
2024-03-14 18:36:01,809 - root - INFO - train average_precision, 0.5097
2024-03-14 18:36:01,809 - root - INFO - train roc_auc, 0.4984
2024-03-14 18:36:01,809 - root - INFO - validate mrr, 0.2222
2024-03-14 18:36:05,280 - root - INFO - Epoch: 8, learning rate: 0.0001, train loss: 0.6932
2024-03-14 18:36:05,280 - root - INFO - train average_precision, 0.5092
2024-03-14 18:36:05,280 - root - INFO - train roc_auc, 0.5000
2024-03-14 18:36:05,280 - root - INFO - validate mrr, 0.2222
2024-03-14 18:36:08,788 - root - INFO - Epoch: 9, learning rate: 0.0001, train loss: 0.6932
2024-03-14 18:36:08,788 - root - INFO - train average_precision, 0.5061
2024-03-14 18:36:08,788 - root - INFO - train roc_auc, 0.5001
2024-03-14 18:36:08,788 - root - INFO - validate mrr, 0.2222
2024-03-14 18:36:12,380 - root - INFO - Epoch: 10, learning rate: 0.0001, train loss: 0.6930
2024-03-14 18:36:12,380 - root - INFO - train average_precision, 0.5138
2024-03-14 18:36:12,380 - root - INFO - train roc_auc, 0.5108
2024-03-14 18:36:12,380 - root - INFO - validate mrr, 0.2222
2024-03-14 18:36:12,962 - root - INFO - test mrr, 0.2222
2024-03-14 18:36:16,606 - root - INFO - Epoch: 11, learning rate: 0.0001, train loss: 0.6934
2024-03-14 18:36:16,606 - root - INFO - train average_precision, 0.5012
2024-03-14 18:36:16,606 - root - INFO - train roc_auc, 0.4953
2024-03-14 18:36:16,606 - root - INFO - validate mrr, 0.2222
2024-03-14 18:36:20,467 - root - INFO - Epoch: 12, learning rate: 0.0001, train loss: 0.6933
2024-03-14 18:36:20,467 - root - INFO - train average_precision, 0.5043
2024-03-14 18:36:20,467 - root - INFO - train roc_auc, 0.4969
2024-03-14 18:36:20,467 - root - INFO - validate mrr, 0.2222
2024-03-14 18:36:24,092 - root - INFO - Epoch: 13, learning rate: 0.0001, train loss: 0.6934
2024-03-14 18:36:24,092 - root - INFO - train average_precision, 0.5025
2024-03-14 18:36:24,092 - root - INFO - train roc_auc, 0.4923
2024-03-14 18:36:24,092 - root - INFO - validate mrr, 0.2228
2024-03-14 18:36:27,643 - root - INFO - Epoch: 14, learning rate: 0.0001, train loss: 0.6933
2024-03-14 18:36:27,643 - root - INFO - train average_precision, 0.5048
2024-03-14 18:36:27,643 - root - INFO - train roc_auc, 0.4981
2024-03-14 18:36:27,643 - root - INFO - validate mrr, 0.3249
2024-03-14 18:36:27,643 - root - INFO - save model ./saved_models/GraphMixer/tgbl-synthetic/GraphMixer_seed3/GraphMixer_seed3.pkl
2024-03-14 18:36:31,275 - root - INFO - Epoch: 15, learning rate: 0.0001, train loss: 0.6932
2024-03-14 18:36:31,276 - root - INFO - train average_precision, 0.5050
2024-03-14 18:36:31,276 - root - INFO - train roc_auc, 0.5007
2024-03-14 18:36:31,276 - root - INFO - validate mrr, 0.2232
2024-03-14 18:36:35,005 - root - INFO - Epoch: 16, learning rate: 0.0001, train loss: 0.6933
2024-03-14 18:36:35,005 - root - INFO - train average_precision, 0.5075
2024-03-14 18:36:35,005 - root - INFO - train roc_auc, 0.4970
2024-03-14 18:36:35,006 - root - INFO - validate mrr, 0.2238
2024-03-14 18:36:38,616 - root - INFO - Epoch: 17, learning rate: 0.0001, train loss: 0.6932
2024-03-14 18:36:38,616 - root - INFO - train average_precision, 0.5067
2024-03-14 18:36:38,616 - root - INFO - train roc_auc, 0.5010
2024-03-14 18:36:38,616 - root - INFO - validate mrr, 0.2222
2024-03-14 18:36:42,265 - root - INFO - Epoch: 18, learning rate: 0.0001, train loss: 0.6932
2024-03-14 18:36:42,265 - root - INFO - train average_precision, 0.5062
2024-03-14 18:36:42,265 - root - INFO - train roc_auc, 0.5019
2024-03-14 18:36:42,265 - root - INFO - validate mrr, 0.2221
2024-03-14 18:36:45,939 - root - INFO - Epoch: 19, learning rate: 0.0001, train loss: 0.6935
2024-03-14 18:36:45,939 - root - INFO - train average_precision, 0.4968
2024-03-14 18:36:45,939 - root - INFO - train roc_auc, 0.4911
2024-03-14 18:36:45,939 - root - INFO - validate mrr, 0.2222
2024-03-14 18:36:49,569 - root - INFO - Epoch: 20, learning rate: 0.0001, train loss: 0.6932
2024-03-14 18:36:49,569 - root - INFO - train average_precision, 0.5054
2024-03-14 18:36:49,570 - root - INFO - train roc_auc, 0.4993
2024-03-14 18:36:49,570 - root - INFO - validate mrr, 0.2232
2024-03-14 18:36:50,130 - root - INFO - test mrr, 0.2232
2024-03-14 18:36:50,130 - root - INFO - load model ./saved_models/GraphMixer/tgbl-synthetic/GraphMixer_seed3/GraphMixer_seed3.pkl
2024-03-14 18:36:50,140 - root - INFO - get final performance on dataset tgbl-synthetic...
2024-03-14 18:36:51,373 - root - INFO - validate mrr, 0.3249
2024-03-14 18:36:51,373 - root - INFO - test mrr, 0.3249
2024-03-14 18:36:51,373 - root - INFO - Run 4 cost 74.57 seconds.
