2024-03-14 20:43:37,523 - root - INFO - ********** Run 2 starts. **********
2024-03-14 20:43:37,523 - root - INFO - configuration is Namespace(dataset_name='tgbl-synthetic', batch_size=200, model_name='JODIE', gpu=0, num_neighbors=32, sample_neighbor_strategy='recent', time_scaling_factor=1e-06, num_walk_heads=8, num_heads=2, num_layers=2, walk_length=1, time_gap=32, time_feat_dim=100, position_feat_dim=172, output_dim=172, edge_bank_memory_mode='unlimited_memory', time_window_mode='fixed_proportion', patch_size=1, channel_embedding_dim=50, max_input_sequence_length=32, learning_rate=0.0001, dropout=0.1, num_epochs=20, optimizer='Adam', weight_decay=0.0, patience=20, num_runs=5, test_interval_epochs=10, load_best_configs=False, device='cpu', seed=1, save_model_name='JODIE_seed1')
2024-03-14 20:43:37,527 - root - INFO - model -> Sequential(
  (0): MemoryModel(
    (time_encoder): TimeEncoder(
      (w): Linear(in_features=1, out_features=100, bias=True)
    )
    (message_aggregator): MessageAggregator()
    (memory_bank): MemoryBank(num_nodes=10, memory_dim=172)
    (memory_updater): RNNMemoryUpdater(
      (memory_bank): MemoryBank(num_nodes=10, memory_dim=172)
      (memory_updater): RNNCell(445, 172)
    )
    (embedding_module): TimeProjectionEmbedding(
      (dropout): Dropout(p=0.1, inplace=False)
      (linear_layer): Linear(in_features=1, out_features=172, bias=True)
    )
  )
  (1): MergeLayer(
    (fc1): Linear(in_features=344, out_features=172, bias=True)
    (fc2): Linear(in_features=172, out_features=1, bias=True)
    (act): ReLU()
  )
)
2024-03-14 20:43:37,527 - root - INFO - model name: JODIE, #parameters: 666100 B, 650.48828125 KB, 0.6352424621582031 MB.
2024-03-14 20:43:37,766 - root - INFO - Epoch: 1, learning rate: 0.0001, train loss: 0.6948
2024-03-14 20:43:37,767 - root - INFO - train average_precision, 0.5088
2024-03-14 20:43:37,767 - root - INFO - train roc_auc, 0.5048
2024-03-14 20:43:37,767 - root - INFO - validate mrr, 0.3350
2024-03-14 20:43:37,767 - root - INFO - save model ./saved_models/JODIE/tgbl-synthetic/JODIE_seed1/JODIE_seed1.pkl
2024-03-14 20:43:38,012 - root - INFO - Epoch: 2, learning rate: 0.0001, train loss: 0.6946
2024-03-14 20:43:38,012 - root - INFO - train average_precision, 0.5047
2024-03-14 20:43:38,012 - root - INFO - train roc_auc, 0.5040
2024-03-14 20:43:38,012 - root - INFO - validate mrr, 0.3418
2024-03-14 20:43:38,012 - root - INFO - save model ./saved_models/JODIE/tgbl-synthetic/JODIE_seed1/JODIE_seed1.pkl
2024-03-14 20:43:38,252 - root - INFO - Epoch: 3, learning rate: 0.0001, train loss: 0.6948
2024-03-14 20:43:38,252 - root - INFO - train average_precision, 0.4958
2024-03-14 20:43:38,252 - root - INFO - train roc_auc, 0.4863
2024-03-14 20:43:38,253 - root - INFO - validate mrr, 0.3431
2024-03-14 20:43:38,253 - root - INFO - save model ./saved_models/JODIE/tgbl-synthetic/JODIE_seed1/JODIE_seed1.pkl
2024-03-14 20:43:38,513 - root - INFO - Epoch: 4, learning rate: 0.0001, train loss: 0.6938
2024-03-14 20:43:38,513 - root - INFO - train average_precision, 0.5047
2024-03-14 20:43:38,513 - root - INFO - train roc_auc, 0.5016
2024-03-14 20:43:38,513 - root - INFO - validate mrr, 0.3410
2024-03-14 20:43:38,815 - root - INFO - Epoch: 5, learning rate: 0.0001, train loss: 0.6937
2024-03-14 20:43:38,815 - root - INFO - train average_precision, 0.5076
2024-03-14 20:43:38,815 - root - INFO - train roc_auc, 0.5050
2024-03-14 20:43:38,816 - root - INFO - validate mrr, 0.3433
2024-03-14 20:43:38,816 - root - INFO - save model ./saved_models/JODIE/tgbl-synthetic/JODIE_seed1/JODIE_seed1.pkl
2024-03-14 20:43:39,059 - root - INFO - Epoch: 6, learning rate: 0.0001, train loss: 0.6938
2024-03-14 20:43:39,059 - root - INFO - train average_precision, 0.5100
2024-03-14 20:43:39,059 - root - INFO - train roc_auc, 0.5047
2024-03-14 20:43:39,060 - root - INFO - validate mrr, 0.3473
2024-03-14 20:43:39,060 - root - INFO - save model ./saved_models/JODIE/tgbl-synthetic/JODIE_seed1/JODIE_seed1.pkl
2024-03-14 20:43:39,310 - root - INFO - Epoch: 7, learning rate: 0.0001, train loss: 0.6930
2024-03-14 20:43:39,310 - root - INFO - train average_precision, 0.5235
2024-03-14 20:43:39,310 - root - INFO - train roc_auc, 0.5136
2024-03-14 20:43:39,311 - root - INFO - validate mrr, 0.3365
2024-03-14 20:43:39,556 - root - INFO - Epoch: 8, learning rate: 0.0001, train loss: 0.6944
2024-03-14 20:43:39,557 - root - INFO - train average_precision, 0.4992
2024-03-14 20:43:39,557 - root - INFO - train roc_auc, 0.4901
2024-03-14 20:43:39,557 - root - INFO - validate mrr, 0.3525
2024-03-14 20:43:39,557 - root - INFO - save model ./saved_models/JODIE/tgbl-synthetic/JODIE_seed1/JODIE_seed1.pkl
2024-03-14 20:43:39,810 - root - INFO - Epoch: 9, learning rate: 0.0001, train loss: 0.6935
2024-03-14 20:43:39,810 - root - INFO - train average_precision, 0.5057
2024-03-14 20:43:39,810 - root - INFO - train roc_auc, 0.5048
2024-03-14 20:43:39,810 - root - INFO - validate mrr, 0.3592
2024-03-14 20:43:39,810 - root - INFO - save model ./saved_models/JODIE/tgbl-synthetic/JODIE_seed1/JODIE_seed1.pkl
2024-03-14 20:43:40,053 - root - INFO - Epoch: 10, learning rate: 0.0001, train loss: 0.6932
2024-03-14 20:43:40,053 - root - INFO - train average_precision, 0.5153
2024-03-14 20:43:40,053 - root - INFO - train roc_auc, 0.5072
2024-03-14 20:43:40,053 - root - INFO - validate mrr, 0.3508
2024-03-14 20:43:40,124 - root - INFO - test mrr, 0.3637
2024-03-14 20:43:40,368 - root - INFO - Epoch: 11, learning rate: 0.0001, train loss: 0.6934
2024-03-14 20:43:40,368 - root - INFO - train average_precision, 0.5139
2024-03-14 20:43:40,368 - root - INFO - train roc_auc, 0.5075
2024-03-14 20:43:40,368 - root - INFO - validate mrr, 0.3408
2024-03-14 20:43:40,664 - root - INFO - Epoch: 12, learning rate: 0.0001, train loss: 0.6934
2024-03-14 20:43:40,664 - root - INFO - train average_precision, 0.5077
2024-03-14 20:43:40,664 - root - INFO - train roc_auc, 0.5074
2024-03-14 20:43:40,664 - root - INFO - validate mrr, 0.3520
2024-03-14 20:43:40,906 - root - INFO - Epoch: 13, learning rate: 0.0001, train loss: 0.6936
2024-03-14 20:43:40,907 - root - INFO - train average_precision, 0.5117
2024-03-14 20:43:40,907 - root - INFO - train roc_auc, 0.5070
2024-03-14 20:43:40,907 - root - INFO - validate mrr, 0.3524
2024-03-14 20:43:41,138 - root - INFO - Epoch: 14, learning rate: 0.0001, train loss: 0.6937
2024-03-14 20:43:41,138 - root - INFO - train average_precision, 0.5086
2024-03-14 20:43:41,138 - root - INFO - train roc_auc, 0.5006
2024-03-14 20:43:41,138 - root - INFO - validate mrr, 0.3602
2024-03-14 20:43:41,139 - root - INFO - save model ./saved_models/JODIE/tgbl-synthetic/JODIE_seed1/JODIE_seed1.pkl
2024-03-14 20:43:41,388 - root - INFO - Epoch: 15, learning rate: 0.0001, train loss: 0.6933
2024-03-14 20:43:41,388 - root - INFO - train average_precision, 0.5156
2024-03-14 20:43:41,389 - root - INFO - train roc_auc, 0.5080
2024-03-14 20:43:41,389 - root - INFO - validate mrr, 0.3489
2024-03-14 20:43:41,624 - root - INFO - Epoch: 16, learning rate: 0.0001, train loss: 0.6938
2024-03-14 20:43:41,624 - root - INFO - train average_precision, 0.5093
2024-03-14 20:43:41,624 - root - INFO - train roc_auc, 0.5082
2024-03-14 20:43:41,624 - root - INFO - validate mrr, 0.3528
2024-03-14 20:43:41,860 - root - INFO - Epoch: 17, learning rate: 0.0001, train loss: 0.6937
2024-03-14 20:43:41,860 - root - INFO - train average_precision, 0.5152
2024-03-14 20:43:41,860 - root - INFO - train roc_auc, 0.5080
2024-03-14 20:43:41,860 - root - INFO - validate mrr, 0.3449
2024-03-14 20:43:42,099 - root - INFO - Epoch: 18, learning rate: 0.0001, train loss: 0.6954
2024-03-14 20:43:42,099 - root - INFO - train average_precision, 0.5018
2024-03-14 20:43:42,099 - root - INFO - train roc_auc, 0.4966
2024-03-14 20:43:42,099 - root - INFO - validate mrr, 0.3620
2024-03-14 20:43:42,099 - root - INFO - save model ./saved_models/JODIE/tgbl-synthetic/JODIE_seed1/JODIE_seed1.pkl
2024-03-14 20:43:42,346 - root - INFO - Epoch: 19, learning rate: 0.0001, train loss: 0.6939
2024-03-14 20:43:42,346 - root - INFO - train average_precision, 0.5122
2024-03-14 20:43:42,346 - root - INFO - train roc_auc, 0.5052
2024-03-14 20:43:42,346 - root - INFO - validate mrr, 0.3479
2024-03-14 20:43:42,578 - root - INFO - Epoch: 20, learning rate: 0.0001, train loss: 0.6940
2024-03-14 20:43:42,579 - root - INFO - train average_precision, 0.5125
2024-03-14 20:43:42,579 - root - INFO - train roc_auc, 0.5035
2024-03-14 20:43:42,579 - root - INFO - validate mrr, 0.3528
2024-03-14 20:43:42,647 - root - INFO - test mrr, 0.3591
2024-03-14 20:43:42,647 - root - INFO - load model ./saved_models/JODIE/tgbl-synthetic/JODIE_seed1/JODIE_seed1.pkl
2024-03-14 20:43:42,651 - root - INFO - get final performance on dataset tgbl-synthetic...
2024-03-14 20:43:42,719 - root - INFO - test mrr, 0.3496
2024-03-14 20:43:42,719 - root - INFO - Run 2 cost 5.20 seconds.
