2024-03-14 20:42:10,845 - root - INFO - ********** Run 2 starts. **********
2024-03-14 20:42:10,845 - root - INFO - configuration is Namespace(dataset_name='tgbl-synthetic', batch_size=200, model_name='JODIE', gpu=0, num_neighbors=8, sample_neighbor_strategy='recent', time_scaling_factor=1e-06, num_walk_heads=8, num_heads=2, num_layers=2, walk_length=1, time_gap=8, time_feat_dim=100, position_feat_dim=172, output_dim=172, edge_bank_memory_mode='unlimited_memory', time_window_mode='fixed_proportion', patch_size=1, channel_embedding_dim=50, max_input_sequence_length=8, learning_rate=0.0001, dropout=0.1, num_epochs=20, optimizer='Adam', weight_decay=0.0, patience=20, num_runs=5, test_interval_epochs=10, load_best_configs=False, device='cpu', seed=1, save_model_name='JODIE_seed1')
2024-03-14 20:42:10,849 - root - INFO - model -> Sequential(
  (0): MemoryModel(
    (time_encoder): TimeEncoder(
      (w): Linear(in_features=1, out_features=100, bias=True)
    )
    (message_aggregator): MessageAggregator()
    (memory_bank): MemoryBank(num_nodes=10, memory_dim=172)
    (memory_updater): RNNMemoryUpdater(
      (memory_bank): MemoryBank(num_nodes=10, memory_dim=172)
      (memory_updater): RNNCell(445, 172)
    )
    (embedding_module): TimeProjectionEmbedding(
      (dropout): Dropout(p=0.1, inplace=False)
      (linear_layer): Linear(in_features=1, out_features=172, bias=True)
    )
  )
  (1): MergeLayer(
    (fc1): Linear(in_features=344, out_features=172, bias=True)
    (fc2): Linear(in_features=172, out_features=1, bias=True)
    (act): ReLU()
  )
)
2024-03-14 20:42:10,849 - root - INFO - model name: JODIE, #parameters: 666100 B, 650.48828125 KB, 0.6352424621582031 MB.
2024-03-14 20:42:11,093 - root - INFO - Epoch: 1, learning rate: 0.0001, train loss: 0.6948
2024-03-14 20:42:11,094 - root - INFO - train average_precision, 0.5088
2024-03-14 20:42:11,094 - root - INFO - train roc_auc, 0.5048
2024-03-14 20:42:11,094 - root - INFO - validate mrr, 0.3350
2024-03-14 20:42:11,094 - root - INFO - save model ./saved_models/JODIE/tgbl-synthetic/JODIE_seed1/JODIE_seed1.pkl
2024-03-14 20:42:11,369 - root - INFO - Epoch: 2, learning rate: 0.0001, train loss: 0.6946
2024-03-14 20:42:11,369 - root - INFO - train average_precision, 0.5047
2024-03-14 20:42:11,369 - root - INFO - train roc_auc, 0.5040
2024-03-14 20:42:11,369 - root - INFO - validate mrr, 0.3418
2024-03-14 20:42:11,369 - root - INFO - save model ./saved_models/JODIE/tgbl-synthetic/JODIE_seed1/JODIE_seed1.pkl
2024-03-14 20:42:11,610 - root - INFO - Epoch: 3, learning rate: 0.0001, train loss: 0.6948
2024-03-14 20:42:11,610 - root - INFO - train average_precision, 0.4958
2024-03-14 20:42:11,610 - root - INFO - train roc_auc, 0.4863
2024-03-14 20:42:11,610 - root - INFO - validate mrr, 0.3431
2024-03-14 20:42:11,611 - root - INFO - save model ./saved_models/JODIE/tgbl-synthetic/JODIE_seed1/JODIE_seed1.pkl
2024-03-14 20:42:11,851 - root - INFO - Epoch: 4, learning rate: 0.0001, train loss: 0.6938
2024-03-14 20:42:11,851 - root - INFO - train average_precision, 0.5047
2024-03-14 20:42:11,851 - root - INFO - train roc_auc, 0.5016
2024-03-14 20:42:11,851 - root - INFO - validate mrr, 0.3410
2024-03-14 20:42:12,078 - root - INFO - Epoch: 5, learning rate: 0.0001, train loss: 0.6937
2024-03-14 20:42:12,078 - root - INFO - train average_precision, 0.5076
2024-03-14 20:42:12,078 - root - INFO - train roc_auc, 0.5050
2024-03-14 20:42:12,078 - root - INFO - validate mrr, 0.3433
2024-03-14 20:42:12,078 - root - INFO - save model ./saved_models/JODIE/tgbl-synthetic/JODIE_seed1/JODIE_seed1.pkl
2024-03-14 20:42:12,319 - root - INFO - Epoch: 6, learning rate: 0.0001, train loss: 0.6938
2024-03-14 20:42:12,320 - root - INFO - train average_precision, 0.5100
2024-03-14 20:42:12,320 - root - INFO - train roc_auc, 0.5047
2024-03-14 20:42:12,320 - root - INFO - validate mrr, 0.3473
2024-03-14 20:42:12,320 - root - INFO - save model ./saved_models/JODIE/tgbl-synthetic/JODIE_seed1/JODIE_seed1.pkl
2024-03-14 20:42:12,562 - root - INFO - Epoch: 7, learning rate: 0.0001, train loss: 0.6930
2024-03-14 20:42:12,563 - root - INFO - train average_precision, 0.5235
2024-03-14 20:42:12,563 - root - INFO - train roc_auc, 0.5136
2024-03-14 20:42:12,563 - root - INFO - validate mrr, 0.3365
2024-03-14 20:42:12,792 - root - INFO - Epoch: 8, learning rate: 0.0001, train loss: 0.6944
2024-03-14 20:42:12,792 - root - INFO - train average_precision, 0.4992
2024-03-14 20:42:12,792 - root - INFO - train roc_auc, 0.4902
2024-03-14 20:42:12,792 - root - INFO - validate mrr, 0.3541
2024-03-14 20:42:12,792 - root - INFO - save model ./saved_models/JODIE/tgbl-synthetic/JODIE_seed1/JODIE_seed1.pkl
2024-03-14 20:42:13,027 - root - INFO - Epoch: 9, learning rate: 0.0001, train loss: 0.6935
2024-03-14 20:42:13,027 - root - INFO - train average_precision, 0.5055
2024-03-14 20:42:13,028 - root - INFO - train roc_auc, 0.5046
2024-03-14 20:42:13,028 - root - INFO - validate mrr, 0.3546
2024-03-14 20:42:13,028 - root - INFO - save model ./saved_models/JODIE/tgbl-synthetic/JODIE_seed1/JODIE_seed1.pkl
2024-03-14 20:42:13,269 - root - INFO - Epoch: 10, learning rate: 0.0001, train loss: 0.6932
2024-03-14 20:42:13,269 - root - INFO - train average_precision, 0.5152
2024-03-14 20:42:13,269 - root - INFO - train roc_auc, 0.5080
2024-03-14 20:42:13,269 - root - INFO - validate mrr, 0.3568
2024-03-14 20:42:13,336 - root - INFO - test mrr, 0.3605
2024-03-14 20:42:13,336 - root - INFO - save model ./saved_models/JODIE/tgbl-synthetic/JODIE_seed1/JODIE_seed1.pkl
2024-03-14 20:42:13,577 - root - INFO - Epoch: 11, learning rate: 0.0001, train loss: 0.6935
2024-03-14 20:42:13,577 - root - INFO - train average_precision, 0.5132
2024-03-14 20:42:13,577 - root - INFO - train roc_auc, 0.5083
2024-03-14 20:42:13,577 - root - INFO - validate mrr, 0.3467
2024-03-14 20:42:13,809 - root - INFO - Epoch: 12, learning rate: 0.0001, train loss: 0.6936
2024-03-14 20:42:13,809 - root - INFO - train average_precision, 0.5051
2024-03-14 20:42:13,809 - root - INFO - train roc_auc, 0.5066
2024-03-14 20:42:13,809 - root - INFO - validate mrr, 0.3504
2024-03-14 20:42:14,044 - root - INFO - Epoch: 13, learning rate: 0.0001, train loss: 0.6935
2024-03-14 20:42:14,044 - root - INFO - train average_precision, 0.5121
2024-03-14 20:42:14,045 - root - INFO - train roc_auc, 0.5052
2024-03-14 20:42:14,045 - root - INFO - validate mrr, 0.3529
2024-03-14 20:42:14,349 - root - INFO - Epoch: 14, learning rate: 0.0001, train loss: 0.6939
2024-03-14 20:42:14,349 - root - INFO - train average_precision, 0.5084
2024-03-14 20:42:14,349 - root - INFO - train roc_auc, 0.5016
2024-03-14 20:42:14,349 - root - INFO - validate mrr, 0.3484
2024-03-14 20:42:14,588 - root - INFO - Epoch: 15, learning rate: 0.0001, train loss: 0.6937
2024-03-14 20:42:14,588 - root - INFO - train average_precision, 0.5153
2024-03-14 20:42:14,588 - root - INFO - train roc_auc, 0.5104
2024-03-14 20:42:14,588 - root - INFO - validate mrr, 0.3429
2024-03-14 20:42:14,825 - root - INFO - Epoch: 16, learning rate: 0.0001, train loss: 0.6939
2024-03-14 20:42:14,825 - root - INFO - train average_precision, 0.5077
2024-03-14 20:42:14,825 - root - INFO - train roc_auc, 0.5080
2024-03-14 20:42:14,825 - root - INFO - validate mrr, 0.3516
2024-03-14 20:42:15,055 - root - INFO - Epoch: 17, learning rate: 0.0001, train loss: 0.6936
2024-03-14 20:42:15,055 - root - INFO - train average_precision, 0.5141
2024-03-14 20:42:15,055 - root - INFO - train roc_auc, 0.5092
2024-03-14 20:42:15,055 - root - INFO - validate mrr, 0.3479
2024-03-14 20:42:15,287 - root - INFO - Epoch: 18, learning rate: 0.0001, train loss: 0.6945
2024-03-14 20:42:15,287 - root - INFO - train average_precision, 0.5047
2024-03-14 20:42:15,287 - root - INFO - train roc_auc, 0.5012
2024-03-14 20:42:15,287 - root - INFO - validate mrr, 0.3487
2024-03-14 20:42:15,517 - root - INFO - Epoch: 19, learning rate: 0.0001, train loss: 0.6943
2024-03-14 20:42:15,517 - root - INFO - train average_precision, 0.5138
2024-03-14 20:42:15,517 - root - INFO - train roc_auc, 0.5082
2024-03-14 20:42:15,517 - root - INFO - validate mrr, 0.3557
2024-03-14 20:42:15,746 - root - INFO - Epoch: 20, learning rate: 0.0001, train loss: 0.6936
2024-03-14 20:42:15,747 - root - INFO - train average_precision, 0.5126
2024-03-14 20:42:15,747 - root - INFO - train roc_auc, 0.5077
2024-03-14 20:42:15,747 - root - INFO - validate mrr, 0.3551
2024-03-14 20:42:15,814 - root - INFO - test mrr, 0.3533
2024-03-14 20:42:15,814 - root - INFO - load model ./saved_models/JODIE/tgbl-synthetic/JODIE_seed1/JODIE_seed1.pkl
2024-03-14 20:42:15,822 - root - INFO - get final performance on dataset tgbl-synthetic...
2024-03-14 20:42:15,890 - root - INFO - test mrr, 0.3605
2024-03-14 20:42:15,890 - root - INFO - Run 2 cost 5.05 seconds.
