2024-03-14 20:42:26,031 - root - INFO - ********** Run 5 starts. **********
2024-03-14 20:42:26,031 - root - INFO - configuration is Namespace(dataset_name='tgbl-synthetic', batch_size=200, model_name='JODIE', gpu=0, num_neighbors=8, sample_neighbor_strategy='recent', time_scaling_factor=1e-06, num_walk_heads=8, num_heads=2, num_layers=2, walk_length=1, time_gap=8, time_feat_dim=100, position_feat_dim=172, output_dim=172, edge_bank_memory_mode='unlimited_memory', time_window_mode='fixed_proportion', patch_size=1, channel_embedding_dim=50, max_input_sequence_length=8, learning_rate=0.0001, dropout=0.1, num_epochs=20, optimizer='Adam', weight_decay=0.0, patience=20, num_runs=5, test_interval_epochs=10, load_best_configs=False, device='cpu', seed=4, save_model_name='JODIE_seed4')
2024-03-14 20:42:26,035 - root - INFO - model -> Sequential(
  (0): MemoryModel(
    (time_encoder): TimeEncoder(
      (w): Linear(in_features=1, out_features=100, bias=True)
    )
    (message_aggregator): MessageAggregator()
    (memory_bank): MemoryBank(num_nodes=10, memory_dim=172)
    (memory_updater): RNNMemoryUpdater(
      (memory_bank): MemoryBank(num_nodes=10, memory_dim=172)
      (memory_updater): RNNCell(445, 172)
    )
    (embedding_module): TimeProjectionEmbedding(
      (dropout): Dropout(p=0.1, inplace=False)
      (linear_layer): Linear(in_features=1, out_features=172, bias=True)
    )
  )
  (1): MergeLayer(
    (fc1): Linear(in_features=344, out_features=172, bias=True)
    (fc2): Linear(in_features=172, out_features=1, bias=True)
    (act): ReLU()
  )
)
2024-03-14 20:42:26,035 - root - INFO - model name: JODIE, #parameters: 666100 B, 650.48828125 KB, 0.6352424621582031 MB.
2024-03-14 20:42:26,266 - root - INFO - Epoch: 1, learning rate: 0.0001, train loss: 0.6953
2024-03-14 20:42:26,266 - root - INFO - train average_precision, 0.5096
2024-03-14 20:42:26,266 - root - INFO - train roc_auc, 0.5061
2024-03-14 20:42:26,266 - root - INFO - validate mrr, 0.3445
2024-03-14 20:42:26,266 - root - INFO - save model ./saved_models/JODIE/tgbl-synthetic/JODIE_seed4/JODIE_seed4.pkl
2024-03-14 20:42:26,506 - root - INFO - Epoch: 2, learning rate: 0.0001, train loss: 0.6951
2024-03-14 20:42:26,506 - root - INFO - train average_precision, 0.5051
2024-03-14 20:42:26,506 - root - INFO - train roc_auc, 0.4989
2024-03-14 20:42:26,506 - root - INFO - validate mrr, 0.3556
2024-03-14 20:42:26,506 - root - INFO - save model ./saved_models/JODIE/tgbl-synthetic/JODIE_seed4/JODIE_seed4.pkl
2024-03-14 20:42:26,752 - root - INFO - Epoch: 3, learning rate: 0.0001, train loss: 0.6940
2024-03-14 20:42:26,752 - root - INFO - train average_precision, 0.5136
2024-03-14 20:42:26,752 - root - INFO - train roc_auc, 0.5062
2024-03-14 20:42:26,752 - root - INFO - validate mrr, 0.3543
2024-03-14 20:42:27,064 - root - INFO - Epoch: 4, learning rate: 0.0001, train loss: 0.6946
2024-03-14 20:42:27,064 - root - INFO - train average_precision, 0.5124
2024-03-14 20:42:27,064 - root - INFO - train roc_auc, 0.5073
2024-03-14 20:42:27,066 - root - INFO - validate mrr, 0.3493
2024-03-14 20:42:27,313 - root - INFO - Epoch: 5, learning rate: 0.0001, train loss: 0.6962
2024-03-14 20:42:27,313 - root - INFO - train average_precision, 0.5084
2024-03-14 20:42:27,313 - root - INFO - train roc_auc, 0.4997
2024-03-14 20:42:27,313 - root - INFO - validate mrr, 0.3523
2024-03-14 20:42:27,547 - root - INFO - Epoch: 6, learning rate: 0.0001, train loss: 0.6983
2024-03-14 20:42:27,547 - root - INFO - train average_precision, 0.5078
2024-03-14 20:42:27,547 - root - INFO - train roc_auc, 0.5010
2024-03-14 20:42:27,547 - root - INFO - validate mrr, 0.3486
2024-03-14 20:42:27,779 - root - INFO - Epoch: 7, learning rate: 0.0001, train loss: 0.6966
2024-03-14 20:42:27,779 - root - INFO - train average_precision, 0.5091
2024-03-14 20:42:27,779 - root - INFO - train roc_auc, 0.5031
2024-03-14 20:42:27,779 - root - INFO - validate mrr, 0.3457
2024-03-14 20:42:28,009 - root - INFO - Epoch: 8, learning rate: 0.0001, train loss: 0.6965
2024-03-14 20:42:28,010 - root - INFO - train average_precision, 0.5037
2024-03-14 20:42:28,010 - root - INFO - train roc_auc, 0.4916
2024-03-14 20:42:28,010 - root - INFO - validate mrr, 0.3506
2024-03-14 20:42:28,249 - root - INFO - Epoch: 9, learning rate: 0.0001, train loss: 0.6956
2024-03-14 20:42:28,249 - root - INFO - train average_precision, 0.5077
2024-03-14 20:42:28,249 - root - INFO - train roc_auc, 0.5015
2024-03-14 20:42:28,249 - root - INFO - validate mrr, 0.3482
2024-03-14 20:42:28,482 - root - INFO - Epoch: 10, learning rate: 0.0001, train loss: 0.6945
2024-03-14 20:42:28,482 - root - INFO - train average_precision, 0.5053
2024-03-14 20:42:28,482 - root - INFO - train roc_auc, 0.4953
2024-03-14 20:42:28,482 - root - INFO - validate mrr, 0.3509
2024-03-14 20:42:28,551 - root - INFO - test mrr, 0.3454
2024-03-14 20:42:28,790 - root - INFO - Epoch: 11, learning rate: 0.0001, train loss: 0.6938
2024-03-14 20:42:28,790 - root - INFO - train average_precision, 0.5098
2024-03-14 20:42:28,790 - root - INFO - train roc_auc, 0.5052
2024-03-14 20:42:28,790 - root - INFO - validate mrr, 0.3524
2024-03-14 20:42:29,023 - root - INFO - Epoch: 12, learning rate: 0.0001, train loss: 0.6936
2024-03-14 20:42:29,023 - root - INFO - train average_precision, 0.5074
2024-03-14 20:42:29,023 - root - INFO - train roc_auc, 0.4994
2024-03-14 20:42:29,023 - root - INFO - validate mrr, 0.3528
2024-03-14 20:42:29,253 - root - INFO - Epoch: 13, learning rate: 0.0001, train loss: 0.6938
2024-03-14 20:42:29,253 - root - INFO - train average_precision, 0.5121
2024-03-14 20:42:29,253 - root - INFO - train roc_auc, 0.5082
2024-03-14 20:42:29,254 - root - INFO - validate mrr, 0.3492
2024-03-14 20:42:29,506 - root - INFO - Epoch: 14, learning rate: 0.0001, train loss: 0.6935
2024-03-14 20:42:29,506 - root - INFO - train average_precision, 0.5120
2024-03-14 20:42:29,506 - root - INFO - train roc_auc, 0.5082
2024-03-14 20:42:29,506 - root - INFO - validate mrr, 0.3519
2024-03-14 20:42:29,770 - root - INFO - Epoch: 15, learning rate: 0.0001, train loss: 0.6930
2024-03-14 20:42:29,770 - root - INFO - train average_precision, 0.5171
2024-03-14 20:42:29,770 - root - INFO - train roc_auc, 0.5141
2024-03-14 20:42:29,770 - root - INFO - validate mrr, 0.3568
2024-03-14 20:42:29,771 - root - INFO - save model ./saved_models/JODIE/tgbl-synthetic/JODIE_seed4/JODIE_seed4.pkl
2024-03-14 20:42:30,011 - root - INFO - Epoch: 16, learning rate: 0.0001, train loss: 0.6932
2024-03-14 20:42:30,011 - root - INFO - train average_precision, 0.5137
2024-03-14 20:42:30,011 - root - INFO - train roc_auc, 0.5083
2024-03-14 20:42:30,011 - root - INFO - validate mrr, 0.3557
2024-03-14 20:42:30,240 - root - INFO - Epoch: 17, learning rate: 0.0001, train loss: 0.6927
2024-03-14 20:42:30,240 - root - INFO - train average_precision, 0.5173
2024-03-14 20:42:30,240 - root - INFO - train roc_auc, 0.5188
2024-03-14 20:42:30,240 - root - INFO - validate mrr, 0.3580
2024-03-14 20:42:30,241 - root - INFO - save model ./saved_models/JODIE/tgbl-synthetic/JODIE_seed4/JODIE_seed4.pkl
2024-03-14 20:42:30,478 - root - INFO - Epoch: 18, learning rate: 0.0001, train loss: 0.6935
2024-03-14 20:42:30,478 - root - INFO - train average_precision, 0.5065
2024-03-14 20:42:30,478 - root - INFO - train roc_auc, 0.5054
2024-03-14 20:42:30,478 - root - INFO - validate mrr, 0.3712
2024-03-14 20:42:30,478 - root - INFO - save model ./saved_models/JODIE/tgbl-synthetic/JODIE_seed4/JODIE_seed4.pkl
2024-03-14 20:42:30,719 - root - INFO - Epoch: 19, learning rate: 0.0001, train loss: 0.6933
2024-03-14 20:42:30,719 - root - INFO - train average_precision, 0.5142
2024-03-14 20:42:30,719 - root - INFO - train roc_auc, 0.5121
2024-03-14 20:42:30,719 - root - INFO - validate mrr, 0.3505
2024-03-14 20:42:30,952 - root - INFO - Epoch: 20, learning rate: 0.0001, train loss: 0.6934
2024-03-14 20:42:30,952 - root - INFO - train average_precision, 0.5110
2024-03-14 20:42:30,952 - root - INFO - train roc_auc, 0.5045
2024-03-14 20:42:30,952 - root - INFO - validate mrr, 0.3633
2024-03-14 20:42:31,019 - root - INFO - test mrr, 0.3674
2024-03-14 20:42:31,019 - root - INFO - load model ./saved_models/JODIE/tgbl-synthetic/JODIE_seed4/JODIE_seed4.pkl
2024-03-14 20:42:31,024 - root - INFO - get final performance on dataset tgbl-synthetic...
2024-03-14 20:42:31,092 - root - INFO - test mrr, 0.3620
2024-03-14 20:42:31,092 - root - INFO - Run 5 cost 5.06 seconds.
2024-03-14 20:42:31,092 - root - INFO - metrics over 5 runs:
2024-03-14 20:42:31,092 - root - INFO - test mrr, [0.35262585, 0.36045387, 0.35218564, 0.35791016, 0.36200085]
2024-03-14 20:42:31,092 - root - INFO - average test mrr, 0.3570 ± 0.0045
