2024-03-14 20:43:24,108 - root - INFO - ********** Run 5 starts. **********
2024-03-14 20:43:24,108 - root - INFO - configuration is Namespace(dataset_name='tgbl-synthetic', batch_size=200, model_name='JODIE', gpu=0, num_neighbors=24, sample_neighbor_strategy='recent', time_scaling_factor=1e-06, num_walk_heads=8, num_heads=2, num_layers=2, walk_length=1, time_gap=24, time_feat_dim=100, position_feat_dim=172, output_dim=172, edge_bank_memory_mode='unlimited_memory', time_window_mode='fixed_proportion', patch_size=1, channel_embedding_dim=50, max_input_sequence_length=24, learning_rate=0.0001, dropout=0.1, num_epochs=20, optimizer='Adam', weight_decay=0.0, patience=20, num_runs=5, test_interval_epochs=10, load_best_configs=False, device='cpu', seed=4, save_model_name='JODIE_seed4')
2024-03-14 20:43:24,112 - root - INFO - model -> Sequential(
  (0): MemoryModel(
    (time_encoder): TimeEncoder(
      (w): Linear(in_features=1, out_features=100, bias=True)
    )
    (message_aggregator): MessageAggregator()
    (memory_bank): MemoryBank(num_nodes=10, memory_dim=172)
    (memory_updater): RNNMemoryUpdater(
      (memory_bank): MemoryBank(num_nodes=10, memory_dim=172)
      (memory_updater): RNNCell(445, 172)
    )
    (embedding_module): TimeProjectionEmbedding(
      (dropout): Dropout(p=0.1, inplace=False)
      (linear_layer): Linear(in_features=1, out_features=172, bias=True)
    )
  )
  (1): MergeLayer(
    (fc1): Linear(in_features=344, out_features=172, bias=True)
    (fc2): Linear(in_features=172, out_features=1, bias=True)
    (act): ReLU()
  )
)
2024-03-14 20:43:24,112 - root - INFO - model name: JODIE, #parameters: 666100 B, 650.48828125 KB, 0.6352424621582031 MB.
2024-03-14 20:43:24,350 - root - INFO - Epoch: 1, learning rate: 0.0001, train loss: 0.6953
2024-03-14 20:43:24,350 - root - INFO - train average_precision, 0.5096
2024-03-14 20:43:24,350 - root - INFO - train roc_auc, 0.5061
2024-03-14 20:43:24,350 - root - INFO - validate mrr, 0.3445
2024-03-14 20:43:24,350 - root - INFO - save model ./saved_models/JODIE/tgbl-synthetic/JODIE_seed4/JODIE_seed4.pkl
2024-03-14 20:43:24,593 - root - INFO - Epoch: 2, learning rate: 0.0001, train loss: 0.6951
2024-03-14 20:43:24,593 - root - INFO - train average_precision, 0.5051
2024-03-14 20:43:24,593 - root - INFO - train roc_auc, 0.4989
2024-03-14 20:43:24,593 - root - INFO - validate mrr, 0.3556
2024-03-14 20:43:24,593 - root - INFO - save model ./saved_models/JODIE/tgbl-synthetic/JODIE_seed4/JODIE_seed4.pkl
2024-03-14 20:43:24,840 - root - INFO - Epoch: 3, learning rate: 0.0001, train loss: 0.6940
2024-03-14 20:43:24,840 - root - INFO - train average_precision, 0.5136
2024-03-14 20:43:24,840 - root - INFO - train roc_auc, 0.5062
2024-03-14 20:43:24,840 - root - INFO - validate mrr, 0.3543
2024-03-14 20:43:25,071 - root - INFO - Epoch: 4, learning rate: 0.0001, train loss: 0.6946
2024-03-14 20:43:25,071 - root - INFO - train average_precision, 0.5124
2024-03-14 20:43:25,071 - root - INFO - train roc_auc, 0.5073
2024-03-14 20:43:25,071 - root - INFO - validate mrr, 0.3493
2024-03-14 20:43:25,305 - root - INFO - Epoch: 5, learning rate: 0.0001, train loss: 0.6962
2024-03-14 20:43:25,305 - root - INFO - train average_precision, 0.5084
2024-03-14 20:43:25,305 - root - INFO - train roc_auc, 0.4997
2024-03-14 20:43:25,305 - root - INFO - validate mrr, 0.3523
2024-03-14 20:43:25,616 - root - INFO - Epoch: 6, learning rate: 0.0001, train loss: 0.6983
2024-03-14 20:43:25,616 - root - INFO - train average_precision, 0.5078
2024-03-14 20:43:25,616 - root - INFO - train roc_auc, 0.5010
2024-03-14 20:43:25,616 - root - INFO - validate mrr, 0.3486
2024-03-14 20:43:25,854 - root - INFO - Epoch: 7, learning rate: 0.0001, train loss: 0.6966
2024-03-14 20:43:25,854 - root - INFO - train average_precision, 0.5091
2024-03-14 20:43:25,854 - root - INFO - train roc_auc, 0.5031
2024-03-14 20:43:25,855 - root - INFO - validate mrr, 0.3457
2024-03-14 20:43:26,088 - root - INFO - Epoch: 8, learning rate: 0.0001, train loss: 0.6965
2024-03-14 20:43:26,088 - root - INFO - train average_precision, 0.5037
2024-03-14 20:43:26,088 - root - INFO - train roc_auc, 0.4916
2024-03-14 20:43:26,088 - root - INFO - validate mrr, 0.3505
2024-03-14 20:43:26,321 - root - INFO - Epoch: 9, learning rate: 0.0001, train loss: 0.6956
2024-03-14 20:43:26,321 - root - INFO - train average_precision, 0.5078
2024-03-14 20:43:26,321 - root - INFO - train roc_auc, 0.5015
2024-03-14 20:43:26,321 - root - INFO - validate mrr, 0.3475
2024-03-14 20:43:26,553 - root - INFO - Epoch: 10, learning rate: 0.0001, train loss: 0.6945
2024-03-14 20:43:26,553 - root - INFO - train average_precision, 0.5057
2024-03-14 20:43:26,553 - root - INFO - train roc_auc, 0.4958
2024-03-14 20:43:26,554 - root - INFO - validate mrr, 0.3509
2024-03-14 20:43:26,622 - root - INFO - test mrr, 0.3496
2024-03-14 20:43:26,858 - root - INFO - Epoch: 11, learning rate: 0.0001, train loss: 0.6938
2024-03-14 20:43:26,858 - root - INFO - train average_precision, 0.5110
2024-03-14 20:43:26,858 - root - INFO - train roc_auc, 0.5058
2024-03-14 20:43:26,858 - root - INFO - validate mrr, 0.3521
2024-03-14 20:43:27,095 - root - INFO - Epoch: 12, learning rate: 0.0001, train loss: 0.6937
2024-03-14 20:43:27,095 - root - INFO - train average_precision, 0.5053
2024-03-14 20:43:27,095 - root - INFO - train roc_auc, 0.4983
2024-03-14 20:43:27,095 - root - INFO - validate mrr, 0.3421
2024-03-14 20:43:27,410 - root - INFO - Epoch: 13, learning rate: 0.0001, train loss: 0.6937
2024-03-14 20:43:27,411 - root - INFO - train average_precision, 0.5139
2024-03-14 20:43:27,411 - root - INFO - train roc_auc, 0.5082
2024-03-14 20:43:27,411 - root - INFO - validate mrr, 0.3511
2024-03-14 20:43:27,644 - root - INFO - Epoch: 14, learning rate: 0.0001, train loss: 0.6935
2024-03-14 20:43:27,644 - root - INFO - train average_precision, 0.5118
2024-03-14 20:43:27,644 - root - INFO - train roc_auc, 0.5090
2024-03-14 20:43:27,644 - root - INFO - validate mrr, 0.3510
2024-03-14 20:43:27,879 - root - INFO - Epoch: 15, learning rate: 0.0001, train loss: 0.6933
2024-03-14 20:43:27,879 - root - INFO - train average_precision, 0.5130
2024-03-14 20:43:27,879 - root - INFO - train roc_auc, 0.5065
2024-03-14 20:43:27,879 - root - INFO - validate mrr, 0.3550
2024-03-14 20:43:28,115 - root - INFO - Epoch: 16, learning rate: 0.0001, train loss: 0.6933
2024-03-14 20:43:28,115 - root - INFO - train average_precision, 0.5125
2024-03-14 20:43:28,115 - root - INFO - train roc_auc, 0.5059
2024-03-14 20:43:28,115 - root - INFO - validate mrr, 0.3585
2024-03-14 20:43:28,115 - root - INFO - save model ./saved_models/JODIE/tgbl-synthetic/JODIE_seed4/JODIE_seed4.pkl
2024-03-14 20:43:28,356 - root - INFO - Epoch: 17, learning rate: 0.0001, train loss: 0.6926
2024-03-14 20:43:28,356 - root - INFO - train average_precision, 0.5198
2024-03-14 20:43:28,356 - root - INFO - train roc_auc, 0.5187
2024-03-14 20:43:28,356 - root - INFO - validate mrr, 0.3614
2024-03-14 20:43:28,356 - root - INFO - save model ./saved_models/JODIE/tgbl-synthetic/JODIE_seed4/JODIE_seed4.pkl
2024-03-14 20:43:28,597 - root - INFO - Epoch: 18, learning rate: 0.0001, train loss: 0.6931
2024-03-14 20:43:28,597 - root - INFO - train average_precision, 0.5117
2024-03-14 20:43:28,597 - root - INFO - train roc_auc, 0.5103
2024-03-14 20:43:28,597 - root - INFO - validate mrr, 0.3594
2024-03-14 20:43:28,830 - root - INFO - Epoch: 19, learning rate: 0.0001, train loss: 0.6928
2024-03-14 20:43:28,830 - root - INFO - train average_precision, 0.5174
2024-03-14 20:43:28,830 - root - INFO - train roc_auc, 0.5153
2024-03-14 20:43:28,830 - root - INFO - validate mrr, 0.3603
2024-03-14 20:43:29,065 - root - INFO - Epoch: 20, learning rate: 0.0001, train loss: 0.6932
2024-03-14 20:43:29,065 - root - INFO - train average_precision, 0.5123
2024-03-14 20:43:29,065 - root - INFO - train roc_auc, 0.5053
2024-03-14 20:43:29,065 - root - INFO - validate mrr, 0.3559
2024-03-14 20:43:29,183 - root - INFO - test mrr, 0.3545
2024-03-14 20:43:29,183 - root - INFO - load model ./saved_models/JODIE/tgbl-synthetic/JODIE_seed4/JODIE_seed4.pkl
2024-03-14 20:43:29,189 - root - INFO - get final performance on dataset tgbl-synthetic...
2024-03-14 20:43:29,259 - root - INFO - test mrr, 0.3738
2024-03-14 20:43:29,259 - root - INFO - Run 5 cost 5.15 seconds.
2024-03-14 20:43:29,260 - root - INFO - metrics over 5 runs:
2024-03-14 20:43:29,260 - root - INFO - test mrr, [0.35997486, 0.35718468, 0.35293433, 0.35791016, 0.3737677]
2024-03-14 20:43:29,260 - root - INFO - average test mrr, 0.3604 ± 0.0079
