2024-03-14 21:43:25,956 - root - INFO - ********** Run 2 starts. **********
2024-03-14 21:43:25,957 - root - INFO - configuration is Namespace(dataset_name='tgbl-synthetic', batch_size=200, model_name='DyRep', gpu=0, num_neighbors=24, sample_neighbor_strategy='recent', time_scaling_factor=1e-06, num_walk_heads=8, num_heads=2, num_layers=2, walk_length=1, time_gap=24, time_feat_dim=100, position_feat_dim=172, output_dim=172, edge_bank_memory_mode='unlimited_memory', time_window_mode='fixed_proportion', patch_size=1, channel_embedding_dim=50, max_input_sequence_length=24, learning_rate=0.0001, dropout=0.1, num_epochs=20, optimizer='Adam', weight_decay=0.0, patience=20, num_runs=5, test_interval_epochs=10, load_best_configs=False, device='cpu', seed=1, save_model_name='DyRep_seed1')
2024-03-14 21:43:25,969 - root - INFO - model -> Sequential(
  (0): MemoryModel(
    (time_encoder): TimeEncoder(
      (w): Linear(in_features=1, out_features=100, bias=True)
    )
    (message_aggregator): MessageAggregator()
    (memory_bank): MemoryBank(num_nodes=10, memory_dim=172)
    (memory_updater): RNNMemoryUpdater(
      (memory_bank): MemoryBank(num_nodes=10, memory_dim=172)
      (memory_updater): RNNCell(445, 172)
    )
    (embedding_module): GraphAttentionEmbedding(
      (time_encoder): TimeEncoder(
        (w): Linear(in_features=1, out_features=100, bias=True)
      )
      (temporal_conv_layers): ModuleList(
        (0-1): 2 x MultiHeadAttention(
          (query_projection): Linear(in_features=272, out_features=272, bias=False)
          (key_projection): Linear(in_features=273, out_features=272, bias=False)
          (value_projection): Linear(in_features=273, out_features=272, bias=False)
          (layer_norm): LayerNorm((272,), eps=1e-05, elementwise_affine=True)
          (residual_fc): Linear(in_features=272, out_features=272, bias=True)
          (dropout): Dropout(p=0.1, inplace=False)
        )
      )
      (merge_layers): ModuleList(
        (0-1): 2 x MergeLayer(
          (fc1): Linear(in_features=444, out_features=172, bias=True)
          (fc2): Linear(in_features=172, out_features=172, bias=True)
          (act): ReLU()
        )
      )
      (projection_layer): Linear(in_features=1, out_features=172, bias=True)
    )
  )
  (1): MergeLayer(
    (fc1): Linear(in_features=344, out_features=172, bias=True)
    (fc2): Linear(in_features=172, out_features=1, bias=True)
    (act): ReLU()
  )
)
2024-03-14 21:43:25,970 - root - INFO - model name: DyRep, #parameters: 3894836 B, 3803.55078125 KB, 3.714405059814453 MB.
2024-03-14 21:44:09,077 - root - INFO - Epoch: 1, learning rate: 0.0001, train loss: 0.6934
2024-03-14 21:44:09,078 - root - INFO - train average_precision, 0.4973
2024-03-14 21:44:09,078 - root - INFO - train roc_auc, 0.4953
2024-03-14 21:44:09,078 - root - INFO - validate mrr, 0.3397
2024-03-14 21:44:09,078 - root - INFO - save model ./saved_models/DyRep/tgbl-synthetic/DyRep_seed1/DyRep_seed1.pkl
2024-03-14 21:44:51,951 - root - INFO - Epoch: 2, learning rate: 0.0001, train loss: 0.6934
2024-03-14 21:44:51,951 - root - INFO - train average_precision, 0.5048
2024-03-14 21:44:51,951 - root - INFO - train roc_auc, 0.5016
2024-03-14 21:44:51,952 - root - INFO - validate mrr, 0.3397
2024-03-14 21:44:51,952 - root - INFO - save model ./saved_models/DyRep/tgbl-synthetic/DyRep_seed1/DyRep_seed1.pkl
2024-03-14 21:45:28,524 - root - INFO - Epoch: 3, learning rate: 0.0001, train loss: 0.6932
2024-03-14 21:45:28,524 - root - INFO - train average_precision, 0.5018
2024-03-14 21:45:28,524 - root - INFO - train roc_auc, 0.5006
2024-03-14 21:45:28,525 - root - INFO - validate mrr, 0.3397
2024-03-14 21:45:28,525 - root - INFO - save model ./saved_models/DyRep/tgbl-synthetic/DyRep_seed1/DyRep_seed1.pkl
2024-03-14 21:46:08,836 - root - INFO - Epoch: 4, learning rate: 0.0001, train loss: 0.6932
2024-03-14 21:46:08,837 - root - INFO - train average_precision, 0.5053
2024-03-14 21:46:08,837 - root - INFO - train roc_auc, 0.5032
2024-03-14 21:46:08,837 - root - INFO - validate mrr, 0.3397
2024-03-14 21:46:08,837 - root - INFO - save model ./saved_models/DyRep/tgbl-synthetic/DyRep_seed1/DyRep_seed1.pkl
2024-03-14 21:46:52,795 - root - INFO - Epoch: 5, learning rate: 0.0001, train loss: 0.6932
2024-03-14 21:46:52,796 - root - INFO - train average_precision, 0.5020
2024-03-14 21:46:52,796 - root - INFO - train roc_auc, 0.4986
2024-03-14 21:46:52,796 - root - INFO - validate mrr, 0.3397
2024-03-14 21:46:52,796 - root - INFO - save model ./saved_models/DyRep/tgbl-synthetic/DyRep_seed1/DyRep_seed1.pkl
2024-03-14 21:47:30,927 - root - INFO - Epoch: 6, learning rate: 0.0001, train loss: 0.6932
2024-03-14 21:47:30,927 - root - INFO - train average_precision, 0.5001
2024-03-14 21:47:30,927 - root - INFO - train roc_auc, 0.4982
2024-03-14 21:47:30,927 - root - INFO - validate mrr, 0.3397
2024-03-14 21:47:30,928 - root - INFO - save model ./saved_models/DyRep/tgbl-synthetic/DyRep_seed1/DyRep_seed1.pkl
2024-03-14 21:48:07,525 - root - INFO - Epoch: 7, learning rate: 0.0001, train loss: 0.6932
2024-03-14 21:48:07,525 - root - INFO - train average_precision, 0.4977
2024-03-14 21:48:07,525 - root - INFO - train roc_auc, 0.4945
2024-03-14 21:48:07,526 - root - INFO - validate mrr, 0.3397
2024-03-14 21:48:07,526 - root - INFO - save model ./saved_models/DyRep/tgbl-synthetic/DyRep_seed1/DyRep_seed1.pkl
2024-03-14 21:48:49,047 - root - INFO - Epoch: 8, learning rate: 0.0001, train loss: 0.6932
2024-03-14 21:48:49,048 - root - INFO - train average_precision, 0.5020
2024-03-14 21:48:49,048 - root - INFO - train roc_auc, 0.4978
2024-03-14 21:48:49,048 - root - INFO - validate mrr, 0.3397
2024-03-14 21:48:49,048 - root - INFO - save model ./saved_models/DyRep/tgbl-synthetic/DyRep_seed1/DyRep_seed1.pkl
2024-03-14 21:49:23,955 - root - INFO - Epoch: 9, learning rate: 0.0001, train loss: 0.6932
2024-03-14 21:49:23,955 - root - INFO - train average_precision, 0.5067
2024-03-14 21:49:23,955 - root - INFO - train roc_auc, 0.5028
2024-03-14 21:49:23,956 - root - INFO - validate mrr, 0.3397
2024-03-14 21:49:23,956 - root - INFO - save model ./saved_models/DyRep/tgbl-synthetic/DyRep_seed1/DyRep_seed1.pkl
2024-03-14 21:50:04,567 - root - INFO - Epoch: 10, learning rate: 0.0001, train loss: 0.6932
2024-03-14 21:50:04,567 - root - INFO - train average_precision, 0.5011
2024-03-14 21:50:04,567 - root - INFO - train roc_auc, 0.4975
2024-03-14 21:50:04,567 - root - INFO - validate mrr, 0.3397
2024-03-14 21:50:25,437 - root - INFO - test mrr, 0.3397
2024-03-14 21:50:25,437 - root - INFO - save model ./saved_models/DyRep/tgbl-synthetic/DyRep_seed1/DyRep_seed1.pkl
2024-03-14 21:51:03,640 - root - INFO - Epoch: 11, learning rate: 0.0001, train loss: 0.6932
2024-03-14 21:51:03,641 - root - INFO - train average_precision, 0.5041
2024-03-14 21:51:03,641 - root - INFO - train roc_auc, 0.5018
2024-03-14 21:51:03,641 - root - INFO - validate mrr, 0.3397
2024-03-14 21:51:03,641 - root - INFO - save model ./saved_models/DyRep/tgbl-synthetic/DyRep_seed1/DyRep_seed1.pkl
2024-03-14 21:51:43,803 - root - INFO - Epoch: 12, learning rate: 0.0001, train loss: 0.6932
2024-03-14 21:51:43,804 - root - INFO - train average_precision, 0.5015
2024-03-14 21:51:43,804 - root - INFO - train roc_auc, 0.4975
2024-03-14 21:51:43,804 - root - INFO - validate mrr, 0.3397
2024-03-14 21:51:43,804 - root - INFO - save model ./saved_models/DyRep/tgbl-synthetic/DyRep_seed1/DyRep_seed1.pkl
2024-03-14 21:52:24,011 - root - INFO - Epoch: 13, learning rate: 0.0001, train loss: 0.6932
2024-03-14 21:52:24,011 - root - INFO - train average_precision, 0.5034
2024-03-14 21:52:24,011 - root - INFO - train roc_auc, 0.5044
2024-03-14 21:52:24,012 - root - INFO - validate mrr, 0.3397
2024-03-14 21:52:24,012 - root - INFO - save model ./saved_models/DyRep/tgbl-synthetic/DyRep_seed1/DyRep_seed1.pkl
2024-03-14 21:53:03,971 - root - INFO - Epoch: 14, learning rate: 0.0001, train loss: 0.6932
2024-03-14 21:53:03,971 - root - INFO - train average_precision, 0.4992
2024-03-14 21:53:03,971 - root - INFO - train roc_auc, 0.4981
2024-03-14 21:53:03,971 - root - INFO - validate mrr, 0.3397
2024-03-14 21:53:03,971 - root - INFO - save model ./saved_models/DyRep/tgbl-synthetic/DyRep_seed1/DyRep_seed1.pkl
2024-03-14 21:53:46,043 - root - INFO - Epoch: 15, learning rate: 0.0001, train loss: 0.6932
2024-03-14 21:53:46,043 - root - INFO - train average_precision, 0.5036
2024-03-14 21:53:46,043 - root - INFO - train roc_auc, 0.5007
2024-03-14 21:53:46,044 - root - INFO - validate mrr, 0.3397
2024-03-14 21:53:46,046 - root - INFO - save model ./saved_models/DyRep/tgbl-synthetic/DyRep_seed1/DyRep_seed1.pkl
2024-03-14 21:54:29,377 - root - INFO - Epoch: 16, learning rate: 0.0001, train loss: 0.6932
2024-03-14 21:54:29,378 - root - INFO - train average_precision, 0.5013
2024-03-14 21:54:29,378 - root - INFO - train roc_auc, 0.4966
2024-03-14 21:54:29,378 - root - INFO - validate mrr, 0.3397
2024-03-14 21:54:29,378 - root - INFO - save model ./saved_models/DyRep/tgbl-synthetic/DyRep_seed1/DyRep_seed1.pkl
2024-03-14 21:55:10,659 - root - INFO - Epoch: 17, learning rate: 0.0001, train loss: 0.6932
2024-03-14 21:55:10,660 - root - INFO - train average_precision, 0.5061
2024-03-14 21:55:10,660 - root - INFO - train roc_auc, 0.5029
2024-03-14 21:55:10,660 - root - INFO - validate mrr, 0.3397
2024-03-14 21:55:10,660 - root - INFO - save model ./saved_models/DyRep/tgbl-synthetic/DyRep_seed1/DyRep_seed1.pkl
2024-03-14 21:55:47,823 - root - INFO - Epoch: 18, learning rate: 0.0001, train loss: 0.6932
2024-03-14 21:55:47,824 - root - INFO - train average_precision, 0.5010
2024-03-14 21:55:47,824 - root - INFO - train roc_auc, 0.4992
2024-03-14 21:55:47,824 - root - INFO - validate mrr, 0.3397
2024-03-14 21:55:47,825 - root - INFO - save model ./saved_models/DyRep/tgbl-synthetic/DyRep_seed1/DyRep_seed1.pkl
2024-03-14 21:56:30,942 - root - INFO - Epoch: 19, learning rate: 0.0001, train loss: 0.6932
2024-03-14 21:56:30,942 - root - INFO - train average_precision, 0.4998
2024-03-14 21:56:30,942 - root - INFO - train roc_auc, 0.4994
2024-03-14 21:56:30,942 - root - INFO - validate mrr, 0.3397
2024-03-14 21:56:30,943 - root - INFO - save model ./saved_models/DyRep/tgbl-synthetic/DyRep_seed1/DyRep_seed1.pkl
2024-03-14 21:57:13,591 - root - INFO - Epoch: 20, learning rate: 0.0001, train loss: 0.6932
2024-03-14 21:57:13,591 - root - INFO - train average_precision, 0.5031
2024-03-14 21:57:13,591 - root - INFO - train roc_auc, 0.5018
2024-03-14 21:57:13,591 - root - INFO - validate mrr, 0.3397
2024-03-14 21:57:33,770 - root - INFO - test mrr, 0.3397
2024-03-14 21:57:33,771 - root - INFO - save model ./saved_models/DyRep/tgbl-synthetic/DyRep_seed1/DyRep_seed1.pkl
2024-03-14 21:57:33,785 - root - INFO - load model ./saved_models/DyRep/tgbl-synthetic/DyRep_seed1/DyRep_seed1.pkl
2024-03-14 21:57:33,802 - root - INFO - get final performance on dataset tgbl-synthetic...
2024-03-14 21:57:58,708 - root - INFO - test mrr, 0.3397
2024-03-14 21:57:58,709 - root - INFO - Run 2 cost 872.75 seconds.
