2024-03-15 00:52:25,884 - root - INFO - ********** Run 1 starts. **********
2024-03-15 00:52:25,884 - root - INFO - configuration is Namespace(dataset_name='tgbl-synthetic', batch_size=200, model_name='GraphMixer', gpu=0, num_neighbors=8, sample_neighbor_strategy='recent', time_scaling_factor=1e-06, num_walk_heads=8, num_heads=2, num_layers=2, walk_length=1, time_gap=8, time_feat_dim=100, position_feat_dim=172, output_dim=172, edge_bank_memory_mode='unlimited_memory', time_window_mode='fixed_proportion', patch_size=1, channel_embedding_dim=50, max_input_sequence_length=8, learning_rate=0.0001, dropout=0.1, num_epochs=20, optimizer='Adam', weight_decay=0.0, patience=20, num_runs=3, test_interval_epochs=10, load_best_configs=False, device='cpu', seed=0, save_model_name='GraphMixer_seed0')
2024-03-15 00:52:25,886 - root - INFO - model -> Sequential(
  (0): GraphMixer(
    (time_encoder): TimeEncoder(
      (w): Linear(in_features=1, out_features=100, bias=True)
    )
    (projection_layer): Linear(in_features=101, out_features=172, bias=True)
    (mlp_mixers): ModuleList(
      (0-1): 2 x MLPMixer(
        (token_norm): LayerNorm((8,), eps=1e-05, elementwise_affine=True)
        (token_feedforward): FeedForwardNet(
          (ffn): Sequential(
            (0): Linear(in_features=8, out_features=4, bias=True)
            (1): GELU(approximate='none')
            (2): Dropout(p=0.1, inplace=False)
            (3): Linear(in_features=4, out_features=8, bias=True)
            (4): Dropout(p=0.1, inplace=False)
          )
        )
        (channel_norm): LayerNorm((172,), eps=1e-05, elementwise_affine=True)
        (channel_feedforward): FeedForwardNet(
          (ffn): Sequential(
            (0): Linear(in_features=172, out_features=688, bias=True)
            (1): GELU(approximate='none')
            (2): Dropout(p=0.1, inplace=False)
            (3): Linear(in_features=688, out_features=172, bias=True)
            (4): Dropout(p=0.1, inplace=False)
          )
        )
      )
    )
    (output_layer): Linear(in_features=173, out_features=172, bias=True)
  )
  (1): MergeLayer(
    (fc1): Linear(in_features=344, out_features=172, bias=True)
    (fc2): Linear(in_features=172, out_features=1, bias=True)
    (act): ReLU()
  )
)
2024-03-15 00:52:25,887 - root - INFO - model name: GraphMixer, #parameters: 2331684 B, 2277.03515625 KB, 2.2236671447753906 MB.
2024-03-15 00:52:29,433 - root - INFO - Epoch: 1, learning rate: 0.0001, train loss: 0.6940
2024-03-15 00:52:29,433 - root - INFO - train average_precision, 0.4963
2024-03-15 00:52:29,433 - root - INFO - train roc_auc, 0.4852
2024-03-15 00:52:29,433 - root - INFO - validate mrr, 0.2222
2024-03-15 00:52:29,433 - root - INFO - save model ./saved_models/GraphMixer/tgbl-synthetic/GraphMixer_seed0/GraphMixer_seed0.pkl
2024-03-15 00:52:32,871 - root - INFO - Epoch: 2, learning rate: 0.0001, train loss: 0.6932
2024-03-15 00:52:32,871 - root - INFO - train average_precision, 0.5082
2024-03-15 00:52:32,871 - root - INFO - train roc_auc, 0.4966
2024-03-15 00:52:32,871 - root - INFO - validate mrr, 0.2136
2024-03-15 00:52:36,241 - root - INFO - Epoch: 3, learning rate: 0.0001, train loss: 0.6932
2024-03-15 00:52:36,241 - root - INFO - train average_precision, 0.5062
2024-03-15 00:52:36,241 - root - INFO - train roc_auc, 0.4980
2024-03-15 00:52:36,241 - root - INFO - validate mrr, 0.2222
2024-03-15 00:52:36,242 - root - INFO - save model ./saved_models/GraphMixer/tgbl-synthetic/GraphMixer_seed0/GraphMixer_seed0.pkl
2024-03-15 00:52:39,645 - root - INFO - Epoch: 4, learning rate: 0.0001, train loss: 0.6932
2024-03-15 00:52:39,645 - root - INFO - train average_precision, 0.5062
2024-03-15 00:52:39,645 - root - INFO - train roc_auc, 0.4918
2024-03-15 00:52:39,645 - root - INFO - validate mrr, 0.2222
2024-03-15 00:52:39,645 - root - INFO - save model ./saved_models/GraphMixer/tgbl-synthetic/GraphMixer_seed0/GraphMixer_seed0.pkl
2024-03-15 00:52:43,072 - root - INFO - Epoch: 5, learning rate: 0.0001, train loss: 0.6931
2024-03-15 00:52:43,072 - root - INFO - train average_precision, 0.5094
2024-03-15 00:52:43,072 - root - INFO - train roc_auc, 0.5046
2024-03-15 00:52:43,072 - root - INFO - validate mrr, 0.2222
2024-03-15 00:52:43,073 - root - INFO - save model ./saved_models/GraphMixer/tgbl-synthetic/GraphMixer_seed0/GraphMixer_seed0.pkl
2024-03-15 00:52:46,484 - root - INFO - Epoch: 6, learning rate: 0.0001, train loss: 0.6931
2024-03-15 00:52:46,484 - root - INFO - train average_precision, 0.5178
2024-03-15 00:52:46,484 - root - INFO - train roc_auc, 0.5123
2024-03-15 00:52:46,484 - root - INFO - validate mrr, 0.2215
2024-03-15 00:52:49,933 - root - INFO - Epoch: 7, learning rate: 0.0001, train loss: 0.6931
2024-03-15 00:52:49,933 - root - INFO - train average_precision, 0.5124
2024-03-15 00:52:49,933 - root - INFO - train roc_auc, 0.5023
2024-03-15 00:52:49,934 - root - INFO - validate mrr, 0.2222
2024-03-15 00:52:49,934 - root - INFO - save model ./saved_models/GraphMixer/tgbl-synthetic/GraphMixer_seed0/GraphMixer_seed0.pkl
2024-03-15 00:52:53,454 - root - INFO - Epoch: 8, learning rate: 0.0001, train loss: 0.6932
2024-03-15 00:52:53,454 - root - INFO - train average_precision, 0.5078
2024-03-15 00:52:53,454 - root - INFO - train roc_auc, 0.4955
2024-03-15 00:52:53,454 - root - INFO - validate mrr, 0.2222
2024-03-15 00:52:53,454 - root - INFO - save model ./saved_models/GraphMixer/tgbl-synthetic/GraphMixer_seed0/GraphMixer_seed0.pkl
2024-03-15 00:52:56,967 - root - INFO - Epoch: 9, learning rate: 0.0001, train loss: 0.6931
2024-03-15 00:52:56,968 - root - INFO - train average_precision, 0.5033
2024-03-15 00:52:56,968 - root - INFO - train roc_auc, 0.5027
2024-03-15 00:52:56,968 - root - INFO - validate mrr, 0.2222
2024-03-15 00:52:56,968 - root - INFO - save model ./saved_models/GraphMixer/tgbl-synthetic/GraphMixer_seed0/GraphMixer_seed0.pkl
2024-03-15 00:53:00,445 - root - INFO - Epoch: 10, learning rate: 0.0001, train loss: 0.6932
2024-03-15 00:53:00,445 - root - INFO - train average_precision, 0.5074
2024-03-15 00:53:00,445 - root - INFO - train roc_auc, 0.4997
2024-03-15 00:53:00,445 - root - INFO - validate mrr, 0.2231
2024-03-15 00:53:00,992 - root - INFO - test mrr, 0.2231
2024-03-15 00:53:00,992 - root - INFO - save model ./saved_models/GraphMixer/tgbl-synthetic/GraphMixer_seed0/GraphMixer_seed0.pkl
2024-03-15 00:53:04,479 - root - INFO - Epoch: 11, learning rate: 0.0001, train loss: 0.6933
2024-03-15 00:53:04,479 - root - INFO - train average_precision, 0.4981
2024-03-15 00:53:04,479 - root - INFO - train roc_auc, 0.4889
2024-03-15 00:53:04,479 - root - INFO - validate mrr, 0.5383
2024-03-15 00:53:04,480 - root - INFO - save model ./saved_models/GraphMixer/tgbl-synthetic/GraphMixer_seed0/GraphMixer_seed0.pkl
2024-03-15 00:53:07,944 - root - INFO - Epoch: 12, learning rate: 0.0001, train loss: 0.6932
2024-03-15 00:53:07,944 - root - INFO - train average_precision, 0.5039
2024-03-15 00:53:07,944 - root - INFO - train roc_auc, 0.4963
2024-03-15 00:53:07,944 - root - INFO - validate mrr, 0.2222
2024-03-15 00:53:11,438 - root - INFO - Epoch: 13, learning rate: 0.0001, train loss: 0.6931
2024-03-15 00:53:11,438 - root - INFO - train average_precision, 0.5110
2024-03-15 00:53:11,438 - root - INFO - train roc_auc, 0.5073
2024-03-15 00:53:11,438 - root - INFO - validate mrr, 0.2222
2024-03-15 00:53:14,892 - root - INFO - Epoch: 14, learning rate: 0.0001, train loss: 0.6931
2024-03-15 00:53:14,892 - root - INFO - train average_precision, 0.5109
2024-03-15 00:53:14,892 - root - INFO - train roc_auc, 0.5045
2024-03-15 00:53:14,892 - root - INFO - validate mrr, 0.2222
2024-03-15 00:53:18,348 - root - INFO - Epoch: 15, learning rate: 0.0001, train loss: 0.6933
2024-03-15 00:53:18,348 - root - INFO - train average_precision, 0.5001
2024-03-15 00:53:18,348 - root - INFO - train roc_auc, 0.4918
2024-03-15 00:53:18,349 - root - INFO - validate mrr, 0.2222
2024-03-15 00:53:21,855 - root - INFO - Epoch: 16, learning rate: 0.0001, train loss: 0.6933
2024-03-15 00:53:21,855 - root - INFO - train average_precision, 0.4990
2024-03-15 00:53:21,855 - root - INFO - train roc_auc, 0.4911
2024-03-15 00:53:21,856 - root - INFO - validate mrr, 0.2222
2024-03-15 00:53:25,340 - root - INFO - Epoch: 17, learning rate: 0.0001, train loss: 0.6933
2024-03-15 00:53:25,340 - root - INFO - train average_precision, 0.5023
2024-03-15 00:53:25,340 - root - INFO - train roc_auc, 0.4953
2024-03-15 00:53:25,340 - root - INFO - validate mrr, 0.2232
2024-03-15 00:53:28,880 - root - INFO - Epoch: 18, learning rate: 0.0001, train loss: 0.6931
2024-03-15 00:53:28,881 - root - INFO - train average_precision, 0.5072
2024-03-15 00:53:28,881 - root - INFO - train roc_auc, 0.5045
2024-03-15 00:53:28,881 - root - INFO - validate mrr, 0.2222
2024-03-15 00:53:32,372 - root - INFO - Epoch: 19, learning rate: 0.0001, train loss: 0.6932
2024-03-15 00:53:32,373 - root - INFO - train average_precision, 0.5075
2024-03-15 00:53:32,373 - root - INFO - train roc_auc, 0.5009
2024-03-15 00:53:32,373 - root - INFO - validate mrr, 0.2222
2024-03-15 00:53:35,904 - root - INFO - Epoch: 20, learning rate: 0.0001, train loss: 0.6931
2024-03-15 00:53:35,904 - root - INFO - train average_precision, 0.5151
2024-03-15 00:53:35,904 - root - INFO - train roc_auc, 0.5038
2024-03-15 00:53:35,904 - root - INFO - validate mrr, 0.2222
2024-03-15 00:53:36,464 - root - INFO - test mrr, 0.2222
2024-03-15 00:53:36,464 - root - INFO - load model ./saved_models/GraphMixer/tgbl-synthetic/GraphMixer_seed0/GraphMixer_seed0.pkl
2024-03-15 00:53:36,466 - root - INFO - get final performance on dataset tgbl-synthetic...
2024-03-15 00:53:37,590 - root - INFO - validate mrr, 0.5383
2024-03-15 00:53:37,591 - root - INFO - test mrr, 0.5383
2024-03-15 00:53:37,591 - root - INFO - Run 1 cost 71.71 seconds.
