2024-03-15 00:15:54,997 - root - INFO - ********** Run 3 starts. **********
2024-03-15 00:15:54,997 - root - INFO - configuration is Namespace(dataset_name='tgbl-synthetic', batch_size=200, model_name='TGAT', gpu=0, num_neighbors=8, sample_neighbor_strategy='recent', time_scaling_factor=1e-06, num_walk_heads=8, num_heads=2, num_layers=2, walk_length=1, time_gap=8, time_feat_dim=100, position_feat_dim=172, output_dim=172, edge_bank_memory_mode='unlimited_memory', time_window_mode='fixed_proportion', patch_size=1, channel_embedding_dim=50, max_input_sequence_length=8, learning_rate=0.0001, dropout=0.1, num_epochs=20, optimizer='Adam', weight_decay=0.0, patience=20, num_runs=3, test_interval_epochs=10, load_best_configs=False, device='cpu', seed=2, save_model_name='TGAT_seed2')
2024-03-15 00:15:54,999 - root - INFO - model -> Sequential(
  (0): TGAT(
    (time_encoder): TimeEncoder(
      (w): Linear(in_features=1, out_features=100, bias=True)
    )
    (temporal_conv_layers): ModuleList(
      (0): MultiHeadAttention(
        (query_projection): Linear(in_features=102, out_features=102, bias=False)
        (key_projection): Linear(in_features=102, out_features=102, bias=False)
        (value_projection): Linear(in_features=102, out_features=102, bias=False)
        (layer_norm): LayerNorm((102,), eps=1e-05, elementwise_affine=True)
        (residual_fc): Linear(in_features=102, out_features=102, bias=True)
        (dropout): Dropout(p=0.1, inplace=False)
      )
      (1): MultiHeadAttention(
        (query_projection): Linear(in_features=272, out_features=272, bias=False)
        (key_projection): Linear(in_features=273, out_features=272, bias=False)
        (value_projection): Linear(in_features=273, out_features=272, bias=False)
        (layer_norm): LayerNorm((272,), eps=1e-05, elementwise_affine=True)
        (residual_fc): Linear(in_features=272, out_features=272, bias=True)
        (dropout): Dropout(p=0.1, inplace=False)
      )
    )
    (merge_layers): ModuleList(
      (0): MergeLayer(
        (fc1): Linear(in_features=103, out_features=172, bias=True)
        (fc2): Linear(in_features=172, out_features=172, bias=True)
        (act): ReLU()
      )
      (1): MergeLayer(
        (fc1): Linear(in_features=273, out_features=172, bias=True)
        (fc2): Linear(in_features=172, out_features=172, bias=True)
        (act): ReLU()
      )
    )
  )
  (1): MergeLayer(
    (fc1): Linear(in_features=344, out_features=172, bias=True)
    (fc2): Linear(in_features=172, out_features=1, bias=True)
    (act): ReLU()
  )
)
2024-03-15 00:15:55,000 - root - INFO - model name: TGAT, #parameters: 2093836 B, 2044.76171875 KB, 1.9968376159667969 MB.
2024-03-15 00:16:01,065 - root - INFO - Epoch: 1, learning rate: 0.0001, train loss: 0.6931
2024-03-15 00:16:01,065 - root - INFO - train average_precision, 0.5155
2024-03-15 00:16:01,065 - root - INFO - train roc_auc, 0.5015
2024-03-15 00:16:01,065 - root - INFO - validate mrr, 0.2222
2024-03-15 00:16:01,065 - root - INFO - save model ./saved_models/TGAT/tgbl-synthetic/TGAT_seed2/TGAT_seed2.pkl
2024-03-15 00:16:07,211 - root - INFO - Epoch: 2, learning rate: 0.0001, train loss: 0.6932
2024-03-15 00:16:07,211 - root - INFO - train average_precision, 0.5073
2024-03-15 00:16:07,212 - root - INFO - train roc_auc, 0.4969
2024-03-15 00:16:07,212 - root - INFO - validate mrr, 0.2222
2024-03-15 00:16:07,212 - root - INFO - save model ./saved_models/TGAT/tgbl-synthetic/TGAT_seed2/TGAT_seed2.pkl
2024-03-15 00:16:13,244 - root - INFO - Epoch: 3, learning rate: 0.0001, train loss: 0.6932
2024-03-15 00:16:13,244 - root - INFO - train average_precision, 0.5092
2024-03-15 00:16:13,244 - root - INFO - train roc_auc, 0.5002
2024-03-15 00:16:13,244 - root - INFO - validate mrr, 0.2222
2024-03-15 00:16:13,244 - root - INFO - save model ./saved_models/TGAT/tgbl-synthetic/TGAT_seed2/TGAT_seed2.pkl
2024-03-15 00:16:19,375 - root - INFO - Epoch: 4, learning rate: 0.0001, train loss: 0.6932
2024-03-15 00:16:19,375 - root - INFO - train average_precision, 0.5099
2024-03-15 00:16:19,375 - root - INFO - train roc_auc, 0.5022
2024-03-15 00:16:19,375 - root - INFO - validate mrr, 0.2222
2024-03-15 00:16:19,375 - root - INFO - save model ./saved_models/TGAT/tgbl-synthetic/TGAT_seed2/TGAT_seed2.pkl
2024-03-15 00:16:25,488 - root - INFO - Epoch: 5, learning rate: 0.0001, train loss: 0.6933
2024-03-15 00:16:25,488 - root - INFO - train average_precision, 0.4990
2024-03-15 00:16:25,488 - root - INFO - train roc_auc, 0.4914
2024-03-15 00:16:25,488 - root - INFO - validate mrr, 0.2222
2024-03-15 00:16:25,488 - root - INFO - save model ./saved_models/TGAT/tgbl-synthetic/TGAT_seed2/TGAT_seed2.pkl
2024-03-15 00:16:31,635 - root - INFO - Epoch: 6, learning rate: 0.0001, train loss: 0.6932
2024-03-15 00:16:31,635 - root - INFO - train average_precision, 0.5010
2024-03-15 00:16:31,635 - root - INFO - train roc_auc, 0.4920
2024-03-15 00:16:31,635 - root - INFO - validate mrr, 0.2222
2024-03-15 00:16:31,636 - root - INFO - save model ./saved_models/TGAT/tgbl-synthetic/TGAT_seed2/TGAT_seed2.pkl
2024-03-15 00:16:37,674 - root - INFO - Epoch: 7, learning rate: 0.0001, train loss: 0.6931
2024-03-15 00:16:37,674 - root - INFO - train average_precision, 0.5111
2024-03-15 00:16:37,674 - root - INFO - train roc_auc, 0.5066
2024-03-15 00:16:37,674 - root - INFO - validate mrr, 0.2222
2024-03-15 00:16:37,674 - root - INFO - save model ./saved_models/TGAT/tgbl-synthetic/TGAT_seed2/TGAT_seed2.pkl
2024-03-15 00:16:43,639 - root - INFO - Epoch: 8, learning rate: 0.0001, train loss: 0.6932
2024-03-15 00:16:43,639 - root - INFO - train average_precision, 0.5020
2024-03-15 00:16:43,639 - root - INFO - train roc_auc, 0.4937
2024-03-15 00:16:43,639 - root - INFO - validate mrr, 0.2222
2024-03-15 00:16:43,639 - root - INFO - save model ./saved_models/TGAT/tgbl-synthetic/TGAT_seed2/TGAT_seed2.pkl
2024-03-15 00:16:49,788 - root - INFO - Epoch: 9, learning rate: 0.0001, train loss: 0.6930
2024-03-15 00:16:49,788 - root - INFO - train average_precision, 0.5160
2024-03-15 00:16:49,788 - root - INFO - train roc_auc, 0.5101
2024-03-15 00:16:49,788 - root - INFO - validate mrr, 0.2222
2024-03-15 00:16:49,788 - root - INFO - save model ./saved_models/TGAT/tgbl-synthetic/TGAT_seed2/TGAT_seed2.pkl
2024-03-15 00:16:55,868 - root - INFO - Epoch: 10, learning rate: 0.0001, train loss: 0.6933
2024-03-15 00:16:55,868 - root - INFO - train average_precision, 0.5048
2024-03-15 00:16:55,868 - root - INFO - train roc_auc, 0.4971
2024-03-15 00:16:55,868 - root - INFO - validate mrr, 0.2222
2024-03-15 00:16:57,291 - root - INFO - test mrr, 0.2222
2024-03-15 00:16:57,291 - root - INFO - save model ./saved_models/TGAT/tgbl-synthetic/TGAT_seed2/TGAT_seed2.pkl
2024-03-15 00:17:03,390 - root - INFO - Epoch: 11, learning rate: 0.0001, train loss: 0.6933
2024-03-15 00:17:03,391 - root - INFO - train average_precision, 0.5085
2024-03-15 00:17:03,391 - root - INFO - train roc_auc, 0.4920
2024-03-15 00:17:03,391 - root - INFO - validate mrr, 0.2222
2024-03-15 00:17:03,391 - root - INFO - save model ./saved_models/TGAT/tgbl-synthetic/TGAT_seed2/TGAT_seed2.pkl
2024-03-15 00:17:09,460 - root - INFO - Epoch: 12, learning rate: 0.0001, train loss: 0.6932
2024-03-15 00:17:09,461 - root - INFO - train average_precision, 0.5103
2024-03-15 00:17:09,461 - root - INFO - train roc_auc, 0.4955
2024-03-15 00:17:09,461 - root - INFO - validate mrr, 0.2222
2024-03-15 00:17:09,461 - root - INFO - save model ./saved_models/TGAT/tgbl-synthetic/TGAT_seed2/TGAT_seed2.pkl
2024-03-15 00:17:15,495 - root - INFO - Epoch: 13, learning rate: 0.0001, train loss: 0.6932
2024-03-15 00:17:15,495 - root - INFO - train average_precision, 0.4967
2024-03-15 00:17:15,495 - root - INFO - train roc_auc, 0.4940
2024-03-15 00:17:15,495 - root - INFO - validate mrr, 0.2222
2024-03-15 00:17:15,495 - root - INFO - save model ./saved_models/TGAT/tgbl-synthetic/TGAT_seed2/TGAT_seed2.pkl
2024-03-15 00:17:21,651 - root - INFO - Epoch: 14, learning rate: 0.0001, train loss: 0.6931
2024-03-15 00:17:21,651 - root - INFO - train average_precision, 0.5147
2024-03-15 00:17:21,651 - root - INFO - train roc_auc, 0.5064
2024-03-15 00:17:21,651 - root - INFO - validate mrr, 0.2222
2024-03-15 00:17:21,652 - root - INFO - save model ./saved_models/TGAT/tgbl-synthetic/TGAT_seed2/TGAT_seed2.pkl
2024-03-15 00:17:27,748 - root - INFO - Epoch: 15, learning rate: 0.0001, train loss: 0.6931
2024-03-15 00:17:27,748 - root - INFO - train average_precision, 0.5058
2024-03-15 00:17:27,748 - root - INFO - train roc_auc, 0.5029
2024-03-15 00:17:27,748 - root - INFO - validate mrr, 0.2222
2024-03-15 00:17:27,748 - root - INFO - save model ./saved_models/TGAT/tgbl-synthetic/TGAT_seed2/TGAT_seed2.pkl
2024-03-15 00:17:33,902 - root - INFO - Epoch: 16, learning rate: 0.0001, train loss: 0.6933
2024-03-15 00:17:33,902 - root - INFO - train average_precision, 0.5022
2024-03-15 00:17:33,902 - root - INFO - train roc_auc, 0.4888
2024-03-15 00:17:33,902 - root - INFO - validate mrr, 0.3167
2024-03-15 00:17:33,902 - root - INFO - save model ./saved_models/TGAT/tgbl-synthetic/TGAT_seed2/TGAT_seed2.pkl
2024-03-15 00:17:40,075 - root - INFO - Epoch: 17, learning rate: 0.0001, train loss: 0.6931
2024-03-15 00:17:40,075 - root - INFO - train average_precision, 0.5082
2024-03-15 00:17:40,075 - root - INFO - train roc_auc, 0.5062
2024-03-15 00:17:40,075 - root - INFO - validate mrr, 0.2222
2024-03-15 00:17:46,213 - root - INFO - Epoch: 18, learning rate: 0.0001, train loss: 0.6931
2024-03-15 00:17:46,213 - root - INFO - train average_precision, 0.5141
2024-03-15 00:17:46,213 - root - INFO - train roc_auc, 0.5062
2024-03-15 00:17:46,213 - root - INFO - validate mrr, 0.2222
2024-03-15 00:17:52,327 - root - INFO - Epoch: 19, learning rate: 0.0001, train loss: 0.6933
2024-03-15 00:17:52,327 - root - INFO - train average_precision, 0.5007
2024-03-15 00:17:52,327 - root - INFO - train roc_auc, 0.4928
2024-03-15 00:17:52,327 - root - INFO - validate mrr, 0.2222
2024-03-15 00:17:58,426 - root - INFO - Epoch: 20, learning rate: 0.0001, train loss: 0.6932
2024-03-15 00:17:58,426 - root - INFO - train average_precision, 0.5033
2024-03-15 00:17:58,426 - root - INFO - train roc_auc, 0.4964
2024-03-15 00:17:58,426 - root - INFO - validate mrr, 0.2222
2024-03-15 00:17:59,922 - root - INFO - test mrr, 0.2222
2024-03-15 00:17:59,922 - root - INFO - load model ./saved_models/TGAT/tgbl-synthetic/TGAT_seed2/TGAT_seed2.pkl
2024-03-15 00:17:59,924 - root - INFO - get final performance on dataset tgbl-synthetic...
2024-03-15 00:18:02,916 - root - INFO - validate mrr, 0.3167
2024-03-15 00:18:02,916 - root - INFO - test mrr, 0.3167
2024-03-15 00:18:02,916 - root - INFO - Run 3 cost 127.92 seconds.
2024-03-15 00:18:02,916 - root - INFO - metrics over 3 runs:
2024-03-15 00:18:02,916 - root - INFO - validate mrr, [0.39668956, 0.22222225, 0.31671628]
2024-03-15 00:18:02,916 - root - INFO - average validate mrr, 0.3119 ± 0.0873
2024-03-15 00:18:02,916 - root - INFO - test mrr, [0.39668956, 0.22222225, 0.31671628]
2024-03-15 00:18:02,916 - root - INFO - average test mrr, 0.3119 ± 0.0873
