2024-03-15 01:10:11,974 - root - INFO - ********** Run 3 starts. **********
2024-03-15 01:10:11,974 - root - INFO - configuration is Namespace(dataset_name='tgbl-synthetic', batch_size=200, model_name='DyGFormer', gpu=0, num_neighbors=8, sample_neighbor_strategy='recent', time_scaling_factor=1e-06, num_walk_heads=8, num_heads=2, num_layers=2, walk_length=1, time_gap=8, time_feat_dim=100, position_feat_dim=172, output_dim=172, edge_bank_memory_mode='unlimited_memory', time_window_mode='fixed_proportion', patch_size=1, channel_embedding_dim=50, max_input_sequence_length=8, learning_rate=0.0001, dropout=0.1, num_epochs=20, optimizer='Adam', weight_decay=0.0, patience=20, num_runs=3, test_interval_epochs=10, load_best_configs=False, device='cpu', seed=2, save_model_name='DyGFormer_seed2')
2024-03-15 01:10:11,978 - root - INFO - model -> Sequential(
  (0): DyGFormer(
    (time_encoder): TimeEncoder(
      (w): Linear(in_features=1, out_features=100, bias=True)
    )
    (neighbor_co_occurrence_encoder): NeighborCooccurrenceEncoder(
      (neighbor_co_occurrence_encode_layer): Sequential(
        (0): Linear(in_features=1, out_features=50, bias=True)
        (1): ReLU()
        (2): Linear(in_features=50, out_features=50, bias=True)
      )
    )
    (projection_layer): ModuleDict(
      (node): Linear(in_features=1, out_features=50, bias=True)
      (edge): Linear(in_features=1, out_features=50, bias=True)
      (time): Linear(in_features=100, out_features=50, bias=True)
      (neighbor_co_occurrence): Linear(in_features=50, out_features=50, bias=True)
    )
    (transformers): ModuleList(
      (0-1): 2 x TransformerEncoder(
        (multi_head_attention): MultiheadAttention(
          (out_proj): NonDynamicallyQuantizableLinear(in_features=200, out_features=200, bias=True)
        )
        (dropout): Dropout(p=0.1, inplace=False)
        (linear_layers): ModuleList(
          (0): Linear(in_features=200, out_features=800, bias=True)
          (1): Linear(in_features=800, out_features=200, bias=True)
        )
        (norm_layers): ModuleList(
          (0-1): 2 x LayerNorm((200,), eps=1e-05, elementwise_affine=True)
        )
      )
    )
    (output_layer): Linear(in_features=200, out_features=172, bias=True)
  )
  (1): MergeLayer(
    (fc1): Linear(in_features=344, out_features=172, bias=True)
    (fc2): Linear(in_features=172, out_features=1, bias=True)
    (act): ReLU()
  )
)
2024-03-15 01:10:11,978 - root - INFO - model name: DyGFormer, #parameters: 4279740 B, 4179.43359375 KB, 4.081478118896484 MB.
2024-03-15 01:10:17,172 - root - INFO - Epoch: 1, learning rate: 0.0001, train loss: 0.6900
2024-03-15 01:10:17,172 - root - INFO - train average_precision, 0.5960
2024-03-15 01:10:17,172 - root - INFO - train roc_auc, 0.5817
2024-03-15 01:10:17,172 - root - INFO - validate mrr, 0.5116
2024-03-15 01:10:17,172 - root - INFO - save model ./saved_models/DyGFormer/tgbl-synthetic/DyGFormer_seed2/DyGFormer_seed2.pkl
2024-03-15 01:10:22,579 - root - INFO - Epoch: 2, learning rate: 0.0001, train loss: 0.6422
2024-03-15 01:10:22,579 - root - INFO - train average_precision, 0.6576
2024-03-15 01:10:22,579 - root - INFO - train roc_auc, 0.6751
2024-03-15 01:10:22,579 - root - INFO - validate mrr, 0.4833
2024-03-15 01:10:27,978 - root - INFO - Epoch: 3, learning rate: 0.0001, train loss: 0.4703
2024-03-15 01:10:27,978 - root - INFO - train average_precision, 0.6397
2024-03-15 01:10:27,978 - root - INFO - train roc_auc, 0.7567
2024-03-15 01:10:27,978 - root - INFO - validate mrr, 0.6667
2024-03-15 01:10:27,978 - root - INFO - save model ./saved_models/DyGFormer/tgbl-synthetic/DyGFormer_seed2/DyGFormer_seed2.pkl
2024-03-15 01:10:33,207 - root - INFO - Epoch: 4, learning rate: 0.0001, train loss: 0.4012
2024-03-15 01:10:33,207 - root - INFO - train average_precision, 0.7835
2024-03-15 01:10:33,207 - root - INFO - train roc_auc, 0.8540
2024-03-15 01:10:33,207 - root - INFO - validate mrr, 0.7292
2024-03-15 01:10:33,207 - root - INFO - save model ./saved_models/DyGFormer/tgbl-synthetic/DyGFormer_seed2/DyGFormer_seed2.pkl
2024-03-15 01:10:38,355 - root - INFO - Epoch: 5, learning rate: 0.0001, train loss: 0.3654
2024-03-15 01:10:38,355 - root - INFO - train average_precision, 0.7986
2024-03-15 01:10:38,355 - root - INFO - train roc_auc, 0.8667
2024-03-15 01:10:38,355 - root - INFO - validate mrr, 0.7292
2024-03-15 01:10:38,355 - root - INFO - save model ./saved_models/DyGFormer/tgbl-synthetic/DyGFormer_seed2/DyGFormer_seed2.pkl
2024-03-15 01:10:43,851 - root - INFO - Epoch: 6, learning rate: 0.0001, train loss: 0.3574
2024-03-15 01:10:43,851 - root - INFO - train average_precision, 0.7978
2024-03-15 01:10:43,851 - root - INFO - train roc_auc, 0.8671
2024-03-15 01:10:43,851 - root - INFO - validate mrr, 0.7500
2024-03-15 01:10:43,851 - root - INFO - save model ./saved_models/DyGFormer/tgbl-synthetic/DyGFormer_seed2/DyGFormer_seed2.pkl
2024-03-15 01:10:49,366 - root - INFO - Epoch: 7, learning rate: 0.0001, train loss: 0.3522
2024-03-15 01:10:49,366 - root - INFO - train average_precision, 0.8071
2024-03-15 01:10:49,366 - root - INFO - train roc_auc, 0.8737
2024-03-15 01:10:49,366 - root - INFO - validate mrr, 0.7500
2024-03-15 01:10:49,366 - root - INFO - save model ./saved_models/DyGFormer/tgbl-synthetic/DyGFormer_seed2/DyGFormer_seed2.pkl
2024-03-15 01:10:54,706 - root - INFO - Epoch: 8, learning rate: 0.0001, train loss: 0.3403
2024-03-15 01:10:54,706 - root - INFO - train average_precision, 0.8077
2024-03-15 01:10:54,706 - root - INFO - train roc_auc, 0.8753
2024-03-15 01:10:54,706 - root - INFO - validate mrr, 0.7500
2024-03-15 01:10:54,706 - root - INFO - save model ./saved_models/DyGFormer/tgbl-synthetic/DyGFormer_seed2/DyGFormer_seed2.pkl
2024-03-15 01:11:00,087 - root - INFO - Epoch: 9, learning rate: 0.0001, train loss: 0.3475
2024-03-15 01:11:00,087 - root - INFO - train average_precision, 0.8046
2024-03-15 01:11:00,087 - root - INFO - train roc_auc, 0.8739
2024-03-15 01:11:00,088 - root - INFO - validate mrr, 0.7500
2024-03-15 01:11:00,088 - root - INFO - save model ./saved_models/DyGFormer/tgbl-synthetic/DyGFormer_seed2/DyGFormer_seed2.pkl
2024-03-15 01:11:05,252 - root - INFO - Epoch: 10, learning rate: 0.0001, train loss: 0.3370
2024-03-15 01:11:05,253 - root - INFO - train average_precision, 0.8054
2024-03-15 01:11:05,253 - root - INFO - train roc_auc, 0.8723
2024-03-15 01:11:05,253 - root - INFO - validate mrr, 0.7500
2024-03-15 01:11:06,191 - root - INFO - test mrr, 0.7500
2024-03-15 01:11:06,191 - root - INFO - save model ./saved_models/DyGFormer/tgbl-synthetic/DyGFormer_seed2/DyGFormer_seed2.pkl
2024-03-15 01:11:11,594 - root - INFO - Epoch: 11, learning rate: 0.0001, train loss: 0.3348
2024-03-15 01:11:11,594 - root - INFO - train average_precision, 0.8040
2024-03-15 01:11:11,594 - root - INFO - train roc_auc, 0.8744
2024-03-15 01:11:11,594 - root - INFO - validate mrr, 0.8750
2024-03-15 01:11:11,594 - root - INFO - save model ./saved_models/DyGFormer/tgbl-synthetic/DyGFormer_seed2/DyGFormer_seed2.pkl
2024-03-15 01:11:17,000 - root - INFO - Epoch: 12, learning rate: 0.0001, train loss: 0.3376
2024-03-15 01:11:17,000 - root - INFO - train average_precision, 0.8077
2024-03-15 01:11:17,000 - root - INFO - train roc_auc, 0.8739
2024-03-15 01:11:17,000 - root - INFO - validate mrr, 0.8750
2024-03-15 01:11:17,001 - root - INFO - save model ./saved_models/DyGFormer/tgbl-synthetic/DyGFormer_seed2/DyGFormer_seed2.pkl
2024-03-15 01:11:22,439 - root - INFO - Epoch: 13, learning rate: 0.0001, train loss: 0.3203
2024-03-15 01:11:22,439 - root - INFO - train average_precision, 0.8377
2024-03-15 01:11:22,439 - root - INFO - train roc_auc, 0.8934
2024-03-15 01:11:22,439 - root - INFO - validate mrr, 0.8750
2024-03-15 01:11:22,439 - root - INFO - save model ./saved_models/DyGFormer/tgbl-synthetic/DyGFormer_seed2/DyGFormer_seed2.pkl
2024-03-15 01:11:27,861 - root - INFO - Epoch: 14, learning rate: 0.0001, train loss: 0.3351
2024-03-15 01:11:27,861 - root - INFO - train average_precision, 0.8294
2024-03-15 01:11:27,861 - root - INFO - train roc_auc, 0.8855
2024-03-15 01:11:27,861 - root - INFO - validate mrr, 0.8750
2024-03-15 01:11:27,862 - root - INFO - save model ./saved_models/DyGFormer/tgbl-synthetic/DyGFormer_seed2/DyGFormer_seed2.pkl
2024-03-15 01:11:33,284 - root - INFO - Epoch: 15, learning rate: 0.0001, train loss: 0.3319
2024-03-15 01:11:33,284 - root - INFO - train average_precision, 0.8421
2024-03-15 01:11:33,284 - root - INFO - train roc_auc, 0.8918
2024-03-15 01:11:33,284 - root - INFO - validate mrr, 0.8750
2024-03-15 01:11:33,284 - root - INFO - save model ./saved_models/DyGFormer/tgbl-synthetic/DyGFormer_seed2/DyGFormer_seed2.pkl
2024-03-15 01:11:38,717 - root - INFO - Epoch: 16, learning rate: 0.0001, train loss: 0.3226
2024-03-15 01:11:38,717 - root - INFO - train average_precision, 0.8472
2024-03-15 01:11:38,717 - root - INFO - train roc_auc, 0.8975
2024-03-15 01:11:38,717 - root - INFO - validate mrr, 0.8750
2024-03-15 01:11:38,717 - root - INFO - save model ./saved_models/DyGFormer/tgbl-synthetic/DyGFormer_seed2/DyGFormer_seed2.pkl
2024-03-15 01:11:44,140 - root - INFO - Epoch: 17, learning rate: 0.0001, train loss: 0.3174
2024-03-15 01:11:44,140 - root - INFO - train average_precision, 0.8583
2024-03-15 01:11:44,140 - root - INFO - train roc_auc, 0.9029
2024-03-15 01:11:44,140 - root - INFO - validate mrr, 0.8750
2024-03-15 01:11:44,141 - root - INFO - save model ./saved_models/DyGFormer/tgbl-synthetic/DyGFormer_seed2/DyGFormer_seed2.pkl
2024-03-15 01:11:49,558 - root - INFO - Epoch: 18, learning rate: 0.0001, train loss: 0.3198
2024-03-15 01:11:49,558 - root - INFO - train average_precision, 0.8594
2024-03-15 01:11:49,558 - root - INFO - train roc_auc, 0.9028
2024-03-15 01:11:49,558 - root - INFO - validate mrr, 0.8750
2024-03-15 01:11:49,558 - root - INFO - save model ./saved_models/DyGFormer/tgbl-synthetic/DyGFormer_seed2/DyGFormer_seed2.pkl
2024-03-15 01:11:54,942 - root - INFO - Epoch: 19, learning rate: 0.0001, train loss: 0.3321
2024-03-15 01:11:54,942 - root - INFO - train average_precision, 0.8391
2024-03-15 01:11:54,942 - root - INFO - train roc_auc, 0.8901
2024-03-15 01:11:54,942 - root - INFO - validate mrr, 0.8750
2024-03-15 01:11:54,942 - root - INFO - save model ./saved_models/DyGFormer/tgbl-synthetic/DyGFormer_seed2/DyGFormer_seed2.pkl
2024-03-15 01:12:00,321 - root - INFO - Epoch: 20, learning rate: 0.0001, train loss: 0.3224
2024-03-15 01:12:00,322 - root - INFO - train average_precision, 0.8530
2024-03-15 01:12:00,322 - root - INFO - train roc_auc, 0.8997
2024-03-15 01:12:00,322 - root - INFO - validate mrr, 0.8750
2024-03-15 01:12:01,289 - root - INFO - test mrr, 0.8750
2024-03-15 01:12:01,289 - root - INFO - save model ./saved_models/DyGFormer/tgbl-synthetic/DyGFormer_seed2/DyGFormer_seed2.pkl
2024-03-15 01:12:01,293 - root - INFO - load model ./saved_models/DyGFormer/tgbl-synthetic/DyGFormer_seed2/DyGFormer_seed2.pkl
2024-03-15 01:12:01,296 - root - INFO - get final performance on dataset tgbl-synthetic...
2024-03-15 01:12:03,281 - root - INFO - validate mrr, 0.8750
2024-03-15 01:12:03,282 - root - INFO - test mrr, 0.8750
2024-03-15 01:12:03,282 - root - INFO - Run 3 cost 111.31 seconds.
2024-03-15 01:12:03,282 - root - INFO - metrics over 3 runs:
2024-03-15 01:12:03,282 - root - INFO - validate mrr, [0.9375, 0.875, 0.875]
2024-03-15 01:12:03,282 - root - INFO - average validate mrr, 0.8958 ± 0.0361
2024-03-15 01:12:03,283 - root - INFO - test mrr, [0.9375, 0.875, 0.875]
2024-03-15 01:12:03,283 - root - INFO - average test mrr, 0.8958 ± 0.0361
