2024-03-15 00:54:50,630 - root - INFO - ********** Run 3 starts. **********
2024-03-15 00:54:50,630 - root - INFO - configuration is Namespace(dataset_name='tgbl-synthetic', batch_size=200, model_name='GraphMixer', gpu=0, num_neighbors=8, sample_neighbor_strategy='recent', time_scaling_factor=1e-06, num_walk_heads=8, num_heads=2, num_layers=2, walk_length=1, time_gap=8, time_feat_dim=100, position_feat_dim=172, output_dim=172, edge_bank_memory_mode='unlimited_memory', time_window_mode='fixed_proportion', patch_size=1, channel_embedding_dim=50, max_input_sequence_length=8, learning_rate=0.0001, dropout=0.1, num_epochs=20, optimizer='Adam', weight_decay=0.0, patience=20, num_runs=3, test_interval_epochs=10, load_best_configs=False, device='cpu', seed=2, save_model_name='GraphMixer_seed2')
2024-03-15 00:54:50,633 - root - INFO - model -> Sequential(
  (0): GraphMixer(
    (time_encoder): TimeEncoder(
      (w): Linear(in_features=1, out_features=100, bias=True)
    )
    (projection_layer): Linear(in_features=101, out_features=172, bias=True)
    (mlp_mixers): ModuleList(
      (0-1): 2 x MLPMixer(
        (token_norm): LayerNorm((8,), eps=1e-05, elementwise_affine=True)
        (token_feedforward): FeedForwardNet(
          (ffn): Sequential(
            (0): Linear(in_features=8, out_features=4, bias=True)
            (1): GELU(approximate='none')
            (2): Dropout(p=0.1, inplace=False)
            (3): Linear(in_features=4, out_features=8, bias=True)
            (4): Dropout(p=0.1, inplace=False)
          )
        )
        (channel_norm): LayerNorm((172,), eps=1e-05, elementwise_affine=True)
        (channel_feedforward): FeedForwardNet(
          (ffn): Sequential(
            (0): Linear(in_features=172, out_features=688, bias=True)
            (1): GELU(approximate='none')
            (2): Dropout(p=0.1, inplace=False)
            (3): Linear(in_features=688, out_features=172, bias=True)
            (4): Dropout(p=0.1, inplace=False)
          )
        )
      )
    )
    (output_layer): Linear(in_features=173, out_features=172, bias=True)
  )
  (1): MergeLayer(
    (fc1): Linear(in_features=344, out_features=172, bias=True)
    (fc2): Linear(in_features=172, out_features=1, bias=True)
    (act): ReLU()
  )
)
2024-03-15 00:54:50,633 - root - INFO - model name: GraphMixer, #parameters: 2331684 B, 2277.03515625 KB, 2.2236671447753906 MB.
2024-03-15 00:54:54,195 - root - INFO - Epoch: 1, learning rate: 0.0001, train loss: 0.6932
2024-03-15 00:54:54,195 - root - INFO - train average_precision, 0.5172
2024-03-15 00:54:54,195 - root - INFO - train roc_auc, 0.5096
2024-03-15 00:54:54,195 - root - INFO - validate mrr, 0.2222
2024-03-15 00:54:54,196 - root - INFO - save model ./saved_models/GraphMixer/tgbl-synthetic/GraphMixer_seed2/GraphMixer_seed2.pkl
2024-03-15 00:54:57,746 - root - INFO - Epoch: 2, learning rate: 0.0001, train loss: 0.6933
2024-03-15 00:54:57,746 - root - INFO - train average_precision, 0.4995
2024-03-15 00:54:57,746 - root - INFO - train roc_auc, 0.4937
2024-03-15 00:54:57,747 - root - INFO - validate mrr, 0.2222
2024-03-15 00:54:57,747 - root - INFO - save model ./saved_models/GraphMixer/tgbl-synthetic/GraphMixer_seed2/GraphMixer_seed2.pkl
2024-03-15 00:55:01,356 - root - INFO - Epoch: 3, learning rate: 0.0001, train loss: 0.6932
2024-03-15 00:55:01,356 - root - INFO - train average_precision, 0.5046
2024-03-15 00:55:01,356 - root - INFO - train roc_auc, 0.4982
2024-03-15 00:55:01,356 - root - INFO - validate mrr, 0.2222
2024-03-15 00:55:01,356 - root - INFO - save model ./saved_models/GraphMixer/tgbl-synthetic/GraphMixer_seed2/GraphMixer_seed2.pkl
2024-03-15 00:55:04,856 - root - INFO - Epoch: 4, learning rate: 0.0001, train loss: 0.6931
2024-03-15 00:55:04,857 - root - INFO - train average_precision, 0.5100
2024-03-15 00:55:04,857 - root - INFO - train roc_auc, 0.5065
2024-03-15 00:55:04,857 - root - INFO - validate mrr, 0.2221
2024-03-15 00:55:08,450 - root - INFO - Epoch: 5, learning rate: 0.0001, train loss: 0.6932
2024-03-15 00:55:08,450 - root - INFO - train average_precision, 0.5100
2024-03-15 00:55:08,450 - root - INFO - train roc_auc, 0.5012
2024-03-15 00:55:08,450 - root - INFO - validate mrr, 0.2474
2024-03-15 00:55:08,451 - root - INFO - save model ./saved_models/GraphMixer/tgbl-synthetic/GraphMixer_seed2/GraphMixer_seed2.pkl
2024-03-15 00:55:12,006 - root - INFO - Epoch: 6, learning rate: 0.0001, train loss: 0.6933
2024-03-15 00:55:12,006 - root - INFO - train average_precision, 0.4985
2024-03-15 00:55:12,006 - root - INFO - train roc_auc, 0.4924
2024-03-15 00:55:12,006 - root - INFO - validate mrr, 0.2222
2024-03-15 00:55:15,584 - root - INFO - Epoch: 7, learning rate: 0.0001, train loss: 0.6932
2024-03-15 00:55:15,584 - root - INFO - train average_precision, 0.5088
2024-03-15 00:55:15,584 - root - INFO - train roc_auc, 0.4999
2024-03-15 00:55:15,585 - root - INFO - validate mrr, 0.2221
2024-03-15 00:55:19,139 - root - INFO - Epoch: 8, learning rate: 0.0001, train loss: 0.6930
2024-03-15 00:55:19,139 - root - INFO - train average_precision, 0.5175
2024-03-15 00:55:19,139 - root - INFO - train roc_auc, 0.5104
2024-03-15 00:55:19,139 - root - INFO - validate mrr, 0.2222
2024-03-15 00:55:22,658 - root - INFO - Epoch: 9, learning rate: 0.0001, train loss: 0.6931
2024-03-15 00:55:22,658 - root - INFO - train average_precision, 0.5089
2024-03-15 00:55:22,658 - root - INFO - train roc_auc, 0.5058
2024-03-15 00:55:22,658 - root - INFO - validate mrr, 0.2244
2024-03-15 00:55:26,278 - root - INFO - Epoch: 10, learning rate: 0.0001, train loss: 0.6932
2024-03-15 00:55:26,278 - root - INFO - train average_precision, 0.5051
2024-03-15 00:55:26,278 - root - INFO - train roc_auc, 0.5012
2024-03-15 00:55:26,278 - root - INFO - validate mrr, 0.2222
2024-03-15 00:55:26,818 - root - INFO - test mrr, 0.2222
2024-03-15 00:55:30,427 - root - INFO - Epoch: 11, learning rate: 0.0001, train loss: 0.6934
2024-03-15 00:55:30,427 - root - INFO - train average_precision, 0.4938
2024-03-15 00:55:30,427 - root - INFO - train roc_auc, 0.4832
2024-03-15 00:55:30,428 - root - INFO - validate mrr, 0.2222
2024-03-15 00:55:34,010 - root - INFO - Epoch: 12, learning rate: 0.0001, train loss: 0.6931
2024-03-15 00:55:34,010 - root - INFO - train average_precision, 0.5080
2024-03-15 00:55:34,010 - root - INFO - train roc_auc, 0.5029
2024-03-15 00:55:34,010 - root - INFO - validate mrr, 0.2222
2024-03-15 00:55:37,616 - root - INFO - Epoch: 13, learning rate: 0.0001, train loss: 0.6931
2024-03-15 00:55:37,616 - root - INFO - train average_precision, 0.5079
2024-03-15 00:55:37,616 - root - INFO - train roc_auc, 0.5119
2024-03-15 00:55:37,616 - root - INFO - validate mrr, 0.2222
2024-03-15 00:55:41,176 - root - INFO - Epoch: 14, learning rate: 0.0001, train loss: 0.6933
2024-03-15 00:55:41,176 - root - INFO - train average_precision, 0.5067
2024-03-15 00:55:41,176 - root - INFO - train roc_auc, 0.4928
2024-03-15 00:55:41,177 - root - INFO - validate mrr, 0.2222
2024-03-15 00:55:44,742 - root - INFO - Epoch: 15, learning rate: 0.0001, train loss: 0.6932
2024-03-15 00:55:44,742 - root - INFO - train average_precision, 0.5063
2024-03-15 00:55:44,742 - root - INFO - train roc_auc, 0.5003
2024-03-15 00:55:44,742 - root - INFO - validate mrr, 0.2232
2024-03-15 00:55:48,441 - root - INFO - Epoch: 16, learning rate: 0.0001, train loss: 0.6932
2024-03-15 00:55:48,441 - root - INFO - train average_precision, 0.5040
2024-03-15 00:55:48,441 - root - INFO - train roc_auc, 0.5009
2024-03-15 00:55:48,441 - root - INFO - validate mrr, 0.2222
2024-03-15 00:55:52,065 - root - INFO - Epoch: 17, learning rate: 0.0001, train loss: 0.6929
2024-03-15 00:55:52,065 - root - INFO - train average_precision, 0.5257
2024-03-15 00:55:52,065 - root - INFO - train roc_auc, 0.5160
2024-03-15 00:55:52,065 - root - INFO - validate mrr, 0.1870
2024-03-15 00:55:55,623 - root - INFO - Epoch: 18, learning rate: 0.0001, train loss: 0.6933
2024-03-15 00:55:55,623 - root - INFO - train average_precision, 0.5033
2024-03-15 00:55:55,623 - root - INFO - train roc_auc, 0.4959
2024-03-15 00:55:55,623 - root - INFO - validate mrr, 0.2222
2024-03-15 00:55:59,149 - root - INFO - Epoch: 19, learning rate: 0.0001, train loss: 0.6933
2024-03-15 00:55:59,149 - root - INFO - train average_precision, 0.5013
2024-03-15 00:55:59,149 - root - INFO - train roc_auc, 0.4931
2024-03-15 00:55:59,149 - root - INFO - validate mrr, 0.2232
2024-03-15 00:56:02,718 - root - INFO - Epoch: 20, learning rate: 0.0001, train loss: 0.6933
2024-03-15 00:56:02,718 - root - INFO - train average_precision, 0.5043
2024-03-15 00:56:02,718 - root - INFO - train roc_auc, 0.4919
2024-03-15 00:56:02,718 - root - INFO - validate mrr, 0.2222
2024-03-15 00:56:03,289 - root - INFO - test mrr, 0.2222
2024-03-15 00:56:03,290 - root - INFO - load model ./saved_models/GraphMixer/tgbl-synthetic/GraphMixer_seed2/GraphMixer_seed2.pkl
2024-03-15 00:56:03,291 - root - INFO - get final performance on dataset tgbl-synthetic...
2024-03-15 00:56:04,443 - root - INFO - validate mrr, 0.2474
2024-03-15 00:56:04,443 - root - INFO - test mrr, 0.2474
2024-03-15 00:56:04,443 - root - INFO - Run 3 cost 73.81 seconds.
2024-03-15 00:56:04,444 - root - INFO - metrics over 3 runs:
2024-03-15 00:56:04,444 - root - INFO - validate mrr, [0.5383444, 0.28327134, 0.24736951]
2024-03-15 00:56:04,444 - root - INFO - average validate mrr, 0.3563 ± 0.1586
2024-03-15 00:56:04,444 - root - INFO - test mrr, [0.5383444, 0.28327134, 0.24736951]
2024-03-15 00:56:04,444 - root - INFO - average test mrr, 0.3563 ± 0.1586
