2024-03-15 01:03:00,480 - root - INFO - ********** Run 3 starts. **********
2024-03-15 01:03:00,480 - root - INFO - configuration is Namespace(dataset_name='tgbl-synthetic', batch_size=200, model_name='GraphMixer', gpu=0, num_neighbors=32, sample_neighbor_strategy='recent', time_scaling_factor=1e-06, num_walk_heads=8, num_heads=2, num_layers=2, walk_length=1, time_gap=32, time_feat_dim=100, position_feat_dim=172, output_dim=172, edge_bank_memory_mode='unlimited_memory', time_window_mode='fixed_proportion', patch_size=1, channel_embedding_dim=50, max_input_sequence_length=32, learning_rate=0.0001, dropout=0.1, num_epochs=20, optimizer='Adam', weight_decay=0.0, patience=20, num_runs=3, test_interval_epochs=10, load_best_configs=False, device='cpu', seed=2, save_model_name='GraphMixer_seed2')
2024-03-15 01:03:00,483 - root - INFO - model -> Sequential(
  (0): GraphMixer(
    (time_encoder): TimeEncoder(
      (w): Linear(in_features=1, out_features=100, bias=True)
    )
    (projection_layer): Linear(in_features=101, out_features=172, bias=True)
    (mlp_mixers): ModuleList(
      (0-1): 2 x MLPMixer(
        (token_norm): LayerNorm((32,), eps=1e-05, elementwise_affine=True)
        (token_feedforward): FeedForwardNet(
          (ffn): Sequential(
            (0): Linear(in_features=32, out_features=16, bias=True)
            (1): GELU(approximate='none')
            (2): Dropout(p=0.1, inplace=False)
            (3): Linear(in_features=16, out_features=32, bias=True)
            (4): Dropout(p=0.1, inplace=False)
          )
        )
        (channel_norm): LayerNorm((172,), eps=1e-05, elementwise_affine=True)
        (channel_feedforward): FeedForwardNet(
          (ffn): Sequential(
            (0): Linear(in_features=172, out_features=688, bias=True)
            (1): GELU(approximate='none')
            (2): Dropout(p=0.1, inplace=False)
            (3): Linear(in_features=688, out_features=172, bias=True)
            (4): Dropout(p=0.1, inplace=False)
          )
        )
      )
    )
    (output_layer): Linear(in_features=173, out_features=172, bias=True)
  )
  (1): MergeLayer(
    (fc1): Linear(in_features=344, out_features=172, bias=True)
    (fc2): Linear(in_features=172, out_features=1, bias=True)
    (act): ReLU()
  )
)
2024-03-15 01:03:00,483 - root - INFO - model name: GraphMixer, #parameters: 2340036 B, 2285.19140625 KB, 2.2316322326660156 MB.
2024-03-15 01:03:10,612 - root - INFO - Epoch: 1, learning rate: 0.0001, train loss: 0.6934
2024-03-15 01:03:10,612 - root - INFO - train average_precision, 0.5048
2024-03-15 01:03:10,612 - root - INFO - train roc_auc, 0.4929
2024-03-15 01:03:10,612 - root - INFO - validate mrr, 0.2222
2024-03-15 01:03:10,612 - root - INFO - save model ./saved_models/GraphMixer/tgbl-synthetic/GraphMixer_seed2/GraphMixer_seed2.pkl
2024-03-15 01:03:20,732 - root - INFO - Epoch: 2, learning rate: 0.0001, train loss: 0.6932
2024-03-15 01:03:20,732 - root - INFO - train average_precision, 0.5001
2024-03-15 01:03:20,733 - root - INFO - train roc_auc, 0.4909
2024-03-15 01:03:20,733 - root - INFO - validate mrr, 0.2222
2024-03-15 01:03:20,733 - root - INFO - save model ./saved_models/GraphMixer/tgbl-synthetic/GraphMixer_seed2/GraphMixer_seed2.pkl
2024-03-15 01:03:30,919 - root - INFO - Epoch: 3, learning rate: 0.0001, train loss: 0.6932
2024-03-15 01:03:30,919 - root - INFO - train average_precision, 0.5062
2024-03-15 01:03:30,919 - root - INFO - train roc_auc, 0.4985
2024-03-15 01:03:30,919 - root - INFO - validate mrr, 0.2222
2024-03-15 01:03:30,919 - root - INFO - save model ./saved_models/GraphMixer/tgbl-synthetic/GraphMixer_seed2/GraphMixer_seed2.pkl
2024-03-15 01:03:41,036 - root - INFO - Epoch: 4, learning rate: 0.0001, train loss: 0.6931
2024-03-15 01:03:41,036 - root - INFO - train average_precision, 0.5113
2024-03-15 01:03:41,036 - root - INFO - train roc_auc, 0.5047
2024-03-15 01:03:41,036 - root - INFO - validate mrr, 0.2222
2024-03-15 01:03:41,036 - root - INFO - save model ./saved_models/GraphMixer/tgbl-synthetic/GraphMixer_seed2/GraphMixer_seed2.pkl
2024-03-15 01:03:51,291 - root - INFO - Epoch: 5, learning rate: 0.0001, train loss: 0.6932
2024-03-15 01:03:51,291 - root - INFO - train average_precision, 0.5051
2024-03-15 01:03:51,291 - root - INFO - train roc_auc, 0.4963
2024-03-15 01:03:51,291 - root - INFO - validate mrr, 0.2222
2024-03-15 01:03:51,291 - root - INFO - save model ./saved_models/GraphMixer/tgbl-synthetic/GraphMixer_seed2/GraphMixer_seed2.pkl
2024-03-15 01:04:01,564 - root - INFO - Epoch: 6, learning rate: 0.0001, train loss: 0.6932
2024-03-15 01:04:01,564 - root - INFO - train average_precision, 0.5085
2024-03-15 01:04:01,564 - root - INFO - train roc_auc, 0.4978
2024-03-15 01:04:01,564 - root - INFO - validate mrr, 0.2222
2024-03-15 01:04:01,564 - root - INFO - save model ./saved_models/GraphMixer/tgbl-synthetic/GraphMixer_seed2/GraphMixer_seed2.pkl
2024-03-15 01:04:11,705 - root - INFO - Epoch: 7, learning rate: 0.0001, train loss: 0.6931
2024-03-15 01:04:11,705 - root - INFO - train average_precision, 0.5097
2024-03-15 01:04:11,705 - root - INFO - train roc_auc, 0.5006
2024-03-15 01:04:11,706 - root - INFO - validate mrr, 0.2222
2024-03-15 01:04:11,706 - root - INFO - save model ./saved_models/GraphMixer/tgbl-synthetic/GraphMixer_seed2/GraphMixer_seed2.pkl
2024-03-15 01:04:21,840 - root - INFO - Epoch: 8, learning rate: 0.0001, train loss: 0.6932
2024-03-15 01:04:21,840 - root - INFO - train average_precision, 0.4986
2024-03-15 01:04:21,840 - root - INFO - train roc_auc, 0.4889
2024-03-15 01:04:21,840 - root - INFO - validate mrr, 0.2556
2024-03-15 01:04:21,840 - root - INFO - save model ./saved_models/GraphMixer/tgbl-synthetic/GraphMixer_seed2/GraphMixer_seed2.pkl
2024-03-15 01:04:31,928 - root - INFO - Epoch: 9, learning rate: 0.0001, train loss: 0.6931
2024-03-15 01:04:31,929 - root - INFO - train average_precision, 0.5047
2024-03-15 01:04:31,929 - root - INFO - train roc_auc, 0.4996
2024-03-15 01:04:31,929 - root - INFO - validate mrr, 0.2222
2024-03-15 01:04:42,116 - root - INFO - Epoch: 10, learning rate: 0.0001, train loss: 0.6932
2024-03-15 01:04:42,116 - root - INFO - train average_precision, 0.4955
2024-03-15 01:04:42,116 - root - INFO - train roc_auc, 0.4886
2024-03-15 01:04:42,116 - root - INFO - validate mrr, 0.2222
2024-03-15 01:04:43,374 - root - INFO - test mrr, 0.2222
2024-03-15 01:04:53,488 - root - INFO - Epoch: 11, learning rate: 0.0001, train loss: 0.6931
2024-03-15 01:04:53,488 - root - INFO - train average_precision, 0.5072
2024-03-15 01:04:53,488 - root - INFO - train roc_auc, 0.5033
2024-03-15 01:04:53,488 - root - INFO - validate mrr, 0.2222
2024-03-15 01:05:03,662 - root - INFO - Epoch: 12, learning rate: 0.0001, train loss: 0.6931
2024-03-15 01:05:03,662 - root - INFO - train average_precision, 0.5116
2024-03-15 01:05:03,662 - root - INFO - train roc_auc, 0.5064
2024-03-15 01:05:03,662 - root - INFO - validate mrr, 0.2222
2024-03-15 01:05:13,805 - root - INFO - Epoch: 13, learning rate: 0.0001, train loss: 0.6931
2024-03-15 01:05:13,805 - root - INFO - train average_precision, 0.5120
2024-03-15 01:05:13,805 - root - INFO - train roc_auc, 0.5048
2024-03-15 01:05:13,806 - root - INFO - validate mrr, 0.2232
2024-03-15 01:05:23,940 - root - INFO - Epoch: 14, learning rate: 0.0001, train loss: 0.6932
2024-03-15 01:05:23,940 - root - INFO - train average_precision, 0.5050
2024-03-15 01:05:23,940 - root - INFO - train roc_auc, 0.5014
2024-03-15 01:05:23,940 - root - INFO - validate mrr, 0.2410
2024-03-15 01:05:34,084 - root - INFO - Epoch: 15, learning rate: 0.0001, train loss: 0.6932
2024-03-15 01:05:34,084 - root - INFO - train average_precision, 0.5045
2024-03-15 01:05:34,084 - root - INFO - train roc_auc, 0.5022
2024-03-15 01:05:34,085 - root - INFO - validate mrr, 0.2222
2024-03-15 01:05:44,345 - root - INFO - Epoch: 16, learning rate: 0.0001, train loss: 0.6932
2024-03-15 01:05:44,345 - root - INFO - train average_precision, 0.5020
2024-03-15 01:05:44,345 - root - INFO - train roc_auc, 0.4990
2024-03-15 01:05:44,346 - root - INFO - validate mrr, 0.2222
2024-03-15 01:05:54,553 - root - INFO - Epoch: 17, learning rate: 0.0001, train loss: 0.6931
2024-03-15 01:05:54,553 - root - INFO - train average_precision, 0.5149
2024-03-15 01:05:54,553 - root - INFO - train roc_auc, 0.5060
2024-03-15 01:05:54,553 - root - INFO - validate mrr, 0.2222
2024-03-15 01:06:04,746 - root - INFO - Epoch: 18, learning rate: 0.0001, train loss: 0.6931
2024-03-15 01:06:04,746 - root - INFO - train average_precision, 0.5198
2024-03-15 01:06:04,746 - root - INFO - train roc_auc, 0.5163
2024-03-15 01:06:04,746 - root - INFO - validate mrr, 0.2222
2024-03-15 01:06:14,848 - root - INFO - Epoch: 19, learning rate: 0.0001, train loss: 0.6931
2024-03-15 01:06:14,848 - root - INFO - train average_precision, 0.5090
2024-03-15 01:06:14,848 - root - INFO - train roc_auc, 0.5031
2024-03-15 01:06:14,848 - root - INFO - validate mrr, 0.2220
2024-03-15 01:06:25,060 - root - INFO - Epoch: 20, learning rate: 0.0001, train loss: 0.6932
2024-03-15 01:06:25,060 - root - INFO - train average_precision, 0.5048
2024-03-15 01:06:25,060 - root - INFO - train roc_auc, 0.4945
2024-03-15 01:06:25,060 - root - INFO - validate mrr, 0.2223
2024-03-15 01:06:26,352 - root - INFO - test mrr, 0.2223
2024-03-15 01:06:26,352 - root - INFO - load model ./saved_models/GraphMixer/tgbl-synthetic/GraphMixer_seed2/GraphMixer_seed2.pkl
2024-03-15 01:06:26,354 - root - INFO - get final performance on dataset tgbl-synthetic...
2024-03-15 01:06:28,943 - root - INFO - validate mrr, 0.2556
2024-03-15 01:06:28,943 - root - INFO - test mrr, 0.2556
2024-03-15 01:06:28,943 - root - INFO - Run 3 cost 208.46 seconds.
2024-03-15 01:06:28,943 - root - INFO - metrics over 3 runs:
2024-03-15 01:06:28,943 - root - INFO - validate mrr, [0.33893323, 0.31356642, 0.2555556]
2024-03-15 01:06:28,943 - root - INFO - average validate mrr, 0.3027 ± 0.0427
2024-03-15 01:06:28,943 - root - INFO - test mrr, [0.33893323, 0.31356642, 0.2555556]
2024-03-15 01:06:28,943 - root - INFO - average test mrr, 0.3027 ± 0.0427
