2024-03-14 18:34:23,559 - root - INFO - ********** Run 3 starts. **********
2024-03-14 18:34:23,559 - root - INFO - configuration is Namespace(dataset_name='tgbl-synthetic', batch_size=200, model_name='GraphMixer', gpu=0, num_neighbors=8, sample_neighbor_strategy='recent', time_scaling_factor=1e-06, num_walk_heads=8, num_heads=2, num_layers=2, walk_length=1, time_gap=8, time_feat_dim=100, position_feat_dim=172, output_dim=172, edge_bank_memory_mode='unlimited_memory', time_window_mode='fixed_proportion', patch_size=1, channel_embedding_dim=50, max_input_sequence_length=4, learning_rate=0.0001, dropout=0.1, num_epochs=20, optimizer='Adam', weight_decay=0.0, patience=20, num_runs=5, test_interval_epochs=10, load_best_configs=False, device='cpu', seed=2, save_model_name='GraphMixer_seed2')
2024-03-14 18:34:23,561 - root - INFO - model -> Sequential(
  (0): GraphMixer(
    (time_encoder): TimeEncoder(
      (w): Linear(in_features=1, out_features=100, bias=True)
    )
    (projection_layer): Linear(in_features=101, out_features=172, bias=True)
    (mlp_mixers): ModuleList(
      (0-1): 2 x MLPMixer(
        (token_norm): LayerNorm((8,), eps=1e-05, elementwise_affine=True)
        (token_feedforward): FeedForwardNet(
          (ffn): Sequential(
            (0): Linear(in_features=8, out_features=4, bias=True)
            (1): GELU(approximate='none')
            (2): Dropout(p=0.1, inplace=False)
            (3): Linear(in_features=4, out_features=8, bias=True)
            (4): Dropout(p=0.1, inplace=False)
          )
        )
        (channel_norm): LayerNorm((172,), eps=1e-05, elementwise_affine=True)
        (channel_feedforward): FeedForwardNet(
          (ffn): Sequential(
            (0): Linear(in_features=172, out_features=688, bias=True)
            (1): GELU(approximate='none')
            (2): Dropout(p=0.1, inplace=False)
            (3): Linear(in_features=688, out_features=172, bias=True)
            (4): Dropout(p=0.1, inplace=False)
          )
        )
      )
    )
    (output_layer): Linear(in_features=173, out_features=172, bias=True)
  )
  (1): MergeLayer(
    (fc1): Linear(in_features=344, out_features=172, bias=True)
    (fc2): Linear(in_features=172, out_features=1, bias=True)
    (act): ReLU()
  )
)
2024-03-14 18:34:23,562 - root - INFO - model name: GraphMixer, #parameters: 2331684 B, 2277.03515625 KB, 2.2236671447753906 MB.
2024-03-14 18:34:27,073 - root - INFO - Epoch: 1, learning rate: 0.0001, train loss: 0.6932
2024-03-14 18:34:27,073 - root - INFO - train average_precision, 0.5172
2024-03-14 18:34:27,073 - root - INFO - train roc_auc, 0.5096
2024-03-14 18:34:27,073 - root - INFO - validate mrr, 0.2222
2024-03-14 18:34:27,073 - root - INFO - save model ./saved_models/GraphMixer/tgbl-synthetic/GraphMixer_seed2/GraphMixer_seed2.pkl
2024-03-14 18:34:30,619 - root - INFO - Epoch: 2, learning rate: 0.0001, train loss: 0.6933
2024-03-14 18:34:30,619 - root - INFO - train average_precision, 0.4995
2024-03-14 18:34:30,619 - root - INFO - train roc_auc, 0.4937
2024-03-14 18:34:30,619 - root - INFO - validate mrr, 0.2222
2024-03-14 18:34:30,619 - root - INFO - save model ./saved_models/GraphMixer/tgbl-synthetic/GraphMixer_seed2/GraphMixer_seed2.pkl
2024-03-14 18:34:34,067 - root - INFO - Epoch: 3, learning rate: 0.0001, train loss: 0.6932
2024-03-14 18:34:34,067 - root - INFO - train average_precision, 0.5046
2024-03-14 18:34:34,067 - root - INFO - train roc_auc, 0.4982
2024-03-14 18:34:34,067 - root - INFO - validate mrr, 0.2222
2024-03-14 18:34:34,067 - root - INFO - save model ./saved_models/GraphMixer/tgbl-synthetic/GraphMixer_seed2/GraphMixer_seed2.pkl
2024-03-14 18:34:37,574 - root - INFO - Epoch: 4, learning rate: 0.0001, train loss: 0.6931
2024-03-14 18:34:37,574 - root - INFO - train average_precision, 0.5100
2024-03-14 18:34:37,574 - root - INFO - train roc_auc, 0.5065
2024-03-14 18:34:37,574 - root - INFO - validate mrr, 0.2221
2024-03-14 18:34:41,125 - root - INFO - Epoch: 5, learning rate: 0.0001, train loss: 0.6932
2024-03-14 18:34:41,125 - root - INFO - train average_precision, 0.5100
2024-03-14 18:34:41,125 - root - INFO - train roc_auc, 0.5012
2024-03-14 18:34:41,126 - root - INFO - validate mrr, 0.2474
2024-03-14 18:34:41,126 - root - INFO - save model ./saved_models/GraphMixer/tgbl-synthetic/GraphMixer_seed2/GraphMixer_seed2.pkl
2024-03-14 18:34:44,577 - root - INFO - Epoch: 6, learning rate: 0.0001, train loss: 0.6933
2024-03-14 18:34:44,577 - root - INFO - train average_precision, 0.4985
2024-03-14 18:34:44,577 - root - INFO - train roc_auc, 0.4924
2024-03-14 18:34:44,577 - root - INFO - validate mrr, 0.2222
2024-03-14 18:34:48,202 - root - INFO - Epoch: 7, learning rate: 0.0001, train loss: 0.6932
2024-03-14 18:34:48,202 - root - INFO - train average_precision, 0.5088
2024-03-14 18:34:48,202 - root - INFO - train roc_auc, 0.4999
2024-03-14 18:34:48,202 - root - INFO - validate mrr, 0.2221
2024-03-14 18:34:51,705 - root - INFO - Epoch: 8, learning rate: 0.0001, train loss: 0.6930
2024-03-14 18:34:51,705 - root - INFO - train average_precision, 0.5175
2024-03-14 18:34:51,705 - root - INFO - train roc_auc, 0.5104
2024-03-14 18:34:51,705 - root - INFO - validate mrr, 0.2222
2024-03-14 18:34:55,310 - root - INFO - Epoch: 9, learning rate: 0.0001, train loss: 0.6931
2024-03-14 18:34:55,310 - root - INFO - train average_precision, 0.5089
2024-03-14 18:34:55,310 - root - INFO - train roc_auc, 0.5058
2024-03-14 18:34:55,310 - root - INFO - validate mrr, 0.2244
2024-03-14 18:34:58,940 - root - INFO - Epoch: 10, learning rate: 0.0001, train loss: 0.6932
2024-03-14 18:34:58,940 - root - INFO - train average_precision, 0.5051
2024-03-14 18:34:58,940 - root - INFO - train roc_auc, 0.5012
2024-03-14 18:34:58,940 - root - INFO - validate mrr, 0.2222
2024-03-14 18:34:59,482 - root - INFO - test mrr, 0.2222
2024-03-14 18:35:03,064 - root - INFO - Epoch: 11, learning rate: 0.0001, train loss: 0.6934
2024-03-14 18:35:03,064 - root - INFO - train average_precision, 0.4938
2024-03-14 18:35:03,064 - root - INFO - train roc_auc, 0.4832
2024-03-14 18:35:03,064 - root - INFO - validate mrr, 0.2222
2024-03-14 18:35:06,575 - root - INFO - Epoch: 12, learning rate: 0.0001, train loss: 0.6931
2024-03-14 18:35:06,575 - root - INFO - train average_precision, 0.5080
2024-03-14 18:35:06,575 - root - INFO - train roc_auc, 0.5029
2024-03-14 18:35:06,575 - root - INFO - validate mrr, 0.2222
2024-03-14 18:35:10,204 - root - INFO - Epoch: 13, learning rate: 0.0001, train loss: 0.6931
2024-03-14 18:35:10,204 - root - INFO - train average_precision, 0.5079
2024-03-14 18:35:10,204 - root - INFO - train roc_auc, 0.5119
2024-03-14 18:35:10,204 - root - INFO - validate mrr, 0.2222
2024-03-14 18:35:13,707 - root - INFO - Epoch: 14, learning rate: 0.0001, train loss: 0.6933
2024-03-14 18:35:13,707 - root - INFO - train average_precision, 0.5067
2024-03-14 18:35:13,707 - root - INFO - train roc_auc, 0.4928
2024-03-14 18:35:13,707 - root - INFO - validate mrr, 0.2222
2024-03-14 18:35:17,224 - root - INFO - Epoch: 15, learning rate: 0.0001, train loss: 0.6932
2024-03-14 18:35:17,224 - root - INFO - train average_precision, 0.5063
2024-03-14 18:35:17,224 - root - INFO - train roc_auc, 0.5003
2024-03-14 18:35:17,224 - root - INFO - validate mrr, 0.2232
2024-03-14 18:35:20,707 - root - INFO - Epoch: 16, learning rate: 0.0001, train loss: 0.6932
2024-03-14 18:35:20,707 - root - INFO - train average_precision, 0.5040
2024-03-14 18:35:20,707 - root - INFO - train roc_auc, 0.5009
2024-03-14 18:35:20,707 - root - INFO - validate mrr, 0.2222
2024-03-14 18:35:24,270 - root - INFO - Epoch: 17, learning rate: 0.0001, train loss: 0.6929
2024-03-14 18:35:24,271 - root - INFO - train average_precision, 0.5257
2024-03-14 18:35:24,271 - root - INFO - train roc_auc, 0.5160
2024-03-14 18:35:24,271 - root - INFO - validate mrr, 0.1870
2024-03-14 18:35:27,777 - root - INFO - Epoch: 18, learning rate: 0.0001, train loss: 0.6933
2024-03-14 18:35:27,777 - root - INFO - train average_precision, 0.5033
2024-03-14 18:35:27,777 - root - INFO - train roc_auc, 0.4959
2024-03-14 18:35:27,778 - root - INFO - validate mrr, 0.2222
2024-03-14 18:35:31,427 - root - INFO - Epoch: 19, learning rate: 0.0001, train loss: 0.6933
2024-03-14 18:35:31,428 - root - INFO - train average_precision, 0.5013
2024-03-14 18:35:31,428 - root - INFO - train roc_auc, 0.4931
2024-03-14 18:35:31,428 - root - INFO - validate mrr, 0.2232
2024-03-14 18:35:35,121 - root - INFO - Epoch: 20, learning rate: 0.0001, train loss: 0.6933
2024-03-14 18:35:35,121 - root - INFO - train average_precision, 0.5043
2024-03-14 18:35:35,121 - root - INFO - train roc_auc, 0.4919
2024-03-14 18:35:35,121 - root - INFO - validate mrr, 0.2222
2024-03-14 18:35:35,691 - root - INFO - test mrr, 0.2222
2024-03-14 18:35:35,691 - root - INFO - load model ./saved_models/GraphMixer/tgbl-synthetic/GraphMixer_seed2/GraphMixer_seed2.pkl
2024-03-14 18:35:35,696 - root - INFO - get final performance on dataset tgbl-synthetic...
2024-03-14 18:35:36,803 - root - INFO - validate mrr, 0.2474
2024-03-14 18:35:36,803 - root - INFO - test mrr, 0.2474
2024-03-14 18:35:36,803 - root - INFO - Run 3 cost 73.24 seconds.
