2024-03-14 20:51:07,517 - root - INFO - ********** Run 4 starts. **********
2024-03-14 20:51:07,517 - root - INFO - configuration is Namespace(dataset_name='tgbl-synthetic', batch_size=200, model_name='DyRep', gpu=0, num_neighbors=8, sample_neighbor_strategy='recent', time_scaling_factor=1e-06, num_walk_heads=8, num_heads=2, num_layers=2, walk_length=1, time_gap=8, time_feat_dim=100, position_feat_dim=172, output_dim=172, edge_bank_memory_mode='unlimited_memory', time_window_mode='fixed_proportion', patch_size=1, channel_embedding_dim=50, max_input_sequence_length=8, learning_rate=0.0001, dropout=0.1, num_epochs=20, optimizer='Adam', weight_decay=0.0, patience=20, num_runs=5, test_interval_epochs=10, load_best_configs=False, device='cpu', seed=3, save_model_name='DyRep_seed3')
2024-03-14 20:51:07,525 - root - INFO - model -> Sequential(
  (0): MemoryModel(
    (time_encoder): TimeEncoder(
      (w): Linear(in_features=1, out_features=100, bias=True)
    )
    (message_aggregator): MessageAggregator()
    (memory_bank): MemoryBank(num_nodes=10, memory_dim=172)
    (memory_updater): RNNMemoryUpdater(
      (memory_bank): MemoryBank(num_nodes=10, memory_dim=172)
      (memory_updater): RNNCell(445, 172)
    )
    (embedding_module): GraphAttentionEmbedding(
      (time_encoder): TimeEncoder(
        (w): Linear(in_features=1, out_features=100, bias=True)
      )
      (temporal_conv_layers): ModuleList(
        (0-1): 2 x MultiHeadAttention(
          (query_projection): Linear(in_features=272, out_features=272, bias=False)
          (key_projection): Linear(in_features=273, out_features=272, bias=False)
          (value_projection): Linear(in_features=273, out_features=272, bias=False)
          (layer_norm): LayerNorm((272,), eps=1e-05, elementwise_affine=True)
          (residual_fc): Linear(in_features=272, out_features=272, bias=True)
          (dropout): Dropout(p=0.1, inplace=False)
        )
      )
      (merge_layers): ModuleList(
        (0-1): 2 x MergeLayer(
          (fc1): Linear(in_features=444, out_features=172, bias=True)
          (fc2): Linear(in_features=172, out_features=172, bias=True)
          (act): ReLU()
        )
      )
      (projection_layer): Linear(in_features=1, out_features=172, bias=True)
    )
  )
  (1): MergeLayer(
    (fc1): Linear(in_features=344, out_features=172, bias=True)
    (fc2): Linear(in_features=172, out_features=1, bias=True)
    (act): ReLU()
  )
)
2024-03-14 20:51:07,525 - root - INFO - model name: DyRep, #parameters: 3894836 B, 3803.55078125 KB, 3.714405059814453 MB.
2024-03-14 20:51:14,080 - root - INFO - Epoch: 1, learning rate: 0.0001, train loss: 0.6935
2024-03-14 20:51:14,080 - root - INFO - train average_precision, 0.5050
2024-03-14 20:51:14,080 - root - INFO - train roc_auc, 0.5042
2024-03-14 20:51:14,080 - root - INFO - validate mrr, 0.3397
2024-03-14 20:51:14,080 - root - INFO - save model ./saved_models/DyRep/tgbl-synthetic/DyRep_seed3/DyRep_seed3.pkl
2024-03-14 20:51:20,602 - root - INFO - Epoch: 2, learning rate: 0.0001, train loss: 0.6938
2024-03-14 20:51:20,602 - root - INFO - train average_precision, 0.5028
2024-03-14 20:51:20,602 - root - INFO - train roc_auc, 0.4999
2024-03-14 20:51:20,603 - root - INFO - validate mrr, 0.3397
2024-03-14 20:51:20,603 - root - INFO - save model ./saved_models/DyRep/tgbl-synthetic/DyRep_seed3/DyRep_seed3.pkl
2024-03-14 20:51:27,349 - root - INFO - Epoch: 3, learning rate: 0.0001, train loss: 0.6934
2024-03-14 20:51:27,349 - root - INFO - train average_precision, 0.4964
2024-03-14 20:51:27,349 - root - INFO - train roc_auc, 0.4945
2024-03-14 20:51:27,349 - root - INFO - validate mrr, 0.3397
2024-03-14 20:51:27,350 - root - INFO - save model ./saved_models/DyRep/tgbl-synthetic/DyRep_seed3/DyRep_seed3.pkl
2024-03-14 20:51:34,114 - root - INFO - Epoch: 4, learning rate: 0.0001, train loss: 0.6933
2024-03-14 20:51:34,114 - root - INFO - train average_precision, 0.5025
2024-03-14 20:51:34,114 - root - INFO - train roc_auc, 0.5027
2024-03-14 20:51:34,114 - root - INFO - validate mrr, 0.3397
2024-03-14 20:51:34,115 - root - INFO - save model ./saved_models/DyRep/tgbl-synthetic/DyRep_seed3/DyRep_seed3.pkl
2024-03-14 20:51:40,581 - root - INFO - Epoch: 5, learning rate: 0.0001, train loss: 0.6933
2024-03-14 20:51:40,581 - root - INFO - train average_precision, 0.5033
2024-03-14 20:51:40,582 - root - INFO - train roc_auc, 0.5027
2024-03-14 20:51:40,582 - root - INFO - validate mrr, 0.3397
2024-03-14 20:51:40,582 - root - INFO - save model ./saved_models/DyRep/tgbl-synthetic/DyRep_seed3/DyRep_seed3.pkl
2024-03-14 20:51:47,937 - root - INFO - Epoch: 6, learning rate: 0.0001, train loss: 0.6934
2024-03-14 20:51:47,938 - root - INFO - train average_precision, 0.5023
2024-03-14 20:51:47,938 - root - INFO - train roc_auc, 0.4991
2024-03-14 20:51:47,938 - root - INFO - validate mrr, 0.3397
2024-03-14 20:51:47,939 - root - INFO - save model ./saved_models/DyRep/tgbl-synthetic/DyRep_seed3/DyRep_seed3.pkl
2024-03-14 20:51:54,973 - root - INFO - Epoch: 7, learning rate: 0.0001, train loss: 0.6933
2024-03-14 20:51:54,974 - root - INFO - train average_precision, 0.5049
2024-03-14 20:51:54,974 - root - INFO - train roc_auc, 0.5024
2024-03-14 20:51:54,974 - root - INFO - validate mrr, 0.3397
2024-03-14 20:51:54,974 - root - INFO - save model ./saved_models/DyRep/tgbl-synthetic/DyRep_seed3/DyRep_seed3.pkl
2024-03-14 20:52:01,552 - root - INFO - Epoch: 8, learning rate: 0.0001, train loss: 0.6934
2024-03-14 20:52:01,552 - root - INFO - train average_precision, 0.5066
2024-03-14 20:52:01,553 - root - INFO - train roc_auc, 0.5043
2024-03-14 20:52:01,553 - root - INFO - validate mrr, 0.3397
2024-03-14 20:52:01,553 - root - INFO - save model ./saved_models/DyRep/tgbl-synthetic/DyRep_seed3/DyRep_seed3.pkl
2024-03-14 20:52:08,050 - root - INFO - Epoch: 9, learning rate: 0.0001, train loss: 0.6935
2024-03-14 20:52:08,050 - root - INFO - train average_precision, 0.4991
2024-03-14 20:52:08,050 - root - INFO - train roc_auc, 0.4973
2024-03-14 20:52:08,050 - root - INFO - validate mrr, 0.3397
2024-03-14 20:52:08,050 - root - INFO - save model ./saved_models/DyRep/tgbl-synthetic/DyRep_seed3/DyRep_seed3.pkl
2024-03-14 20:52:14,628 - root - INFO - Epoch: 10, learning rate: 0.0001, train loss: 0.6936
2024-03-14 20:52:14,628 - root - INFO - train average_precision, 0.5000
2024-03-14 20:52:14,628 - root - INFO - train roc_auc, 0.4922
2024-03-14 20:52:14,628 - root - INFO - validate mrr, 0.3397
2024-03-14 20:52:17,776 - root - INFO - test mrr, 0.3397
2024-03-14 20:52:17,777 - root - INFO - save model ./saved_models/DyRep/tgbl-synthetic/DyRep_seed3/DyRep_seed3.pkl
2024-03-14 20:52:24,581 - root - INFO - Epoch: 11, learning rate: 0.0001, train loss: 0.6936
2024-03-14 20:52:24,581 - root - INFO - train average_precision, 0.5079
2024-03-14 20:52:24,581 - root - INFO - train roc_auc, 0.5028
2024-03-14 20:52:24,581 - root - INFO - validate mrr, 0.3397
2024-03-14 20:52:24,582 - root - INFO - save model ./saved_models/DyRep/tgbl-synthetic/DyRep_seed3/DyRep_seed3.pkl
2024-03-14 20:52:31,493 - root - INFO - Epoch: 12, learning rate: 0.0001, train loss: 0.6935
2024-03-14 20:52:31,494 - root - INFO - train average_precision, 0.5048
2024-03-14 20:52:31,494 - root - INFO - train roc_auc, 0.5054
2024-03-14 20:52:31,494 - root - INFO - validate mrr, 0.3397
2024-03-14 20:52:31,494 - root - INFO - save model ./saved_models/DyRep/tgbl-synthetic/DyRep_seed3/DyRep_seed3.pkl
2024-03-14 20:52:38,305 - root - INFO - Epoch: 13, learning rate: 0.0001, train loss: 0.6936
2024-03-14 20:52:38,305 - root - INFO - train average_precision, 0.5010
2024-03-14 20:52:38,305 - root - INFO - train roc_auc, 0.4984
2024-03-14 20:52:38,306 - root - INFO - validate mrr, 0.3397
2024-03-14 20:52:38,306 - root - INFO - save model ./saved_models/DyRep/tgbl-synthetic/DyRep_seed3/DyRep_seed3.pkl
2024-03-14 20:52:45,101 - root - INFO - Epoch: 14, learning rate: 0.0001, train loss: 0.6934
2024-03-14 20:52:45,101 - root - INFO - train average_precision, 0.5123
2024-03-14 20:52:45,101 - root - INFO - train roc_auc, 0.5101
2024-03-14 20:52:45,101 - root - INFO - validate mrr, 0.3397
2024-03-14 20:52:45,101 - root - INFO - save model ./saved_models/DyRep/tgbl-synthetic/DyRep_seed3/DyRep_seed3.pkl
2024-03-14 20:52:51,617 - root - INFO - Epoch: 15, learning rate: 0.0001, train loss: 0.6934
2024-03-14 20:52:51,617 - root - INFO - train average_precision, 0.5011
2024-03-14 20:52:51,618 - root - INFO - train roc_auc, 0.4997
2024-03-14 20:52:51,618 - root - INFO - validate mrr, 0.3397
2024-03-14 20:52:51,618 - root - INFO - save model ./saved_models/DyRep/tgbl-synthetic/DyRep_seed3/DyRep_seed3.pkl
2024-03-14 20:52:58,238 - root - INFO - Epoch: 16, learning rate: 0.0001, train loss: 0.6933
2024-03-14 20:52:58,238 - root - INFO - train average_precision, 0.4977
2024-03-14 20:52:58,238 - root - INFO - train roc_auc, 0.4980
2024-03-14 20:52:58,239 - root - INFO - validate mrr, 0.3397
2024-03-14 20:52:58,239 - root - INFO - save model ./saved_models/DyRep/tgbl-synthetic/DyRep_seed3/DyRep_seed3.pkl
2024-03-14 20:53:05,089 - root - INFO - Epoch: 17, learning rate: 0.0001, train loss: 0.6934
2024-03-14 20:53:05,089 - root - INFO - train average_precision, 0.4937
2024-03-14 20:53:05,089 - root - INFO - train roc_auc, 0.4922
2024-03-14 20:53:05,089 - root - INFO - validate mrr, 0.3397
2024-03-14 20:53:05,089 - root - INFO - save model ./saved_models/DyRep/tgbl-synthetic/DyRep_seed3/DyRep_seed3.pkl
2024-03-14 20:53:11,712 - root - INFO - Epoch: 18, learning rate: 0.0001, train loss: 0.6932
2024-03-14 20:53:11,712 - root - INFO - train average_precision, 0.5052
2024-03-14 20:53:11,712 - root - INFO - train roc_auc, 0.5031
2024-03-14 20:53:11,712 - root - INFO - validate mrr, 0.3397
2024-03-14 20:53:11,713 - root - INFO - save model ./saved_models/DyRep/tgbl-synthetic/DyRep_seed3/DyRep_seed3.pkl
2024-03-14 20:53:18,542 - root - INFO - Epoch: 19, learning rate: 0.0001, train loss: 0.6932
2024-03-14 20:53:18,542 - root - INFO - train average_precision, 0.5022
2024-03-14 20:53:18,542 - root - INFO - train roc_auc, 0.5040
2024-03-14 20:53:18,542 - root - INFO - validate mrr, 0.3397
2024-03-14 20:53:18,542 - root - INFO - save model ./saved_models/DyRep/tgbl-synthetic/DyRep_seed3/DyRep_seed3.pkl
2024-03-14 20:53:25,114 - root - INFO - Epoch: 20, learning rate: 0.0001, train loss: 0.6932
2024-03-14 20:53:25,114 - root - INFO - train average_precision, 0.5017
2024-03-14 20:53:25,114 - root - INFO - train roc_auc, 0.4948
2024-03-14 20:53:25,114 - root - INFO - validate mrr, 0.3397
2024-03-14 20:53:28,105 - root - INFO - test mrr, 0.3397
2024-03-14 20:53:28,105 - root - INFO - save model ./saved_models/DyRep/tgbl-synthetic/DyRep_seed3/DyRep_seed3.pkl
2024-03-14 20:53:28,119 - root - INFO - load model ./saved_models/DyRep/tgbl-synthetic/DyRep_seed3/DyRep_seed3.pkl
2024-03-14 20:53:28,129 - root - INFO - get final performance on dataset tgbl-synthetic...
2024-03-14 20:53:31,128 - root - INFO - test mrr, 0.3397
2024-03-14 20:53:31,129 - root - INFO - Run 4 cost 143.61 seconds.
