2024-03-14 22:12:02,083 - root - INFO - ********** Run 4 starts. **********
2024-03-14 22:12:02,083 - root - INFO - configuration is Namespace(dataset_name='tgbl-synthetic', batch_size=200, model_name='DyRep', gpu=0, num_neighbors=24, sample_neighbor_strategy='recent', time_scaling_factor=1e-06, num_walk_heads=8, num_heads=2, num_layers=2, walk_length=1, time_gap=24, time_feat_dim=100, position_feat_dim=172, output_dim=172, edge_bank_memory_mode='unlimited_memory', time_window_mode='fixed_proportion', patch_size=1, channel_embedding_dim=50, max_input_sequence_length=24, learning_rate=0.0001, dropout=0.1, num_epochs=20, optimizer='Adam', weight_decay=0.0, patience=20, num_runs=5, test_interval_epochs=10, load_best_configs=False, device='cpu', seed=3, save_model_name='DyRep_seed3')
2024-03-14 22:12:02,094 - root - INFO - model -> Sequential(
  (0): MemoryModel(
    (time_encoder): TimeEncoder(
      (w): Linear(in_features=1, out_features=100, bias=True)
    )
    (message_aggregator): MessageAggregator()
    (memory_bank): MemoryBank(num_nodes=10, memory_dim=172)
    (memory_updater): RNNMemoryUpdater(
      (memory_bank): MemoryBank(num_nodes=10, memory_dim=172)
      (memory_updater): RNNCell(445, 172)
    )
    (embedding_module): GraphAttentionEmbedding(
      (time_encoder): TimeEncoder(
        (w): Linear(in_features=1, out_features=100, bias=True)
      )
      (temporal_conv_layers): ModuleList(
        (0-1): 2 x MultiHeadAttention(
          (query_projection): Linear(in_features=272, out_features=272, bias=False)
          (key_projection): Linear(in_features=273, out_features=272, bias=False)
          (value_projection): Linear(in_features=273, out_features=272, bias=False)
          (layer_norm): LayerNorm((272,), eps=1e-05, elementwise_affine=True)
          (residual_fc): Linear(in_features=272, out_features=272, bias=True)
          (dropout): Dropout(p=0.1, inplace=False)
        )
      )
      (merge_layers): ModuleList(
        (0-1): 2 x MergeLayer(
          (fc1): Linear(in_features=444, out_features=172, bias=True)
          (fc2): Linear(in_features=172, out_features=172, bias=True)
          (act): ReLU()
        )
      )
      (projection_layer): Linear(in_features=1, out_features=172, bias=True)
    )
  )
  (1): MergeLayer(
    (fc1): Linear(in_features=344, out_features=172, bias=True)
    (fc2): Linear(in_features=172, out_features=1, bias=True)
    (act): ReLU()
  )
)
2024-03-14 22:12:02,095 - root - INFO - model name: DyRep, #parameters: 3894836 B, 3803.55078125 KB, 3.714405059814453 MB.
2024-03-14 22:12:40,743 - root - INFO - Epoch: 1, learning rate: 0.0001, train loss: 0.6935
2024-03-14 22:12:40,743 - root - INFO - train average_precision, 0.5053
2024-03-14 22:12:40,744 - root - INFO - train roc_auc, 0.5051
2024-03-14 22:12:40,744 - root - INFO - validate mrr, 0.3397
2024-03-14 22:12:40,744 - root - INFO - save model ./saved_models/DyRep/tgbl-synthetic/DyRep_seed3/DyRep_seed3.pkl
2024-03-14 22:13:20,851 - root - INFO - Epoch: 2, learning rate: 0.0001, train loss: 0.6938
2024-03-14 22:13:20,851 - root - INFO - train average_precision, 0.5020
2024-03-14 22:13:20,851 - root - INFO - train roc_auc, 0.4997
2024-03-14 22:13:20,851 - root - INFO - validate mrr, 0.3397
2024-03-14 22:13:20,852 - root - INFO - save model ./saved_models/DyRep/tgbl-synthetic/DyRep_seed3/DyRep_seed3.pkl
2024-03-14 22:14:00,266 - root - INFO - Epoch: 3, learning rate: 0.0001, train loss: 0.6934
2024-03-14 22:14:00,267 - root - INFO - train average_precision, 0.4965
2024-03-14 22:14:00,267 - root - INFO - train roc_auc, 0.4947
2024-03-14 22:14:00,267 - root - INFO - validate mrr, 0.3397
2024-03-14 22:14:00,267 - root - INFO - save model ./saved_models/DyRep/tgbl-synthetic/DyRep_seed3/DyRep_seed3.pkl
2024-03-14 22:14:36,582 - root - INFO - Epoch: 4, learning rate: 0.0001, train loss: 0.6933
2024-03-14 22:14:36,583 - root - INFO - train average_precision, 0.5047
2024-03-14 22:14:36,583 - root - INFO - train roc_auc, 0.5046
2024-03-14 22:14:36,583 - root - INFO - validate mrr, 0.3397
2024-03-14 22:14:36,583 - root - INFO - save model ./saved_models/DyRep/tgbl-synthetic/DyRep_seed3/DyRep_seed3.pkl
2024-03-14 22:15:14,658 - root - INFO - Epoch: 5, learning rate: 0.0001, train loss: 0.6933
2024-03-14 22:15:14,659 - root - INFO - train average_precision, 0.5047
2024-03-14 22:15:14,659 - root - INFO - train roc_auc, 0.5019
2024-03-14 22:15:14,659 - root - INFO - validate mrr, 0.3397
2024-03-14 22:15:14,659 - root - INFO - save model ./saved_models/DyRep/tgbl-synthetic/DyRep_seed3/DyRep_seed3.pkl
2024-03-14 22:15:55,734 - root - INFO - Epoch: 6, learning rate: 0.0001, train loss: 0.6933
2024-03-14 22:15:55,734 - root - INFO - train average_precision, 0.5017
2024-03-14 22:15:55,734 - root - INFO - train roc_auc, 0.4989
2024-03-14 22:15:55,735 - root - INFO - validate mrr, 0.3397
2024-03-14 22:15:55,735 - root - INFO - save model ./saved_models/DyRep/tgbl-synthetic/DyRep_seed3/DyRep_seed3.pkl
2024-03-14 22:16:33,126 - root - INFO - Epoch: 7, learning rate: 0.0001, train loss: 0.6933
2024-03-14 22:16:33,127 - root - INFO - train average_precision, 0.5047
2024-03-14 22:16:33,127 - root - INFO - train roc_auc, 0.4998
2024-03-14 22:16:33,127 - root - INFO - validate mrr, 0.3397
2024-03-14 22:16:33,128 - root - INFO - save model ./saved_models/DyRep/tgbl-synthetic/DyRep_seed3/DyRep_seed3.pkl
2024-03-14 22:17:12,457 - root - INFO - Epoch: 8, learning rate: 0.0001, train loss: 0.6933
2024-03-14 22:17:12,458 - root - INFO - train average_precision, 0.5059
2024-03-14 22:17:12,458 - root - INFO - train roc_auc, 0.5025
2024-03-14 22:17:12,458 - root - INFO - validate mrr, 0.3397
2024-03-14 22:17:12,458 - root - INFO - save model ./saved_models/DyRep/tgbl-synthetic/DyRep_seed3/DyRep_seed3.pkl
2024-03-14 22:17:49,114 - root - INFO - Epoch: 9, learning rate: 0.0001, train loss: 0.6934
2024-03-14 22:17:49,114 - root - INFO - train average_precision, 0.4995
2024-03-14 22:17:49,114 - root - INFO - train roc_auc, 0.4984
2024-03-14 22:17:49,114 - root - INFO - validate mrr, 0.3397
2024-03-14 22:17:49,114 - root - INFO - save model ./saved_models/DyRep/tgbl-synthetic/DyRep_seed3/DyRep_seed3.pkl
2024-03-14 22:18:25,741 - root - INFO - Epoch: 10, learning rate: 0.0001, train loss: 0.6935
2024-03-14 22:18:25,742 - root - INFO - train average_precision, 0.4996
2024-03-14 22:18:25,742 - root - INFO - train roc_auc, 0.4917
2024-03-14 22:18:25,742 - root - INFO - validate mrr, 0.3397
2024-03-14 22:18:44,794 - root - INFO - test mrr, 0.3397
2024-03-14 22:18:44,795 - root - INFO - save model ./saved_models/DyRep/tgbl-synthetic/DyRep_seed3/DyRep_seed3.pkl
2024-03-14 22:19:23,697 - root - INFO - Epoch: 11, learning rate: 0.0001, train loss: 0.6934
2024-03-14 22:19:23,698 - root - INFO - train average_precision, 0.5053
2024-03-14 22:19:23,698 - root - INFO - train roc_auc, 0.5005
2024-03-14 22:19:23,698 - root - INFO - validate mrr, 0.3397
2024-03-14 22:19:23,698 - root - INFO - save model ./saved_models/DyRep/tgbl-synthetic/DyRep_seed3/DyRep_seed3.pkl
2024-03-14 22:20:09,508 - root - INFO - Epoch: 12, learning rate: 0.0001, train loss: 0.6935
2024-03-14 22:20:09,509 - root - INFO - train average_precision, 0.5048
2024-03-14 22:20:09,509 - root - INFO - train roc_auc, 0.5055
2024-03-14 22:20:09,509 - root - INFO - validate mrr, 0.3397
2024-03-14 22:20:09,509 - root - INFO - save model ./saved_models/DyRep/tgbl-synthetic/DyRep_seed3/DyRep_seed3.pkl
2024-03-14 22:20:47,138 - root - INFO - Epoch: 13, learning rate: 0.0001, train loss: 0.6937
2024-03-14 22:20:47,139 - root - INFO - train average_precision, 0.5023
2024-03-14 22:20:47,139 - root - INFO - train roc_auc, 0.4983
2024-03-14 22:20:47,139 - root - INFO - validate mrr, 0.3397
2024-03-14 22:20:47,139 - root - INFO - save model ./saved_models/DyRep/tgbl-synthetic/DyRep_seed3/DyRep_seed3.pkl
2024-03-14 22:21:29,798 - root - INFO - Epoch: 14, learning rate: 0.0001, train loss: 0.6935
2024-03-14 22:21:29,798 - root - INFO - train average_precision, 0.5066
2024-03-14 22:21:29,798 - root - INFO - train roc_auc, 0.5076
2024-03-14 22:21:29,798 - root - INFO - validate mrr, 0.3397
2024-03-14 22:21:29,798 - root - INFO - save model ./saved_models/DyRep/tgbl-synthetic/DyRep_seed3/DyRep_seed3.pkl
2024-03-14 22:22:07,877 - root - INFO - Epoch: 15, learning rate: 0.0001, train loss: 0.6935
2024-03-14 22:22:07,877 - root - INFO - train average_precision, 0.5001
2024-03-14 22:22:07,877 - root - INFO - train roc_auc, 0.5001
2024-03-14 22:22:07,877 - root - INFO - validate mrr, 0.3397
2024-03-14 22:22:07,878 - root - INFO - save model ./saved_models/DyRep/tgbl-synthetic/DyRep_seed3/DyRep_seed3.pkl
2024-03-14 22:22:46,589 - root - INFO - Epoch: 16, learning rate: 0.0001, train loss: 0.6934
2024-03-14 22:22:46,590 - root - INFO - train average_precision, 0.4983
2024-03-14 22:22:46,590 - root - INFO - train roc_auc, 0.4944
2024-03-14 22:22:46,590 - root - INFO - validate mrr, 0.3397
2024-03-14 22:22:46,590 - root - INFO - save model ./saved_models/DyRep/tgbl-synthetic/DyRep_seed3/DyRep_seed3.pkl
2024-03-14 22:23:26,294 - root - INFO - Epoch: 17, learning rate: 0.0001, train loss: 0.6934
2024-03-14 22:23:26,295 - root - INFO - train average_precision, 0.4931
2024-03-14 22:23:26,295 - root - INFO - train roc_auc, 0.4884
2024-03-14 22:23:26,295 - root - INFO - validate mrr, 0.3397
2024-03-14 22:24:03,258 - root - INFO - Epoch: 18, learning rate: 0.0001, train loss: 0.6933
2024-03-14 22:24:03,259 - root - INFO - train average_precision, 0.5011
2024-03-14 22:24:03,259 - root - INFO - train roc_auc, 0.4987
2024-03-14 22:24:03,259 - root - INFO - validate mrr, 0.3397
2024-03-14 22:24:03,259 - root - INFO - save model ./saved_models/DyRep/tgbl-synthetic/DyRep_seed3/DyRep_seed3.pkl
2024-03-14 22:24:41,128 - root - INFO - Epoch: 19, learning rate: 0.0001, train loss: 0.6932
2024-03-14 22:24:41,129 - root - INFO - train average_precision, 0.5028
2024-03-14 22:24:41,129 - root - INFO - train roc_auc, 0.5031
2024-03-14 22:24:41,129 - root - INFO - validate mrr, 0.3397
2024-03-14 22:24:41,129 - root - INFO - save model ./saved_models/DyRep/tgbl-synthetic/DyRep_seed3/DyRep_seed3.pkl
2024-03-14 22:25:21,084 - root - INFO - Epoch: 20, learning rate: 0.0001, train loss: 0.6932
2024-03-14 22:25:21,085 - root - INFO - train average_precision, 0.5033
2024-03-14 22:25:21,085 - root - INFO - train roc_auc, 0.4974
2024-03-14 22:25:21,085 - root - INFO - validate mrr, 0.3397
2024-03-14 22:25:43,173 - root - INFO - test mrr, 0.3397
2024-03-14 22:25:43,174 - root - INFO - save model ./saved_models/DyRep/tgbl-synthetic/DyRep_seed3/DyRep_seed3.pkl
2024-03-14 22:25:43,189 - root - INFO - load model ./saved_models/DyRep/tgbl-synthetic/DyRep_seed3/DyRep_seed3.pkl
2024-03-14 22:25:43,208 - root - INFO - get final performance on dataset tgbl-synthetic...
2024-03-14 22:26:04,178 - root - INFO - test mrr, 0.3397
2024-03-14 22:26:04,179 - root - INFO - Run 4 cost 842.10 seconds.
