2024-03-14 23:12:56,559 - root - INFO - ********** Run 1 starts. **********
2024-03-14 23:12:56,559 - root - INFO - configuration is Namespace(dataset_name='tgbl-synthetic', batch_size=200, model_name='DyRep', gpu=0, num_neighbors=32, sample_neighbor_strategy='recent', time_scaling_factor=1e-06, num_walk_heads=8, num_heads=2, num_layers=2, walk_length=1, time_gap=32, time_feat_dim=100, position_feat_dim=172, output_dim=172, edge_bank_memory_mode='unlimited_memory', time_window_mode='fixed_proportion', patch_size=1, channel_embedding_dim=50, max_input_sequence_length=32, learning_rate=0.0001, dropout=0.1, num_epochs=20, optimizer='Adam', weight_decay=0.0, patience=20, num_runs=3, test_interval_epochs=10, load_best_configs=False, device='cpu', seed=0, save_model_name='DyRep_seed0')
2024-03-14 23:12:56,566 - root - INFO - model -> Sequential(
  (0): MemoryModel(
    (time_encoder): TimeEncoder(
      (w): Linear(in_features=1, out_features=100, bias=True)
    )
    (message_aggregator): MessageAggregator()
    (memory_bank): MemoryBank(num_nodes=10, memory_dim=172)
    (memory_updater): RNNMemoryUpdater(
      (memory_bank): MemoryBank(num_nodes=10, memory_dim=172)
      (memory_updater): RNNCell(445, 172)
    )
    (embedding_module): GraphAttentionEmbedding(
      (time_encoder): TimeEncoder(
        (w): Linear(in_features=1, out_features=100, bias=True)
      )
      (temporal_conv_layers): ModuleList(
        (0-1): 2 x MultiHeadAttention(
          (query_projection): Linear(in_features=272, out_features=272, bias=False)
          (key_projection): Linear(in_features=273, out_features=272, bias=False)
          (value_projection): Linear(in_features=273, out_features=272, bias=False)
          (layer_norm): LayerNorm((272,), eps=1e-05, elementwise_affine=True)
          (residual_fc): Linear(in_features=272, out_features=272, bias=True)
          (dropout): Dropout(p=0.1, inplace=False)
        )
      )
      (merge_layers): ModuleList(
        (0-1): 2 x MergeLayer(
          (fc1): Linear(in_features=444, out_features=172, bias=True)
          (fc2): Linear(in_features=172, out_features=172, bias=True)
          (act): ReLU()
        )
      )
      (projection_layer): Linear(in_features=1, out_features=172, bias=True)
    )
  )
  (1): MergeLayer(
    (fc1): Linear(in_features=344, out_features=172, bias=True)
    (fc2): Linear(in_features=172, out_features=1, bias=True)
    (act): ReLU()
  )
)
2024-03-14 23:12:56,566 - root - INFO - model name: DyRep, #parameters: 3894836 B, 3803.55078125 KB, 3.714405059814453 MB.
2024-03-14 23:13:51,623 - root - INFO - Epoch: 1, learning rate: 0.0001, train loss: 0.6932
2024-03-14 23:13:51,623 - root - INFO - train average_precision, 0.5037
2024-03-14 23:13:51,623 - root - INFO - train roc_auc, 0.5018
2024-03-14 23:13:51,623 - root - INFO - validate mrr, 0.3397
2024-03-14 23:13:51,627 - root - INFO - save model ./saved_models/DyRep/tgbl-synthetic/DyRep_seed0/DyRep_seed0.pkl
2024-03-14 23:14:40,180 - root - INFO - Epoch: 2, learning rate: 0.0001, train loss: 0.6935
2024-03-14 23:14:40,181 - root - INFO - train average_precision, 0.5019
2024-03-14 23:14:40,181 - root - INFO - train roc_auc, 0.4970
2024-03-14 23:14:40,181 - root - INFO - validate mrr, 0.3397
2024-03-14 23:14:40,181 - root - INFO - save model ./saved_models/DyRep/tgbl-synthetic/DyRep_seed0/DyRep_seed0.pkl
2024-03-14 23:15:32,606 - root - INFO - Epoch: 3, learning rate: 0.0001, train loss: 0.6933
2024-03-14 23:15:32,606 - root - INFO - train average_precision, 0.5017
2024-03-14 23:15:32,606 - root - INFO - train roc_auc, 0.5020
2024-03-14 23:15:32,607 - root - INFO - validate mrr, 0.3397
2024-03-14 23:15:32,607 - root - INFO - save model ./saved_models/DyRep/tgbl-synthetic/DyRep_seed0/DyRep_seed0.pkl
2024-03-14 23:16:25,764 - root - INFO - Epoch: 4, learning rate: 0.0001, train loss: 0.6932
2024-03-14 23:16:25,764 - root - INFO - train average_precision, 0.5070
2024-03-14 23:16:25,764 - root - INFO - train roc_auc, 0.5074
2024-03-14 23:16:25,764 - root - INFO - validate mrr, 0.3397
2024-03-14 23:16:25,765 - root - INFO - save model ./saved_models/DyRep/tgbl-synthetic/DyRep_seed0/DyRep_seed0.pkl
2024-03-14 23:17:32,955 - root - INFO - Epoch: 5, learning rate: 0.0001, train loss: 0.6932
2024-03-14 23:17:32,956 - root - INFO - train average_precision, 0.5009
2024-03-14 23:17:32,956 - root - INFO - train roc_auc, 0.4982
2024-03-14 23:17:32,958 - root - INFO - validate mrr, 0.3397
2024-03-14 23:17:32,959 - root - INFO - save model ./saved_models/DyRep/tgbl-synthetic/DyRep_seed0/DyRep_seed0.pkl
2024-03-14 23:18:27,811 - root - INFO - Epoch: 6, learning rate: 0.0001, train loss: 0.6932
2024-03-14 23:18:27,813 - root - INFO - train average_precision, 0.5069
2024-03-14 23:18:27,813 - root - INFO - train roc_auc, 0.5046
2024-03-14 23:18:27,813 - root - INFO - validate mrr, 0.3397
2024-03-14 23:18:27,814 - root - INFO - save model ./saved_models/DyRep/tgbl-synthetic/DyRep_seed0/DyRep_seed0.pkl
2024-03-14 23:19:27,692 - root - INFO - Epoch: 7, learning rate: 0.0001, train loss: 0.6932
2024-03-14 23:19:27,693 - root - INFO - train average_precision, 0.5018
2024-03-14 23:19:27,693 - root - INFO - train roc_auc, 0.4983
2024-03-14 23:19:27,693 - root - INFO - validate mrr, 0.3397
2024-03-14 23:19:27,693 - root - INFO - save model ./saved_models/DyRep/tgbl-synthetic/DyRep_seed0/DyRep_seed0.pkl
2024-03-14 23:20:30,136 - root - INFO - Epoch: 8, learning rate: 0.0001, train loss: 0.6931
2024-03-14 23:20:30,137 - root - INFO - train average_precision, 0.5044
2024-03-14 23:20:30,137 - root - INFO - train roc_auc, 0.5019
2024-03-14 23:20:30,138 - root - INFO - validate mrr, 0.3397
2024-03-14 23:20:30,138 - root - INFO - save model ./saved_models/DyRep/tgbl-synthetic/DyRep_seed0/DyRep_seed0.pkl
2024-03-14 23:21:25,735 - root - INFO - Epoch: 9, learning rate: 0.0001, train loss: 0.6932
2024-03-14 23:21:25,736 - root - INFO - train average_precision, 0.5038
2024-03-14 23:21:25,736 - root - INFO - train roc_auc, 0.4984
2024-03-14 23:21:25,736 - root - INFO - validate mrr, 0.3397
2024-03-14 23:21:25,736 - root - INFO - save model ./saved_models/DyRep/tgbl-synthetic/DyRep_seed0/DyRep_seed0.pkl
2024-03-14 23:22:33,887 - root - INFO - Epoch: 10, learning rate: 0.0001, train loss: 0.6932
2024-03-14 23:22:33,888 - root - INFO - train average_precision, 0.5013
2024-03-14 23:22:33,888 - root - INFO - train roc_auc, 0.5015
2024-03-14 23:22:33,888 - root - INFO - validate mrr, 0.3397
2024-03-14 23:23:12,531 - root - INFO - test mrr, 0.3397
2024-03-14 23:23:12,533 - root - INFO - save model ./saved_models/DyRep/tgbl-synthetic/DyRep_seed0/DyRep_seed0.pkl
2024-03-14 23:24:08,861 - root - INFO - Epoch: 11, learning rate: 0.0001, train loss: 0.6932
2024-03-14 23:24:08,862 - root - INFO - train average_precision, 0.5051
2024-03-14 23:24:08,862 - root - INFO - train roc_auc, 0.5047
2024-03-14 23:24:08,862 - root - INFO - validate mrr, 0.3397
2024-03-14 23:24:08,863 - root - INFO - save model ./saved_models/DyRep/tgbl-synthetic/DyRep_seed0/DyRep_seed0.pkl
2024-03-14 23:25:09,760 - root - INFO - Epoch: 12, learning rate: 0.0001, train loss: 0.6932
2024-03-14 23:25:09,761 - root - INFO - train average_precision, 0.5033
2024-03-14 23:25:09,761 - root - INFO - train roc_auc, 0.5030
2024-03-14 23:25:09,761 - root - INFO - validate mrr, 0.3397
2024-03-14 23:25:09,763 - root - INFO - save model ./saved_models/DyRep/tgbl-synthetic/DyRep_seed0/DyRep_seed0.pkl
2024-03-14 23:26:13,587 - root - INFO - Epoch: 13, learning rate: 0.0001, train loss: 0.6932
2024-03-14 23:26:13,588 - root - INFO - train average_precision, 0.5004
2024-03-14 23:26:13,589 - root - INFO - train roc_auc, 0.4974
2024-03-14 23:26:13,589 - root - INFO - validate mrr, 0.3397
2024-03-14 23:26:13,589 - root - INFO - save model ./saved_models/DyRep/tgbl-synthetic/DyRep_seed0/DyRep_seed0.pkl
2024-03-14 23:27:12,690 - root - INFO - Epoch: 14, learning rate: 0.0001, train loss: 0.6933
2024-03-14 23:27:12,691 - root - INFO - train average_precision, 0.5007
2024-03-14 23:27:12,691 - root - INFO - train roc_auc, 0.4970
2024-03-14 23:27:12,691 - root - INFO - validate mrr, 0.3397
2024-03-14 23:27:12,691 - root - INFO - save model ./saved_models/DyRep/tgbl-synthetic/DyRep_seed0/DyRep_seed0.pkl
2024-03-14 23:28:13,314 - root - INFO - Epoch: 15, learning rate: 0.0001, train loss: 0.6932
2024-03-14 23:28:13,315 - root - INFO - train average_precision, 0.5030
2024-03-14 23:28:13,315 - root - INFO - train roc_auc, 0.5000
2024-03-14 23:28:13,316 - root - INFO - validate mrr, 0.3397
2024-03-14 23:28:13,318 - root - INFO - save model ./saved_models/DyRep/tgbl-synthetic/DyRep_seed0/DyRep_seed0.pkl
2024-03-14 23:29:05,285 - root - INFO - Epoch: 16, learning rate: 0.0001, train loss: 0.6933
2024-03-14 23:29:05,286 - root - INFO - train average_precision, 0.4980
2024-03-14 23:29:05,286 - root - INFO - train roc_auc, 0.4978
2024-03-14 23:29:05,286 - root - INFO - validate mrr, 0.3397
2024-03-14 23:29:05,288 - root - INFO - save model ./saved_models/DyRep/tgbl-synthetic/DyRep_seed0/DyRep_seed0.pkl
2024-03-14 23:30:00,507 - root - INFO - Epoch: 17, learning rate: 0.0001, train loss: 0.6932
2024-03-14 23:30:00,508 - root - INFO - train average_precision, 0.5038
2024-03-14 23:30:00,508 - root - INFO - train roc_auc, 0.5035
2024-03-14 23:30:00,508 - root - INFO - validate mrr, 0.3397
2024-03-14 23:30:00,508 - root - INFO - save model ./saved_models/DyRep/tgbl-synthetic/DyRep_seed0/DyRep_seed0.pkl
2024-03-14 23:31:02,615 - root - INFO - Epoch: 18, learning rate: 0.0001, train loss: 0.6932
2024-03-14 23:31:02,616 - root - INFO - train average_precision, 0.5041
2024-03-14 23:31:02,616 - root - INFO - train roc_auc, 0.4987
2024-03-14 23:31:02,616 - root - INFO - validate mrr, 0.3397
2024-03-14 23:31:02,616 - root - INFO - save model ./saved_models/DyRep/tgbl-synthetic/DyRep_seed0/DyRep_seed0.pkl
2024-03-14 23:32:01,289 - root - INFO - Epoch: 19, learning rate: 0.0001, train loss: 0.6932
2024-03-14 23:32:01,290 - root - INFO - train average_precision, 0.4991
2024-03-14 23:32:01,290 - root - INFO - train roc_auc, 0.4967
2024-03-14 23:32:01,290 - root - INFO - validate mrr, 0.3397
2024-03-14 23:32:51,556 - root - INFO - Epoch: 20, learning rate: 0.0001, train loss: 0.6931
2024-03-14 23:32:51,557 - root - INFO - train average_precision, 0.5033
2024-03-14 23:32:51,557 - root - INFO - train roc_auc, 0.5012
2024-03-14 23:32:51,557 - root - INFO - validate mrr, 0.3397
2024-03-14 23:33:23,225 - root - INFO - test mrr, 0.3397
2024-03-14 23:33:23,226 - root - INFO - save model ./saved_models/DyRep/tgbl-synthetic/DyRep_seed0/DyRep_seed0.pkl
2024-03-14 23:33:23,250 - root - INFO - load model ./saved_models/DyRep/tgbl-synthetic/DyRep_seed0/DyRep_seed0.pkl
2024-03-14 23:33:23,296 - root - INFO - get final performance on dataset tgbl-synthetic...
2024-03-14 23:33:48,950 - root - INFO - test mrr, 0.3397
2024-03-14 23:33:48,950 - root - INFO - Run 1 cost 1252.39 seconds.
