2024-03-14 21:29:22,720 - root - INFO - ********** Run 1 starts. **********
2024-03-14 21:29:22,721 - root - INFO - configuration is Namespace(dataset_name='tgbl-synthetic', batch_size=200, model_name='DyRep', gpu=0, num_neighbors=24, sample_neighbor_strategy='recent', time_scaling_factor=1e-06, num_walk_heads=8, num_heads=2, num_layers=2, walk_length=1, time_gap=24, time_feat_dim=100, position_feat_dim=172, output_dim=172, edge_bank_memory_mode='unlimited_memory', time_window_mode='fixed_proportion', patch_size=1, channel_embedding_dim=50, max_input_sequence_length=24, learning_rate=0.0001, dropout=0.1, num_epochs=20, optimizer='Adam', weight_decay=0.0, patience=20, num_runs=5, test_interval_epochs=10, load_best_configs=False, device='cpu', seed=0, save_model_name='DyRep_seed0')
2024-03-14 21:29:22,729 - root - INFO - model -> Sequential(
  (0): MemoryModel(
    (time_encoder): TimeEncoder(
      (w): Linear(in_features=1, out_features=100, bias=True)
    )
    (message_aggregator): MessageAggregator()
    (memory_bank): MemoryBank(num_nodes=10, memory_dim=172)
    (memory_updater): RNNMemoryUpdater(
      (memory_bank): MemoryBank(num_nodes=10, memory_dim=172)
      (memory_updater): RNNCell(445, 172)
    )
    (embedding_module): GraphAttentionEmbedding(
      (time_encoder): TimeEncoder(
        (w): Linear(in_features=1, out_features=100, bias=True)
      )
      (temporal_conv_layers): ModuleList(
        (0-1): 2 x MultiHeadAttention(
          (query_projection): Linear(in_features=272, out_features=272, bias=False)
          (key_projection): Linear(in_features=273, out_features=272, bias=False)
          (value_projection): Linear(in_features=273, out_features=272, bias=False)
          (layer_norm): LayerNorm((272,), eps=1e-05, elementwise_affine=True)
          (residual_fc): Linear(in_features=272, out_features=272, bias=True)
          (dropout): Dropout(p=0.1, inplace=False)
        )
      )
      (merge_layers): ModuleList(
        (0-1): 2 x MergeLayer(
          (fc1): Linear(in_features=444, out_features=172, bias=True)
          (fc2): Linear(in_features=172, out_features=172, bias=True)
          (act): ReLU()
        )
      )
      (projection_layer): Linear(in_features=1, out_features=172, bias=True)
    )
  )
  (1): MergeLayer(
    (fc1): Linear(in_features=344, out_features=172, bias=True)
    (fc2): Linear(in_features=172, out_features=1, bias=True)
    (act): ReLU()
  )
)
2024-03-14 21:29:22,730 - root - INFO - model name: DyRep, #parameters: 3894836 B, 3803.55078125 KB, 3.714405059814453 MB.
2024-03-14 21:30:05,501 - root - INFO - Epoch: 1, learning rate: 0.0001, train loss: 0.6932
2024-03-14 21:30:05,502 - root - INFO - train average_precision, 0.5050
2024-03-14 21:30:05,502 - root - INFO - train roc_auc, 0.5024
2024-03-14 21:30:05,502 - root - INFO - validate mrr, 0.3397
2024-03-14 21:30:05,502 - root - INFO - save model ./saved_models/DyRep/tgbl-synthetic/DyRep_seed0/DyRep_seed0.pkl
2024-03-14 21:30:43,909 - root - INFO - Epoch: 2, learning rate: 0.0001, train loss: 0.6933
2024-03-14 21:30:43,909 - root - INFO - train average_precision, 0.5018
2024-03-14 21:30:43,909 - root - INFO - train roc_auc, 0.4967
2024-03-14 21:30:43,909 - root - INFO - validate mrr, 0.3397
2024-03-14 21:30:43,909 - root - INFO - save model ./saved_models/DyRep/tgbl-synthetic/DyRep_seed0/DyRep_seed0.pkl
2024-03-14 21:31:21,846 - root - INFO - Epoch: 3, learning rate: 0.0001, train loss: 0.6933
2024-03-14 21:31:21,847 - root - INFO - train average_precision, 0.4971
2024-03-14 21:31:21,847 - root - INFO - train roc_auc, 0.4962
2024-03-14 21:31:21,847 - root - INFO - validate mrr, 0.3397
2024-03-14 21:31:21,847 - root - INFO - save model ./saved_models/DyRep/tgbl-synthetic/DyRep_seed0/DyRep_seed0.pkl
2024-03-14 21:32:01,783 - root - INFO - Epoch: 4, learning rate: 0.0001, train loss: 0.6932
2024-03-14 21:32:01,784 - root - INFO - train average_precision, 0.5037
2024-03-14 21:32:01,784 - root - INFO - train roc_auc, 0.5059
2024-03-14 21:32:01,784 - root - INFO - validate mrr, 0.3397
2024-03-14 21:32:01,785 - root - INFO - save model ./saved_models/DyRep/tgbl-synthetic/DyRep_seed0/DyRep_seed0.pkl
2024-03-14 21:32:40,297 - root - INFO - Epoch: 5, learning rate: 0.0001, train loss: 0.6932
2024-03-14 21:32:40,298 - root - INFO - train average_precision, 0.4969
2024-03-14 21:32:40,298 - root - INFO - train roc_auc, 0.4960
2024-03-14 21:32:40,298 - root - INFO - validate mrr, 0.3397
2024-03-14 21:32:40,298 - root - INFO - save model ./saved_models/DyRep/tgbl-synthetic/DyRep_seed0/DyRep_seed0.pkl
2024-03-14 21:33:20,724 - root - INFO - Epoch: 6, learning rate: 0.0001, train loss: 0.6931
2024-03-14 21:33:20,724 - root - INFO - train average_precision, 0.5037
2024-03-14 21:33:20,724 - root - INFO - train roc_auc, 0.5042
2024-03-14 21:33:20,725 - root - INFO - validate mrr, 0.3397
2024-03-14 21:33:20,725 - root - INFO - save model ./saved_models/DyRep/tgbl-synthetic/DyRep_seed0/DyRep_seed0.pkl
2024-03-14 21:34:00,324 - root - INFO - Epoch: 7, learning rate: 0.0001, train loss: 0.6932
2024-03-14 21:34:00,324 - root - INFO - train average_precision, 0.4993
2024-03-14 21:34:00,324 - root - INFO - train roc_auc, 0.4967
2024-03-14 21:34:00,324 - root - INFO - validate mrr, 0.3397
2024-03-14 21:34:00,325 - root - INFO - save model ./saved_models/DyRep/tgbl-synthetic/DyRep_seed0/DyRep_seed0.pkl
2024-03-14 21:34:39,814 - root - INFO - Epoch: 8, learning rate: 0.0001, train loss: 0.6932
2024-03-14 21:34:39,815 - root - INFO - train average_precision, 0.5056
2024-03-14 21:34:39,815 - root - INFO - train roc_auc, 0.5056
2024-03-14 21:34:39,815 - root - INFO - validate mrr, 0.3397
2024-03-14 21:34:39,815 - root - INFO - save model ./saved_models/DyRep/tgbl-synthetic/DyRep_seed0/DyRep_seed0.pkl
2024-03-14 21:35:19,180 - root - INFO - Epoch: 9, learning rate: 0.0001, train loss: 0.6932
2024-03-14 21:35:19,180 - root - INFO - train average_precision, 0.5014
2024-03-14 21:35:19,180 - root - INFO - train roc_auc, 0.4979
2024-03-14 21:35:19,181 - root - INFO - validate mrr, 0.3397
2024-03-14 21:35:19,181 - root - INFO - save model ./saved_models/DyRep/tgbl-synthetic/DyRep_seed0/DyRep_seed0.pkl
2024-03-14 21:36:00,227 - root - INFO - Epoch: 10, learning rate: 0.0001, train loss: 0.6932
2024-03-14 21:36:00,227 - root - INFO - train average_precision, 0.5039
2024-03-14 21:36:00,227 - root - INFO - train roc_auc, 0.5037
2024-03-14 21:36:00,227 - root - INFO - validate mrr, 0.3397
2024-03-14 21:36:22,095 - root - INFO - test mrr, 0.3397
2024-03-14 21:36:22,095 - root - INFO - save model ./saved_models/DyRep/tgbl-synthetic/DyRep_seed0/DyRep_seed0.pkl
2024-03-14 21:37:00,523 - root - INFO - Epoch: 11, learning rate: 0.0001, train loss: 0.6933
2024-03-14 21:37:00,523 - root - INFO - train average_precision, 0.5053
2024-03-14 21:37:00,523 - root - INFO - train roc_auc, 0.5023
2024-03-14 21:37:00,524 - root - INFO - validate mrr, 0.3397
2024-03-14 21:37:00,524 - root - INFO - save model ./saved_models/DyRep/tgbl-synthetic/DyRep_seed0/DyRep_seed0.pkl
2024-03-14 21:37:44,066 - root - INFO - Epoch: 12, learning rate: 0.0001, train loss: 0.6933
2024-03-14 21:37:44,067 - root - INFO - train average_precision, 0.5073
2024-03-14 21:37:44,067 - root - INFO - train roc_auc, 0.5047
2024-03-14 21:37:44,067 - root - INFO - validate mrr, 0.3397
2024-03-14 21:37:44,067 - root - INFO - save model ./saved_models/DyRep/tgbl-synthetic/DyRep_seed0/DyRep_seed0.pkl
2024-03-14 21:38:26,494 - root - INFO - Epoch: 13, learning rate: 0.0001, train loss: 0.6933
2024-03-14 21:38:26,495 - root - INFO - train average_precision, 0.5022
2024-03-14 21:38:26,495 - root - INFO - train roc_auc, 0.4981
2024-03-14 21:38:26,495 - root - INFO - validate mrr, 0.3397
2024-03-14 21:38:26,495 - root - INFO - save model ./saved_models/DyRep/tgbl-synthetic/DyRep_seed0/DyRep_seed0.pkl
2024-03-14 21:39:07,160 - root - INFO - Epoch: 14, learning rate: 0.0001, train loss: 0.6932
2024-03-14 21:39:07,160 - root - INFO - train average_precision, 0.4968
2024-03-14 21:39:07,160 - root - INFO - train roc_auc, 0.4952
2024-03-14 21:39:07,160 - root - INFO - validate mrr, 0.3397
2024-03-14 21:39:07,160 - root - INFO - save model ./saved_models/DyRep/tgbl-synthetic/DyRep_seed0/DyRep_seed0.pkl
2024-03-14 21:39:44,546 - root - INFO - Epoch: 15, learning rate: 0.0001, train loss: 0.6931
2024-03-14 21:39:44,547 - root - INFO - train average_precision, 0.5056
2024-03-14 21:39:44,547 - root - INFO - train roc_auc, 0.5053
2024-03-14 21:39:44,547 - root - INFO - validate mrr, 0.3397
2024-03-14 21:39:44,547 - root - INFO - save model ./saved_models/DyRep/tgbl-synthetic/DyRep_seed0/DyRep_seed0.pkl
2024-03-14 21:40:23,222 - root - INFO - Epoch: 16, learning rate: 0.0001, train loss: 0.6932
2024-03-14 21:40:23,223 - root - INFO - train average_precision, 0.4961
2024-03-14 21:40:23,223 - root - INFO - train roc_auc, 0.4960
2024-03-14 21:40:23,223 - root - INFO - validate mrr, 0.3397
2024-03-14 21:40:23,223 - root - INFO - save model ./saved_models/DyRep/tgbl-synthetic/DyRep_seed0/DyRep_seed0.pkl
2024-03-14 21:40:58,545 - root - INFO - Epoch: 17, learning rate: 0.0001, train loss: 0.6931
2024-03-14 21:40:58,545 - root - INFO - train average_precision, 0.5080
2024-03-14 21:40:58,545 - root - INFO - train roc_auc, 0.5051
2024-03-14 21:40:58,545 - root - INFO - validate mrr, 0.3397
2024-03-14 21:40:58,546 - root - INFO - save model ./saved_models/DyRep/tgbl-synthetic/DyRep_seed0/DyRep_seed0.pkl
2024-03-14 21:41:36,937 - root - INFO - Epoch: 18, learning rate: 0.0001, train loss: 0.6932
2024-03-14 21:41:36,937 - root - INFO - train average_precision, 0.5001
2024-03-14 21:41:36,937 - root - INFO - train roc_auc, 0.4982
2024-03-14 21:41:36,938 - root - INFO - validate mrr, 0.3397
2024-03-14 21:41:36,938 - root - INFO - save model ./saved_models/DyRep/tgbl-synthetic/DyRep_seed0/DyRep_seed0.pkl
2024-03-14 21:42:14,371 - root - INFO - Epoch: 19, learning rate: 0.0001, train loss: 0.6932
2024-03-14 21:42:14,371 - root - INFO - train average_precision, 0.4956
2024-03-14 21:42:14,371 - root - INFO - train roc_auc, 0.4923
2024-03-14 21:42:14,371 - root - INFO - validate mrr, 0.3397
2024-03-14 21:42:14,371 - root - INFO - save model ./saved_models/DyRep/tgbl-synthetic/DyRep_seed0/DyRep_seed0.pkl
2024-03-14 21:42:51,749 - root - INFO - Epoch: 20, learning rate: 0.0001, train loss: 0.6931
2024-03-14 21:42:51,749 - root - INFO - train average_precision, 0.5063
2024-03-14 21:42:51,749 - root - INFO - train roc_auc, 0.5064
2024-03-14 21:42:51,749 - root - INFO - validate mrr, 0.3397
2024-03-14 21:43:09,218 - root - INFO - test mrr, 0.3397
2024-03-14 21:43:09,219 - root - INFO - save model ./saved_models/DyRep/tgbl-synthetic/DyRep_seed0/DyRep_seed0.pkl
2024-03-14 21:43:09,234 - root - INFO - load model ./saved_models/DyRep/tgbl-synthetic/DyRep_seed0/DyRep_seed0.pkl
2024-03-14 21:43:09,267 - root - INFO - get final performance on dataset tgbl-synthetic...
2024-03-14 21:43:25,932 - root - INFO - test mrr, 0.3397
2024-03-14 21:43:25,932 - root - INFO - Run 1 cost 843.21 seconds.
