2024-03-14 20:56:02,006 - root - INFO - ********** Run 1 starts. **********
2024-03-14 20:56:02,006 - root - INFO - configuration is Namespace(dataset_name='tgbl-synthetic', batch_size=200, model_name='DyRep', gpu=0, num_neighbors=16, sample_neighbor_strategy='recent', time_scaling_factor=1e-06, num_walk_heads=8, num_heads=2, num_layers=2, walk_length=1, time_gap=16, time_feat_dim=100, position_feat_dim=172, output_dim=172, edge_bank_memory_mode='unlimited_memory', time_window_mode='fixed_proportion', patch_size=1, channel_embedding_dim=50, max_input_sequence_length=16, learning_rate=0.0001, dropout=0.1, num_epochs=20, optimizer='Adam', weight_decay=0.0, patience=20, num_runs=5, test_interval_epochs=10, load_best_configs=False, device='cpu', seed=0, save_model_name='DyRep_seed0')
2024-03-14 20:56:02,015 - root - INFO - model -> Sequential(
  (0): MemoryModel(
    (time_encoder): TimeEncoder(
      (w): Linear(in_features=1, out_features=100, bias=True)
    )
    (message_aggregator): MessageAggregator()
    (memory_bank): MemoryBank(num_nodes=10, memory_dim=172)
    (memory_updater): RNNMemoryUpdater(
      (memory_bank): MemoryBank(num_nodes=10, memory_dim=172)
      (memory_updater): RNNCell(445, 172)
    )
    (embedding_module): GraphAttentionEmbedding(
      (time_encoder): TimeEncoder(
        (w): Linear(in_features=1, out_features=100, bias=True)
      )
      (temporal_conv_layers): ModuleList(
        (0-1): 2 x MultiHeadAttention(
          (query_projection): Linear(in_features=272, out_features=272, bias=False)
          (key_projection): Linear(in_features=273, out_features=272, bias=False)
          (value_projection): Linear(in_features=273, out_features=272, bias=False)
          (layer_norm): LayerNorm((272,), eps=1e-05, elementwise_affine=True)
          (residual_fc): Linear(in_features=272, out_features=272, bias=True)
          (dropout): Dropout(p=0.1, inplace=False)
        )
      )
      (merge_layers): ModuleList(
        (0-1): 2 x MergeLayer(
          (fc1): Linear(in_features=444, out_features=172, bias=True)
          (fc2): Linear(in_features=172, out_features=172, bias=True)
          (act): ReLU()
        )
      )
      (projection_layer): Linear(in_features=1, out_features=172, bias=True)
    )
  )
  (1): MergeLayer(
    (fc1): Linear(in_features=344, out_features=172, bias=True)
    (fc2): Linear(in_features=172, out_features=1, bias=True)
    (act): ReLU()
  )
)
2024-03-14 20:56:02,015 - root - INFO - model name: DyRep, #parameters: 3894836 B, 3803.55078125 KB, 3.714405059814453 MB.
2024-03-14 20:56:21,101 - root - INFO - Epoch: 1, learning rate: 0.0001, train loss: 0.6932
2024-03-14 20:56:21,101 - root - INFO - train average_precision, 0.5031
2024-03-14 20:56:21,101 - root - INFO - train roc_auc, 0.4991
2024-03-14 20:56:21,101 - root - INFO - validate mrr, 0.3397
2024-03-14 20:56:21,104 - root - INFO - save model ./saved_models/DyRep/tgbl-synthetic/DyRep_seed0/DyRep_seed0.pkl
2024-03-14 20:56:39,348 - root - INFO - Epoch: 2, learning rate: 0.0001, train loss: 0.6934
2024-03-14 20:56:39,348 - root - INFO - train average_precision, 0.4987
2024-03-14 20:56:39,348 - root - INFO - train roc_auc, 0.4966
2024-03-14 20:56:39,348 - root - INFO - validate mrr, 0.3397
2024-03-14 20:56:39,349 - root - INFO - save model ./saved_models/DyRep/tgbl-synthetic/DyRep_seed0/DyRep_seed0.pkl
2024-03-14 20:56:56,658 - root - INFO - Epoch: 3, learning rate: 0.0001, train loss: 0.6934
2024-03-14 20:56:56,658 - root - INFO - train average_precision, 0.5001
2024-03-14 20:56:56,658 - root - INFO - train roc_auc, 0.4969
2024-03-14 20:56:56,658 - root - INFO - validate mrr, 0.3397
2024-03-14 20:56:56,659 - root - INFO - save model ./saved_models/DyRep/tgbl-synthetic/DyRep_seed0/DyRep_seed0.pkl
2024-03-14 20:57:13,758 - root - INFO - Epoch: 4, learning rate: 0.0001, train loss: 0.6932
2024-03-14 20:57:13,759 - root - INFO - train average_precision, 0.5048
2024-03-14 20:57:13,759 - root - INFO - train roc_auc, 0.5040
2024-03-14 20:57:13,759 - root - INFO - validate mrr, 0.3397
2024-03-14 20:57:13,759 - root - INFO - save model ./saved_models/DyRep/tgbl-synthetic/DyRep_seed0/DyRep_seed0.pkl
2024-03-14 20:57:31,914 - root - INFO - Epoch: 5, learning rate: 0.0001, train loss: 0.6932
2024-03-14 20:57:31,914 - root - INFO - train average_precision, 0.4991
2024-03-14 20:57:31,914 - root - INFO - train roc_auc, 0.4946
2024-03-14 20:57:31,915 - root - INFO - validate mrr, 0.3397
2024-03-14 20:57:31,915 - root - INFO - save model ./saved_models/DyRep/tgbl-synthetic/DyRep_seed0/DyRep_seed0.pkl
2024-03-14 20:57:51,948 - root - INFO - Epoch: 6, learning rate: 0.0001, train loss: 0.6931
2024-03-14 20:57:51,949 - root - INFO - train average_precision, 0.5094
2024-03-14 20:57:51,949 - root - INFO - train roc_auc, 0.5044
2024-03-14 20:57:51,949 - root - INFO - validate mrr, 0.3397
2024-03-14 20:57:51,949 - root - INFO - save model ./saved_models/DyRep/tgbl-synthetic/DyRep_seed0/DyRep_seed0.pkl
2024-03-14 20:58:11,597 - root - INFO - Epoch: 7, learning rate: 0.0001, train loss: 0.6932
2024-03-14 20:58:11,597 - root - INFO - train average_precision, 0.5003
2024-03-14 20:58:11,597 - root - INFO - train roc_auc, 0.5009
2024-03-14 20:58:11,597 - root - INFO - validate mrr, 0.3397
2024-03-14 20:58:11,597 - root - INFO - save model ./saved_models/DyRep/tgbl-synthetic/DyRep_seed0/DyRep_seed0.pkl
2024-03-14 20:58:30,576 - root - INFO - Epoch: 8, learning rate: 0.0001, train loss: 0.6932
2024-03-14 20:58:30,577 - root - INFO - train average_precision, 0.4997
2024-03-14 20:58:30,577 - root - INFO - train roc_auc, 0.5011
2024-03-14 20:58:30,577 - root - INFO - validate mrr, 0.3397
2024-03-14 20:58:30,577 - root - INFO - save model ./saved_models/DyRep/tgbl-synthetic/DyRep_seed0/DyRep_seed0.pkl
2024-03-14 20:58:48,561 - root - INFO - Epoch: 9, learning rate: 0.0001, train loss: 0.6932
2024-03-14 20:58:48,561 - root - INFO - train average_precision, 0.5015
2024-03-14 20:58:48,561 - root - INFO - train roc_auc, 0.4993
2024-03-14 20:58:48,561 - root - INFO - validate mrr, 0.3397
2024-03-14 20:58:48,561 - root - INFO - save model ./saved_models/DyRep/tgbl-synthetic/DyRep_seed0/DyRep_seed0.pkl
2024-03-14 20:59:06,615 - root - INFO - Epoch: 10, learning rate: 0.0001, train loss: 0.6931
2024-03-14 20:59:06,616 - root - INFO - train average_precision, 0.5001
2024-03-14 20:59:06,616 - root - INFO - train roc_auc, 0.5029
2024-03-14 20:59:06,616 - root - INFO - validate mrr, 0.3397
2024-03-14 20:59:14,320 - root - INFO - test mrr, 0.3397
2024-03-14 20:59:14,320 - root - INFO - save model ./saved_models/DyRep/tgbl-synthetic/DyRep_seed0/DyRep_seed0.pkl
2024-03-14 20:59:31,647 - root - INFO - Epoch: 11, learning rate: 0.0001, train loss: 0.6932
2024-03-14 20:59:31,647 - root - INFO - train average_precision, 0.5032
2024-03-14 20:59:31,647 - root - INFO - train roc_auc, 0.5028
2024-03-14 20:59:31,647 - root - INFO - validate mrr, 0.3397
2024-03-14 20:59:31,647 - root - INFO - save model ./saved_models/DyRep/tgbl-synthetic/DyRep_seed0/DyRep_seed0.pkl
2024-03-14 20:59:48,825 - root - INFO - Epoch: 12, learning rate: 0.0001, train loss: 0.6932
2024-03-14 20:59:48,825 - root - INFO - train average_precision, 0.5054
2024-03-14 20:59:48,826 - root - INFO - train roc_auc, 0.5065
2024-03-14 20:59:48,826 - root - INFO - validate mrr, 0.3397
2024-03-14 20:59:48,826 - root - INFO - save model ./saved_models/DyRep/tgbl-synthetic/DyRep_seed0/DyRep_seed0.pkl
2024-03-14 21:00:08,138 - root - INFO - Epoch: 13, learning rate: 0.0001, train loss: 0.6932
2024-03-14 21:00:08,138 - root - INFO - train average_precision, 0.5009
2024-03-14 21:00:08,138 - root - INFO - train roc_auc, 0.4971
2024-03-14 21:00:08,138 - root - INFO - validate mrr, 0.3397
2024-03-14 21:00:08,138 - root - INFO - save model ./saved_models/DyRep/tgbl-synthetic/DyRep_seed0/DyRep_seed0.pkl
2024-03-14 21:00:26,641 - root - INFO - Epoch: 14, learning rate: 0.0001, train loss: 0.6933
2024-03-14 21:00:26,641 - root - INFO - train average_precision, 0.4996
2024-03-14 21:00:26,641 - root - INFO - train roc_auc, 0.4968
2024-03-14 21:00:26,641 - root - INFO - validate mrr, 0.3397
2024-03-14 21:00:26,641 - root - INFO - save model ./saved_models/DyRep/tgbl-synthetic/DyRep_seed0/DyRep_seed0.pkl
2024-03-14 21:00:44,612 - root - INFO - Epoch: 15, learning rate: 0.0001, train loss: 0.6932
2024-03-14 21:00:44,612 - root - INFO - train average_precision, 0.5031
2024-03-14 21:00:44,612 - root - INFO - train roc_auc, 0.5039
2024-03-14 21:00:44,612 - root - INFO - validate mrr, 0.3397
2024-03-14 21:00:44,612 - root - INFO - save model ./saved_models/DyRep/tgbl-synthetic/DyRep_seed0/DyRep_seed0.pkl
2024-03-14 21:01:01,258 - root - INFO - Epoch: 16, learning rate: 0.0001, train loss: 0.6933
2024-03-14 21:01:01,258 - root - INFO - train average_precision, 0.5019
2024-03-14 21:01:01,258 - root - INFO - train roc_auc, 0.5007
2024-03-14 21:01:01,258 - root - INFO - validate mrr, 0.3397
2024-03-14 21:01:01,258 - root - INFO - save model ./saved_models/DyRep/tgbl-synthetic/DyRep_seed0/DyRep_seed0.pkl
2024-03-14 21:01:18,432 - root - INFO - Epoch: 17, learning rate: 0.0001, train loss: 0.6933
2024-03-14 21:01:18,433 - root - INFO - train average_precision, 0.5019
2024-03-14 21:01:18,433 - root - INFO - train roc_auc, 0.5002
2024-03-14 21:01:18,433 - root - INFO - validate mrr, 0.3397
2024-03-14 21:01:18,433 - root - INFO - save model ./saved_models/DyRep/tgbl-synthetic/DyRep_seed0/DyRep_seed0.pkl
2024-03-14 21:01:37,883 - root - INFO - Epoch: 18, learning rate: 0.0001, train loss: 0.6933
2024-03-14 21:01:37,883 - root - INFO - train average_precision, 0.4961
2024-03-14 21:01:37,883 - root - INFO - train roc_auc, 0.4941
2024-03-14 21:01:37,884 - root - INFO - validate mrr, 0.3397
2024-03-14 21:01:37,884 - root - INFO - save model ./saved_models/DyRep/tgbl-synthetic/DyRep_seed0/DyRep_seed0.pkl
2024-03-14 21:01:55,760 - root - INFO - Epoch: 19, learning rate: 0.0001, train loss: 0.6932
2024-03-14 21:01:55,760 - root - INFO - train average_precision, 0.5004
2024-03-14 21:01:55,760 - root - INFO - train roc_auc, 0.4981
2024-03-14 21:01:55,760 - root - INFO - validate mrr, 0.3397
2024-03-14 21:01:55,760 - root - INFO - save model ./saved_models/DyRep/tgbl-synthetic/DyRep_seed0/DyRep_seed0.pkl
2024-03-14 21:02:15,629 - root - INFO - Epoch: 20, learning rate: 0.0001, train loss: 0.6932
2024-03-14 21:02:15,629 - root - INFO - train average_precision, 0.5068
2024-03-14 21:02:15,629 - root - INFO - train roc_auc, 0.5044
2024-03-14 21:02:15,629 - root - INFO - validate mrr, 0.3397
2024-03-14 21:02:26,472 - root - INFO - test mrr, 0.3397
2024-03-14 21:02:26,473 - root - INFO - save model ./saved_models/DyRep/tgbl-synthetic/DyRep_seed0/DyRep_seed0.pkl
2024-03-14 21:02:26,487 - root - INFO - load model ./saved_models/DyRep/tgbl-synthetic/DyRep_seed0/DyRep_seed0.pkl
2024-03-14 21:02:26,502 - root - INFO - get final performance on dataset tgbl-synthetic...
2024-03-14 21:02:34,086 - root - INFO - test mrr, 0.3397
2024-03-14 21:02:34,087 - root - INFO - Run 1 cost 392.08 seconds.
