2024-03-14 22:40:09,584 - root - INFO - ********** Run 1 starts. **********
2024-03-14 22:40:09,584 - root - INFO - configuration is Namespace(dataset_name='tgbl-synthetic', batch_size=200, model_name='DyRep', gpu=0, num_neighbors=32, sample_neighbor_strategy='recent', time_scaling_factor=1e-06, num_walk_heads=8, num_heads=2, num_layers=2, walk_length=1, time_gap=32, time_feat_dim=100, position_feat_dim=172, output_dim=172, edge_bank_memory_mode='unlimited_memory', time_window_mode='fixed_proportion', patch_size=1, channel_embedding_dim=50, max_input_sequence_length=32, learning_rate=0.0001, dropout=0.1, num_epochs=20, optimizer='Adam', weight_decay=0.0, patience=20, num_runs=5, test_interval_epochs=10, load_best_configs=False, device='cpu', seed=0, save_model_name='DyRep_seed0')
2024-03-14 22:40:09,594 - root - INFO - model -> Sequential(
  (0): MemoryModel(
    (time_encoder): TimeEncoder(
      (w): Linear(in_features=1, out_features=100, bias=True)
    )
    (message_aggregator): MessageAggregator()
    (memory_bank): MemoryBank(num_nodes=10, memory_dim=172)
    (memory_updater): RNNMemoryUpdater(
      (memory_bank): MemoryBank(num_nodes=10, memory_dim=172)
      (memory_updater): RNNCell(445, 172)
    )
    (embedding_module): GraphAttentionEmbedding(
      (time_encoder): TimeEncoder(
        (w): Linear(in_features=1, out_features=100, bias=True)
      )
      (temporal_conv_layers): ModuleList(
        (0-1): 2 x MultiHeadAttention(
          (query_projection): Linear(in_features=272, out_features=272, bias=False)
          (key_projection): Linear(in_features=273, out_features=272, bias=False)
          (value_projection): Linear(in_features=273, out_features=272, bias=False)
          (layer_norm): LayerNorm((272,), eps=1e-05, elementwise_affine=True)
          (residual_fc): Linear(in_features=272, out_features=272, bias=True)
          (dropout): Dropout(p=0.1, inplace=False)
        )
      )
      (merge_layers): ModuleList(
        (0-1): 2 x MergeLayer(
          (fc1): Linear(in_features=444, out_features=172, bias=True)
          (fc2): Linear(in_features=172, out_features=172, bias=True)
          (act): ReLU()
        )
      )
      (projection_layer): Linear(in_features=1, out_features=172, bias=True)
    )
  )
  (1): MergeLayer(
    (fc1): Linear(in_features=344, out_features=172, bias=True)
    (fc2): Linear(in_features=172, out_features=1, bias=True)
    (act): ReLU()
  )
)
2024-03-14 22:40:09,594 - root - INFO - model name: DyRep, #parameters: 3894836 B, 3803.55078125 KB, 3.714405059814453 MB.
2024-03-14 22:41:44,052 - root - INFO - Epoch: 1, learning rate: 0.0001, train loss: 0.6932
2024-03-14 22:41:44,054 - root - INFO - train average_precision, 0.5036
2024-03-14 22:41:44,054 - root - INFO - train roc_auc, 0.5018
2024-03-14 22:41:44,054 - root - INFO - validate mrr, 0.3397
2024-03-14 22:41:44,056 - root - INFO - save model ./saved_models/DyRep/tgbl-synthetic/DyRep_seed0/DyRep_seed0.pkl
2024-03-14 22:43:12,680 - root - INFO - Epoch: 2, learning rate: 0.0001, train loss: 0.6935
2024-03-14 22:43:12,681 - root - INFO - train average_precision, 0.5019
2024-03-14 22:43:12,681 - root - INFO - train roc_auc, 0.4969
2024-03-14 22:43:12,682 - root - INFO - validate mrr, 0.3397
2024-03-14 22:43:12,683 - root - INFO - save model ./saved_models/DyRep/tgbl-synthetic/DyRep_seed0/DyRep_seed0.pkl
2024-03-14 22:44:36,960 - root - INFO - Epoch: 3, learning rate: 0.0001, train loss: 0.6933
2024-03-14 22:44:36,961 - root - INFO - train average_precision, 0.5017
2024-03-14 22:44:36,961 - root - INFO - train roc_auc, 0.5020
2024-03-14 22:44:36,961 - root - INFO - validate mrr, 0.3397
2024-03-14 22:44:36,962 - root - INFO - save model ./saved_models/DyRep/tgbl-synthetic/DyRep_seed0/DyRep_seed0.pkl
2024-03-14 22:46:01,800 - root - INFO - Epoch: 4, learning rate: 0.0001, train loss: 0.6932
2024-03-14 22:46:01,801 - root - INFO - train average_precision, 0.5070
2024-03-14 22:46:01,801 - root - INFO - train roc_auc, 0.5074
2024-03-14 22:46:01,801 - root - INFO - validate mrr, 0.3397
2024-03-14 22:46:01,801 - root - INFO - save model ./saved_models/DyRep/tgbl-synthetic/DyRep_seed0/DyRep_seed0.pkl
2024-03-14 22:47:41,665 - root - INFO - Epoch: 5, learning rate: 0.0001, train loss: 0.6932
2024-03-14 22:47:41,666 - root - INFO - train average_precision, 0.5009
2024-03-14 22:47:41,666 - root - INFO - train roc_auc, 0.4982
2024-03-14 22:47:41,667 - root - INFO - validate mrr, 0.3397
2024-03-14 22:47:41,670 - root - INFO - save model ./saved_models/DyRep/tgbl-synthetic/DyRep_seed0/DyRep_seed0.pkl
2024-03-14 22:49:28,849 - root - INFO - Epoch: 6, learning rate: 0.0001, train loss: 0.6932
2024-03-14 22:49:28,850 - root - INFO - train average_precision, 0.5069
2024-03-14 22:49:28,850 - root - INFO - train roc_auc, 0.5046
2024-03-14 22:49:28,850 - root - INFO - validate mrr, 0.3397
2024-03-14 22:49:28,854 - root - INFO - save model ./saved_models/DyRep/tgbl-synthetic/DyRep_seed0/DyRep_seed0.pkl
2024-03-14 22:51:06,214 - root - INFO - Epoch: 7, learning rate: 0.0001, train loss: 0.6932
2024-03-14 22:51:06,216 - root - INFO - train average_precision, 0.5017
2024-03-14 22:51:06,216 - root - INFO - train roc_auc, 0.4982
2024-03-14 22:51:06,216 - root - INFO - validate mrr, 0.3397
2024-03-14 22:51:06,216 - root - INFO - save model ./saved_models/DyRep/tgbl-synthetic/DyRep_seed0/DyRep_seed0.pkl
2024-03-14 22:52:45,022 - root - INFO - Epoch: 8, learning rate: 0.0001, train loss: 0.6931
2024-03-14 22:52:45,024 - root - INFO - train average_precision, 0.5044
2024-03-14 22:52:45,024 - root - INFO - train roc_auc, 0.5019
2024-03-14 22:52:45,024 - root - INFO - validate mrr, 0.3397
2024-03-14 22:52:45,025 - root - INFO - save model ./saved_models/DyRep/tgbl-synthetic/DyRep_seed0/DyRep_seed0.pkl
2024-03-14 22:54:20,743 - root - INFO - Epoch: 9, learning rate: 0.0001, train loss: 0.6932
2024-03-14 22:54:20,744 - root - INFO - train average_precision, 0.5038
2024-03-14 22:54:20,744 - root - INFO - train roc_auc, 0.4985
2024-03-14 22:54:20,744 - root - INFO - validate mrr, 0.3397
2024-03-14 22:54:20,744 - root - INFO - save model ./saved_models/DyRep/tgbl-synthetic/DyRep_seed0/DyRep_seed0.pkl
2024-03-14 22:56:00,456 - root - INFO - Epoch: 10, learning rate: 0.0001, train loss: 0.6932
2024-03-14 22:56:00,458 - root - INFO - train average_precision, 0.5013
2024-03-14 22:56:00,458 - root - INFO - train roc_auc, 0.5015
2024-03-14 22:56:00,458 - root - INFO - validate mrr, 0.3397
2024-03-14 22:56:58,919 - root - INFO - test mrr, 0.3397
2024-03-14 22:56:58,925 - root - INFO - save model ./saved_models/DyRep/tgbl-synthetic/DyRep_seed0/DyRep_seed0.pkl
2024-03-14 22:58:44,446 - root - INFO - Epoch: 11, learning rate: 0.0001, train loss: 0.6932
2024-03-14 22:58:44,447 - root - INFO - train average_precision, 0.5050
2024-03-14 22:58:44,447 - root - INFO - train roc_auc, 0.5047
2024-03-14 22:58:44,447 - root - INFO - validate mrr, 0.3397
2024-03-14 22:58:44,453 - root - INFO - save model ./saved_models/DyRep/tgbl-synthetic/DyRep_seed0/DyRep_seed0.pkl
2024-03-14 23:00:14,162 - root - INFO - Epoch: 12, learning rate: 0.0001, train loss: 0.6932
2024-03-14 23:00:14,164 - root - INFO - train average_precision, 0.5033
2024-03-14 23:00:14,164 - root - INFO - train roc_auc, 0.5030
2024-03-14 23:00:14,165 - root - INFO - validate mrr, 0.3397
2024-03-14 23:00:14,172 - root - INFO - save model ./saved_models/DyRep/tgbl-synthetic/DyRep_seed0/DyRep_seed0.pkl
2024-03-14 23:01:52,407 - root - INFO - Epoch: 13, learning rate: 0.0001, train loss: 0.6932
2024-03-14 23:01:52,409 - root - INFO - train average_precision, 0.5003
2024-03-14 23:01:52,409 - root - INFO - train roc_auc, 0.4974
2024-03-14 23:01:52,409 - root - INFO - validate mrr, 0.3397
2024-03-14 23:01:52,416 - root - INFO - save model ./saved_models/DyRep/tgbl-synthetic/DyRep_seed0/DyRep_seed0.pkl
2024-03-14 23:03:20,400 - root - INFO - Epoch: 14, learning rate: 0.0001, train loss: 0.6933
2024-03-14 23:03:20,403 - root - INFO - train average_precision, 0.5006
2024-03-14 23:03:20,403 - root - INFO - train roc_auc, 0.4969
2024-03-14 23:03:20,403 - root - INFO - validate mrr, 0.3397
2024-03-14 23:03:20,410 - root - INFO - save model ./saved_models/DyRep/tgbl-synthetic/DyRep_seed0/DyRep_seed0.pkl
2024-03-14 23:04:50,229 - root - INFO - Epoch: 15, learning rate: 0.0001, train loss: 0.6932
2024-03-14 23:04:50,231 - root - INFO - train average_precision, 0.5031
2024-03-14 23:04:50,231 - root - INFO - train roc_auc, 0.5000
2024-03-14 23:04:50,231 - root - INFO - validate mrr, 0.3397
2024-03-14 23:04:50,232 - root - INFO - save model ./saved_models/DyRep/tgbl-synthetic/DyRep_seed0/DyRep_seed0.pkl
2024-03-14 23:06:17,030 - root - INFO - Epoch: 16, learning rate: 0.0001, train loss: 0.6933
2024-03-14 23:06:17,031 - root - INFO - train average_precision, 0.4982
2024-03-14 23:06:17,031 - root - INFO - train roc_auc, 0.4978
2024-03-14 23:06:17,031 - root - INFO - validate mrr, 0.3397
2024-03-14 23:06:17,032 - root - INFO - save model ./saved_models/DyRep/tgbl-synthetic/DyRep_seed0/DyRep_seed0.pkl
2024-03-14 23:07:37,374 - root - INFO - Epoch: 17, learning rate: 0.0001, train loss: 0.6932
2024-03-14 23:07:37,374 - root - INFO - train average_precision, 0.5038
2024-03-14 23:07:37,374 - root - INFO - train roc_auc, 0.5035
2024-03-14 23:07:37,375 - root - INFO - validate mrr, 0.3397
2024-03-14 23:07:37,375 - root - INFO - save model ./saved_models/DyRep/tgbl-synthetic/DyRep_seed0/DyRep_seed0.pkl
2024-03-14 23:08:53,599 - root - INFO - Epoch: 18, learning rate: 0.0001, train loss: 0.6932
2024-03-14 23:08:53,600 - root - INFO - train average_precision, 0.5040
2024-03-14 23:08:53,600 - root - INFO - train roc_auc, 0.4987
2024-03-14 23:08:53,601 - root - INFO - validate mrr, 0.3397
2024-03-14 23:08:53,604 - root - INFO - save model ./saved_models/DyRep/tgbl-synthetic/DyRep_seed0/DyRep_seed0.pkl
