2024-03-14 20:44:01,381 - root - INFO - ********** Run 1 starts. **********
2024-03-14 20:44:01,381 - root - INFO - configuration is Namespace(dataset_name='tgbl-synthetic', batch_size=200, model_name='DyRep', gpu=0, num_neighbors=8, sample_neighbor_strategy='recent', time_scaling_factor=1e-06, num_walk_heads=8, num_heads=2, num_layers=2, walk_length=1, time_gap=8, time_feat_dim=100, position_feat_dim=172, output_dim=172, edge_bank_memory_mode='unlimited_memory', time_window_mode='fixed_proportion', patch_size=1, channel_embedding_dim=50, max_input_sequence_length=8, learning_rate=0.0001, dropout=0.1, num_epochs=20, optimizer='Adam', weight_decay=0.0, patience=20, num_runs=5, test_interval_epochs=10, load_best_configs=False, device='cpu', seed=0, save_model_name='DyRep_seed0')
2024-03-14 20:44:01,389 - root - INFO - model -> Sequential(
  (0): MemoryModel(
    (time_encoder): TimeEncoder(
      (w): Linear(in_features=1, out_features=100, bias=True)
    )
    (message_aggregator): MessageAggregator()
    (memory_bank): MemoryBank(num_nodes=10, memory_dim=172)
    (memory_updater): RNNMemoryUpdater(
      (memory_bank): MemoryBank(num_nodes=10, memory_dim=172)
      (memory_updater): RNNCell(445, 172)
    )
    (embedding_module): GraphAttentionEmbedding(
      (time_encoder): TimeEncoder(
        (w): Linear(in_features=1, out_features=100, bias=True)
      )
      (temporal_conv_layers): ModuleList(
        (0-1): 2 x MultiHeadAttention(
          (query_projection): Linear(in_features=272, out_features=272, bias=False)
          (key_projection): Linear(in_features=273, out_features=272, bias=False)
          (value_projection): Linear(in_features=273, out_features=272, bias=False)
          (layer_norm): LayerNorm((272,), eps=1e-05, elementwise_affine=True)
          (residual_fc): Linear(in_features=272, out_features=272, bias=True)
          (dropout): Dropout(p=0.1, inplace=False)
        )
      )
      (merge_layers): ModuleList(
        (0-1): 2 x MergeLayer(
          (fc1): Linear(in_features=444, out_features=172, bias=True)
          (fc2): Linear(in_features=172, out_features=172, bias=True)
          (act): ReLU()
        )
      )
      (projection_layer): Linear(in_features=1, out_features=172, bias=True)
    )
  )
  (1): MergeLayer(
    (fc1): Linear(in_features=344, out_features=172, bias=True)
    (fc2): Linear(in_features=172, out_features=1, bias=True)
    (act): ReLU()
  )
)
2024-03-14 20:44:01,390 - root - INFO - model name: DyRep, #parameters: 3894836 B, 3803.55078125 KB, 3.714405059814453 MB.
2024-03-14 20:44:08,475 - root - INFO - Epoch: 1, learning rate: 0.0001, train loss: 0.6932
2024-03-14 20:44:08,475 - root - INFO - train average_precision, 0.5041
2024-03-14 20:44:08,475 - root - INFO - train roc_auc, 0.5028
2024-03-14 20:44:08,475 - root - INFO - validate mrr, 0.3397
2024-03-14 20:44:08,475 - root - INFO - save model ./saved_models/DyRep/tgbl-synthetic/DyRep_seed0/DyRep_seed0.pkl
2024-03-14 20:44:15,350 - root - INFO - Epoch: 2, learning rate: 0.0001, train loss: 0.6933
2024-03-14 20:44:15,351 - root - INFO - train average_precision, 0.5033
2024-03-14 20:44:15,351 - root - INFO - train roc_auc, 0.4963
2024-03-14 20:44:15,351 - root - INFO - validate mrr, 0.3397
2024-03-14 20:44:15,351 - root - INFO - save model ./saved_models/DyRep/tgbl-synthetic/DyRep_seed0/DyRep_seed0.pkl
2024-03-14 20:44:22,042 - root - INFO - Epoch: 3, learning rate: 0.0001, train loss: 0.6933
2024-03-14 20:44:22,042 - root - INFO - train average_precision, 0.4991
2024-03-14 20:44:22,042 - root - INFO - train roc_auc, 0.4962
2024-03-14 20:44:22,042 - root - INFO - validate mrr, 0.3397
2024-03-14 20:44:22,042 - root - INFO - save model ./saved_models/DyRep/tgbl-synthetic/DyRep_seed0/DyRep_seed0.pkl
2024-03-14 20:44:28,573 - root - INFO - Epoch: 4, learning rate: 0.0001, train loss: 0.6933
2024-03-14 20:44:28,574 - root - INFO - train average_precision, 0.5067
2024-03-14 20:44:28,574 - root - INFO - train roc_auc, 0.5071
2024-03-14 20:44:28,574 - root - INFO - validate mrr, 0.3397
2024-03-14 20:44:28,574 - root - INFO - save model ./saved_models/DyRep/tgbl-synthetic/DyRep_seed0/DyRep_seed0.pkl
2024-03-14 20:44:35,290 - root - INFO - Epoch: 5, learning rate: 0.0001, train loss: 0.6932
2024-03-14 20:44:35,290 - root - INFO - train average_precision, 0.5011
2024-03-14 20:44:35,290 - root - INFO - train roc_auc, 0.4993
2024-03-14 20:44:35,290 - root - INFO - validate mrr, 0.3397
2024-03-14 20:44:35,290 - root - INFO - save model ./saved_models/DyRep/tgbl-synthetic/DyRep_seed0/DyRep_seed0.pkl
2024-03-14 20:44:41,902 - root - INFO - Epoch: 6, learning rate: 0.0001, train loss: 0.6931
2024-03-14 20:44:41,903 - root - INFO - train average_precision, 0.5063
2024-03-14 20:44:41,903 - root - INFO - train roc_auc, 0.5047
2024-03-14 20:44:41,903 - root - INFO - validate mrr, 0.3397
2024-03-14 20:44:41,903 - root - INFO - save model ./saved_models/DyRep/tgbl-synthetic/DyRep_seed0/DyRep_seed0.pkl
2024-03-14 20:44:48,445 - root - INFO - Epoch: 7, learning rate: 0.0001, train loss: 0.6932
2024-03-14 20:44:48,445 - root - INFO - train average_precision, 0.5005
2024-03-14 20:44:48,445 - root - INFO - train roc_auc, 0.4985
2024-03-14 20:44:48,445 - root - INFO - validate mrr, 0.3397
2024-03-14 20:44:48,445 - root - INFO - save model ./saved_models/DyRep/tgbl-synthetic/DyRep_seed0/DyRep_seed0.pkl
2024-03-14 20:44:55,113 - root - INFO - Epoch: 8, learning rate: 0.0001, train loss: 0.6932
2024-03-14 20:44:55,113 - root - INFO - train average_precision, 0.5018
2024-03-14 20:44:55,113 - root - INFO - train roc_auc, 0.4983
2024-03-14 20:44:55,113 - root - INFO - validate mrr, 0.3397
2024-03-14 20:44:55,113 - root - INFO - save model ./saved_models/DyRep/tgbl-synthetic/DyRep_seed0/DyRep_seed0.pkl
2024-03-14 20:45:01,856 - root - INFO - Epoch: 9, learning rate: 0.0001, train loss: 0.6932
2024-03-14 20:45:01,856 - root - INFO - train average_precision, 0.4996
2024-03-14 20:45:01,856 - root - INFO - train roc_auc, 0.4955
2024-03-14 20:45:01,856 - root - INFO - validate mrr, 0.3397
2024-03-14 20:45:01,856 - root - INFO - save model ./saved_models/DyRep/tgbl-synthetic/DyRep_seed0/DyRep_seed0.pkl
2024-03-14 20:45:08,604 - root - INFO - Epoch: 10, learning rate: 0.0001, train loss: 0.6931
2024-03-14 20:45:08,605 - root - INFO - train average_precision, 0.5046
2024-03-14 20:45:08,605 - root - INFO - train roc_auc, 0.5068
2024-03-14 20:45:08,605 - root - INFO - validate mrr, 0.3397
2024-03-14 20:45:11,568 - root - INFO - test mrr, 0.3397
2024-03-14 20:45:11,568 - root - INFO - save model ./saved_models/DyRep/tgbl-synthetic/DyRep_seed0/DyRep_seed0.pkl
2024-03-14 20:45:18,155 - root - INFO - Epoch: 11, learning rate: 0.0001, train loss: 0.6932
2024-03-14 20:45:18,155 - root - INFO - train average_precision, 0.5062
2024-03-14 20:45:18,155 - root - INFO - train roc_auc, 0.5041
2024-03-14 20:45:18,155 - root - INFO - validate mrr, 0.3397
2024-03-14 20:45:18,156 - root - INFO - save model ./saved_models/DyRep/tgbl-synthetic/DyRep_seed0/DyRep_seed0.pkl
2024-03-14 20:45:24,687 - root - INFO - Epoch: 12, learning rate: 0.0001, train loss: 0.6932
2024-03-14 20:45:24,687 - root - INFO - train average_precision, 0.5048
2024-03-14 20:45:24,687 - root - INFO - train roc_auc, 0.5050
2024-03-14 20:45:24,687 - root - INFO - validate mrr, 0.3397
2024-03-14 20:45:24,687 - root - INFO - save model ./saved_models/DyRep/tgbl-synthetic/DyRep_seed0/DyRep_seed0.pkl
2024-03-14 20:45:31,291 - root - INFO - Epoch: 13, learning rate: 0.0001, train loss: 0.6933
2024-03-14 20:45:31,291 - root - INFO - train average_precision, 0.4995
2024-03-14 20:45:31,291 - root - INFO - train roc_auc, 0.4971
2024-03-14 20:45:31,292 - root - INFO - validate mrr, 0.3397
2024-03-14 20:45:31,292 - root - INFO - save model ./saved_models/DyRep/tgbl-synthetic/DyRep_seed0/DyRep_seed0.pkl
2024-03-14 20:45:37,877 - root - INFO - Epoch: 14, learning rate: 0.0001, train loss: 0.6933
2024-03-14 20:45:37,877 - root - INFO - train average_precision, 0.5030
2024-03-14 20:45:37,878 - root - INFO - train roc_auc, 0.4984
2024-03-14 20:45:37,878 - root - INFO - validate mrr, 0.3397
2024-03-14 20:45:37,878 - root - INFO - save model ./saved_models/DyRep/tgbl-synthetic/DyRep_seed0/DyRep_seed0.pkl
2024-03-14 20:45:44,448 - root - INFO - Epoch: 15, learning rate: 0.0001, train loss: 0.6934
2024-03-14 20:45:44,448 - root - INFO - train average_precision, 0.5026
2024-03-14 20:45:44,448 - root - INFO - train roc_auc, 0.5012
2024-03-14 20:45:44,448 - root - INFO - validate mrr, 0.3397
2024-03-14 20:45:44,448 - root - INFO - save model ./saved_models/DyRep/tgbl-synthetic/DyRep_seed0/DyRep_seed0.pkl
2024-03-14 20:45:50,930 - root - INFO - Epoch: 16, learning rate: 0.0001, train loss: 0.6933
2024-03-14 20:45:50,931 - root - INFO - train average_precision, 0.5014
2024-03-14 20:45:50,931 - root - INFO - train roc_auc, 0.4983
2024-03-14 20:45:50,931 - root - INFO - validate mrr, 0.3397
2024-03-14 20:45:50,931 - root - INFO - save model ./saved_models/DyRep/tgbl-synthetic/DyRep_seed0/DyRep_seed0.pkl
2024-03-14 20:45:57,712 - root - INFO - Epoch: 17, learning rate: 0.0001, train loss: 0.6933
2024-03-14 20:45:57,713 - root - INFO - train average_precision, 0.5045
2024-03-14 20:45:57,713 - root - INFO - train roc_auc, 0.5020
2024-03-14 20:45:57,713 - root - INFO - validate mrr, 0.3397
2024-03-14 20:45:57,713 - root - INFO - save model ./saved_models/DyRep/tgbl-synthetic/DyRep_seed0/DyRep_seed0.pkl
2024-03-14 20:46:04,311 - root - INFO - Epoch: 18, learning rate: 0.0001, train loss: 0.6932
2024-03-14 20:46:04,311 - root - INFO - train average_precision, 0.4992
2024-03-14 20:46:04,311 - root - INFO - train roc_auc, 0.4957
2024-03-14 20:46:04,311 - root - INFO - validate mrr, 0.3397
2024-03-14 20:46:04,311 - root - INFO - save model ./saved_models/DyRep/tgbl-synthetic/DyRep_seed0/DyRep_seed0.pkl
2024-03-14 20:46:10,825 - root - INFO - Epoch: 19, learning rate: 0.0001, train loss: 0.6932
2024-03-14 20:46:10,825 - root - INFO - train average_precision, 0.4978
2024-03-14 20:46:10,825 - root - INFO - train roc_auc, 0.4942
2024-03-14 20:46:10,825 - root - INFO - validate mrr, 0.3397
2024-03-14 20:46:10,825 - root - INFO - save model ./saved_models/DyRep/tgbl-synthetic/DyRep_seed0/DyRep_seed0.pkl
2024-03-14 20:46:17,354 - root - INFO - Epoch: 20, learning rate: 0.0001, train loss: 0.6932
2024-03-14 20:46:17,355 - root - INFO - train average_precision, 0.5006
2024-03-14 20:46:17,355 - root - INFO - train roc_auc, 0.5001
2024-03-14 20:46:17,355 - root - INFO - validate mrr, 0.3397
2024-03-14 20:46:20,275 - root - INFO - test mrr, 0.3397
2024-03-14 20:46:20,275 - root - INFO - save model ./saved_models/DyRep/tgbl-synthetic/DyRep_seed0/DyRep_seed0.pkl
2024-03-14 20:46:20,290 - root - INFO - load model ./saved_models/DyRep/tgbl-synthetic/DyRep_seed0/DyRep_seed0.pkl
2024-03-14 20:46:20,304 - root - INFO - get final performance on dataset tgbl-synthetic...
2024-03-14 20:46:23,240 - root - INFO - test mrr, 0.3397
2024-03-14 20:46:23,240 - root - INFO - Run 1 cost 141.86 seconds.
