2024-03-14 18:33:11,819 - root - INFO - ********** Run 2 starts. **********
2024-03-14 18:33:11,819 - root - INFO - configuration is Namespace(dataset_name='tgbl-synthetic', batch_size=200, model_name='GraphMixer', gpu=0, num_neighbors=8, sample_neighbor_strategy='recent', time_scaling_factor=1e-06, num_walk_heads=8, num_heads=2, num_layers=2, walk_length=1, time_gap=8, time_feat_dim=100, position_feat_dim=172, output_dim=172, edge_bank_memory_mode='unlimited_memory', time_window_mode='fixed_proportion', patch_size=1, channel_embedding_dim=50, max_input_sequence_length=4, learning_rate=0.0001, dropout=0.1, num_epochs=20, optimizer='Adam', weight_decay=0.0, patience=20, num_runs=5, test_interval_epochs=10, load_best_configs=False, device='cpu', seed=1, save_model_name='GraphMixer_seed1')
2024-03-14 18:33:11,822 - root - INFO - model -> Sequential(
  (0): GraphMixer(
    (time_encoder): TimeEncoder(
      (w): Linear(in_features=1, out_features=100, bias=True)
    )
    (projection_layer): Linear(in_features=101, out_features=172, bias=True)
    (mlp_mixers): ModuleList(
      (0-1): 2 x MLPMixer(
        (token_norm): LayerNorm((8,), eps=1e-05, elementwise_affine=True)
        (token_feedforward): FeedForwardNet(
          (ffn): Sequential(
            (0): Linear(in_features=8, out_features=4, bias=True)
            (1): GELU(approximate='none')
            (2): Dropout(p=0.1, inplace=False)
            (3): Linear(in_features=4, out_features=8, bias=True)
            (4): Dropout(p=0.1, inplace=False)
          )
        )
        (channel_norm): LayerNorm((172,), eps=1e-05, elementwise_affine=True)
        (channel_feedforward): FeedForwardNet(
          (ffn): Sequential(
            (0): Linear(in_features=172, out_features=688, bias=True)
            (1): GELU(approximate='none')
            (2): Dropout(p=0.1, inplace=False)
            (3): Linear(in_features=688, out_features=172, bias=True)
            (4): Dropout(p=0.1, inplace=False)
          )
        )
      )
    )
    (output_layer): Linear(in_features=173, out_features=172, bias=True)
  )
  (1): MergeLayer(
    (fc1): Linear(in_features=344, out_features=172, bias=True)
    (fc2): Linear(in_features=172, out_features=1, bias=True)
    (act): ReLU()
  )
)
2024-03-14 18:33:11,822 - root - INFO - model name: GraphMixer, #parameters: 2331684 B, 2277.03515625 KB, 2.2236671447753906 MB.
2024-03-14 18:33:15,327 - root - INFO - Epoch: 1, learning rate: 0.0001, train loss: 0.6933
2024-03-14 18:33:15,327 - root - INFO - train average_precision, 0.5040
2024-03-14 18:33:15,327 - root - INFO - train roc_auc, 0.4996
2024-03-14 18:33:15,327 - root - INFO - validate mrr, 0.2222
2024-03-14 18:33:15,327 - root - INFO - save model ./saved_models/GraphMixer/tgbl-synthetic/GraphMixer_seed1/GraphMixer_seed1.pkl
2024-03-14 18:33:18,761 - root - INFO - Epoch: 2, learning rate: 0.0001, train loss: 0.6931
2024-03-14 18:33:18,761 - root - INFO - train average_precision, 0.5091
2024-03-14 18:33:18,761 - root - INFO - train roc_auc, 0.5050
2024-03-14 18:33:18,762 - root - INFO - validate mrr, 0.2222
2024-03-14 18:33:18,762 - root - INFO - save model ./saved_models/GraphMixer/tgbl-synthetic/GraphMixer_seed1/GraphMixer_seed1.pkl
2024-03-14 18:33:22,159 - root - INFO - Epoch: 3, learning rate: 0.0001, train loss: 0.6932
2024-03-14 18:33:22,159 - root - INFO - train average_precision, 0.5031
2024-03-14 18:33:22,159 - root - INFO - train roc_auc, 0.4974
2024-03-14 18:33:22,159 - root - INFO - validate mrr, 0.2529
2024-03-14 18:33:22,159 - root - INFO - save model ./saved_models/GraphMixer/tgbl-synthetic/GraphMixer_seed1/GraphMixer_seed1.pkl
2024-03-14 18:33:25,606 - root - INFO - Epoch: 4, learning rate: 0.0001, train loss: 0.6930
2024-03-14 18:33:25,607 - root - INFO - train average_precision, 0.5164
2024-03-14 18:33:25,607 - root - INFO - train roc_auc, 0.5117
2024-03-14 18:33:25,607 - root - INFO - validate mrr, 0.2222
2024-03-14 18:33:29,052 - root - INFO - Epoch: 5, learning rate: 0.0001, train loss: 0.6933
2024-03-14 18:33:29,052 - root - INFO - train average_precision, 0.4974
2024-03-14 18:33:29,052 - root - INFO - train roc_auc, 0.4900
2024-03-14 18:33:29,052 - root - INFO - validate mrr, 0.2222
2024-03-14 18:33:32,460 - root - INFO - Epoch: 6, learning rate: 0.0001, train loss: 0.6932
2024-03-14 18:33:32,460 - root - INFO - train average_precision, 0.5070
2024-03-14 18:33:32,460 - root - INFO - train roc_auc, 0.5004
2024-03-14 18:33:32,460 - root - INFO - validate mrr, 0.2233
2024-03-14 18:33:35,846 - root - INFO - Epoch: 7, learning rate: 0.0001, train loss: 0.6932
2024-03-14 18:33:35,846 - root - INFO - train average_precision, 0.5065
2024-03-14 18:33:35,846 - root - INFO - train roc_auc, 0.4988
2024-03-14 18:33:35,846 - root - INFO - validate mrr, 0.2222
2024-03-14 18:33:39,258 - root - INFO - Epoch: 8, learning rate: 0.0001, train loss: 0.6931
2024-03-14 18:33:39,258 - root - INFO - train average_precision, 0.5131
2024-03-14 18:33:39,258 - root - INFO - train roc_auc, 0.5032
2024-03-14 18:33:39,259 - root - INFO - validate mrr, 0.2657
2024-03-14 18:33:39,259 - root - INFO - save model ./saved_models/GraphMixer/tgbl-synthetic/GraphMixer_seed1/GraphMixer_seed1.pkl
2024-03-14 18:33:42,666 - root - INFO - Epoch: 9, learning rate: 0.0001, train loss: 0.6933
2024-03-14 18:33:42,666 - root - INFO - train average_precision, 0.4985
2024-03-14 18:33:42,666 - root - INFO - train roc_auc, 0.4954
2024-03-14 18:33:42,666 - root - INFO - validate mrr, 0.2222
2024-03-14 18:33:46,125 - root - INFO - Epoch: 10, learning rate: 0.0001, train loss: 0.6932
2024-03-14 18:33:46,125 - root - INFO - train average_precision, 0.5041
2024-03-14 18:33:46,125 - root - INFO - train roc_auc, 0.4976
2024-03-14 18:33:46,125 - root - INFO - validate mrr, 0.2833
2024-03-14 18:33:46,714 - root - INFO - test mrr, 0.2833
2024-03-14 18:33:46,714 - root - INFO - save model ./saved_models/GraphMixer/tgbl-synthetic/GraphMixer_seed1/GraphMixer_seed1.pkl
2024-03-14 18:33:50,167 - root - INFO - Epoch: 11, learning rate: 0.0001, train loss: 0.6932
2024-03-14 18:33:50,167 - root - INFO - train average_precision, 0.5063
2024-03-14 18:33:50,167 - root - INFO - train roc_auc, 0.5009
2024-03-14 18:33:50,167 - root - INFO - validate mrr, 0.2222
2024-03-14 18:33:53,708 - root - INFO - Epoch: 12, learning rate: 0.0001, train loss: 0.6933
2024-03-14 18:33:53,708 - root - INFO - train average_precision, 0.5035
2024-03-14 18:33:53,708 - root - INFO - train roc_auc, 0.4933
2024-03-14 18:33:53,708 - root - INFO - validate mrr, 0.2260
2024-03-14 18:33:57,136 - root - INFO - Epoch: 13, learning rate: 0.0001, train loss: 0.6933
2024-03-14 18:33:57,136 - root - INFO - train average_precision, 0.5005
2024-03-14 18:33:57,136 - root - INFO - train roc_auc, 0.4959
2024-03-14 18:33:57,136 - root - INFO - validate mrr, 0.2222
2024-03-14 18:34:00,616 - root - INFO - Epoch: 14, learning rate: 0.0001, train loss: 0.6932
2024-03-14 18:34:00,616 - root - INFO - train average_precision, 0.5091
2024-03-14 18:34:00,616 - root - INFO - train roc_auc, 0.4965
2024-03-14 18:34:00,616 - root - INFO - validate mrr, 0.2222
2024-03-14 18:34:04,086 - root - INFO - Epoch: 15, learning rate: 0.0001, train loss: 0.6932
2024-03-14 18:34:04,086 - root - INFO - train average_precision, 0.5102
2024-03-14 18:34:04,086 - root - INFO - train roc_auc, 0.5006
2024-03-14 18:34:04,086 - root - INFO - validate mrr, 0.2223
2024-03-14 18:34:07,512 - root - INFO - Epoch: 16, learning rate: 0.0001, train loss: 0.6932
2024-03-14 18:34:07,512 - root - INFO - train average_precision, 0.5035
2024-03-14 18:34:07,512 - root - INFO - train roc_auc, 0.5006
2024-03-14 18:34:07,512 - root - INFO - validate mrr, 0.2237
2024-03-14 18:34:10,972 - root - INFO - Epoch: 17, learning rate: 0.0001, train loss: 0.6931
2024-03-14 18:34:10,972 - root - INFO - train average_precision, 0.5081
2024-03-14 18:34:10,972 - root - INFO - train roc_auc, 0.5046
2024-03-14 18:34:10,972 - root - INFO - validate mrr, 0.2222
2024-03-14 18:34:14,537 - root - INFO - Epoch: 18, learning rate: 0.0001, train loss: 0.6933
2024-03-14 18:34:14,537 - root - INFO - train average_precision, 0.5060
2024-03-14 18:34:14,537 - root - INFO - train roc_auc, 0.4964
2024-03-14 18:34:14,537 - root - INFO - validate mrr, 0.2222
2024-03-14 18:34:18,132 - root - INFO - Epoch: 19, learning rate: 0.0001, train loss: 0.6934
2024-03-14 18:34:18,132 - root - INFO - train average_precision, 0.4983
2024-03-14 18:34:18,132 - root - INFO - train roc_auc, 0.4897
2024-03-14 18:34:18,132 - root - INFO - validate mrr, 0.2222
2024-03-14 18:34:21,770 - root - INFO - Epoch: 20, learning rate: 0.0001, train loss: 0.6934
2024-03-14 18:34:21,770 - root - INFO - train average_precision, 0.4976
2024-03-14 18:34:21,770 - root - INFO - train roc_auc, 0.4898
2024-03-14 18:34:21,770 - root - INFO - validate mrr, 0.2222
2024-03-14 18:34:22,365 - root - INFO - test mrr, 0.2222
2024-03-14 18:34:22,365 - root - INFO - load model ./saved_models/GraphMixer/tgbl-synthetic/GraphMixer_seed1/GraphMixer_seed1.pkl
2024-03-14 18:34:22,367 - root - INFO - get final performance on dataset tgbl-synthetic...
2024-03-14 18:34:23,557 - root - INFO - validate mrr, 0.2833
2024-03-14 18:34:23,557 - root - INFO - test mrr, 0.2833
2024-03-14 18:34:23,557 - root - INFO - Run 2 cost 71.74 seconds.
