2024-03-15 00:29:29,408 - root - INFO - ********** Run 2 starts. **********
2024-03-15 00:29:29,408 - root - INFO - configuration is Namespace(dataset_name='tgbl-synthetic', batch_size=200, model_name='TGAT', gpu=0, num_neighbors=32, sample_neighbor_strategy='recent', time_scaling_factor=1e-06, num_walk_heads=8, num_heads=2, num_layers=2, walk_length=1, time_gap=32, time_feat_dim=100, position_feat_dim=172, output_dim=172, edge_bank_memory_mode='unlimited_memory', time_window_mode='fixed_proportion', patch_size=1, channel_embedding_dim=50, max_input_sequence_length=32, learning_rate=0.0001, dropout=0.1, num_epochs=20, optimizer='Adam', weight_decay=0.0, patience=20, num_runs=3, test_interval_epochs=10, load_best_configs=False, device='cpu', seed=1, save_model_name='TGAT_seed1')
2024-03-15 00:29:29,410 - root - INFO - model -> Sequential(
  (0): TGAT(
    (time_encoder): TimeEncoder(
      (w): Linear(in_features=1, out_features=100, bias=True)
    )
    (temporal_conv_layers): ModuleList(
      (0): MultiHeadAttention(
        (query_projection): Linear(in_features=102, out_features=102, bias=False)
        (key_projection): Linear(in_features=102, out_features=102, bias=False)
        (value_projection): Linear(in_features=102, out_features=102, bias=False)
        (layer_norm): LayerNorm((102,), eps=1e-05, elementwise_affine=True)
        (residual_fc): Linear(in_features=102, out_features=102, bias=True)
        (dropout): Dropout(p=0.1, inplace=False)
      )
      (1): MultiHeadAttention(
        (query_projection): Linear(in_features=272, out_features=272, bias=False)
        (key_projection): Linear(in_features=273, out_features=272, bias=False)
        (value_projection): Linear(in_features=273, out_features=272, bias=False)
        (layer_norm): LayerNorm((272,), eps=1e-05, elementwise_affine=True)
        (residual_fc): Linear(in_features=272, out_features=272, bias=True)
        (dropout): Dropout(p=0.1, inplace=False)
      )
    )
    (merge_layers): ModuleList(
      (0): MergeLayer(
        (fc1): Linear(in_features=103, out_features=172, bias=True)
        (fc2): Linear(in_features=172, out_features=172, bias=True)
        (act): ReLU()
      )
      (1): MergeLayer(
        (fc1): Linear(in_features=273, out_features=172, bias=True)
        (fc2): Linear(in_features=172, out_features=172, bias=True)
        (act): ReLU()
      )
    )
  )
  (1): MergeLayer(
    (fc1): Linear(in_features=344, out_features=172, bias=True)
    (fc2): Linear(in_features=172, out_features=1, bias=True)
    (act): ReLU()
  )
)
2024-03-15 00:29:29,411 - root - INFO - model name: TGAT, #parameters: 2093836 B, 2044.76171875 KB, 1.9968376159667969 MB.
2024-03-15 00:30:01,658 - root - INFO - Epoch: 1, learning rate: 0.0001, train loss: 0.6932
2024-03-15 00:30:01,658 - root - INFO - train average_precision, 0.5069
2024-03-15 00:30:01,658 - root - INFO - train roc_auc, 0.4971
2024-03-15 00:30:01,659 - root - INFO - validate mrr, 0.2222
2024-03-15 00:30:01,659 - root - INFO - save model ./saved_models/TGAT/tgbl-synthetic/TGAT_seed1/TGAT_seed1.pkl
2024-03-15 00:30:33,920 - root - INFO - Epoch: 2, learning rate: 0.0001, train loss: 0.6932
2024-03-15 00:30:33,920 - root - INFO - train average_precision, 0.4993
2024-03-15 00:30:33,920 - root - INFO - train roc_auc, 0.4975
2024-03-15 00:30:33,920 - root - INFO - validate mrr, 0.2222
2024-03-15 00:30:33,920 - root - INFO - save model ./saved_models/TGAT/tgbl-synthetic/TGAT_seed1/TGAT_seed1.pkl
2024-03-15 00:31:06,364 - root - INFO - Epoch: 3, learning rate: 0.0001, train loss: 0.6932
2024-03-15 00:31:06,364 - root - INFO - train average_precision, 0.5090
2024-03-15 00:31:06,364 - root - INFO - train roc_auc, 0.4997
2024-03-15 00:31:06,365 - root - INFO - validate mrr, 0.3186
2024-03-15 00:31:06,365 - root - INFO - save model ./saved_models/TGAT/tgbl-synthetic/TGAT_seed1/TGAT_seed1.pkl
2024-03-15 00:31:38,824 - root - INFO - Epoch: 4, learning rate: 0.0001, train loss: 0.6932
2024-03-15 00:31:38,824 - root - INFO - train average_precision, 0.5002
2024-03-15 00:31:38,824 - root - INFO - train roc_auc, 0.4975
2024-03-15 00:31:38,824 - root - INFO - validate mrr, 0.2222
2024-03-15 00:32:11,367 - root - INFO - Epoch: 5, learning rate: 0.0001, train loss: 0.6932
2024-03-15 00:32:11,367 - root - INFO - train average_precision, 0.5093
2024-03-15 00:32:11,367 - root - INFO - train roc_auc, 0.4987
2024-03-15 00:32:11,367 - root - INFO - validate mrr, 0.2222
2024-03-15 00:32:43,976 - root - INFO - Epoch: 6, learning rate: 0.0001, train loss: 0.6932
2024-03-15 00:32:43,976 - root - INFO - train average_precision, 0.5065
2024-03-15 00:32:43,977 - root - INFO - train roc_auc, 0.5014
2024-03-15 00:32:43,977 - root - INFO - validate mrr, 0.2222
2024-03-15 00:33:16,353 - root - INFO - Epoch: 7, learning rate: 0.0001, train loss: 0.6932
2024-03-15 00:33:16,353 - root - INFO - train average_precision, 0.5024
2024-03-15 00:33:16,353 - root - INFO - train roc_auc, 0.4977
2024-03-15 00:33:16,353 - root - INFO - validate mrr, 0.2222
2024-03-15 00:33:48,840 - root - INFO - Epoch: 8, learning rate: 0.0001, train loss: 0.6932
2024-03-15 00:33:48,841 - root - INFO - train average_precision, 0.5129
2024-03-15 00:33:48,841 - root - INFO - train roc_auc, 0.4955
2024-03-15 00:33:48,841 - root - INFO - validate mrr, 0.2222
2024-03-15 00:34:21,104 - root - INFO - Epoch: 9, learning rate: 0.0001, train loss: 0.6933
2024-03-15 00:34:21,104 - root - INFO - train average_precision, 0.4988
2024-03-15 00:34:21,104 - root - INFO - train roc_auc, 0.4879
2024-03-15 00:34:21,104 - root - INFO - validate mrr, 0.2222
2024-03-15 00:34:53,992 - root - INFO - Epoch: 10, learning rate: 0.0001, train loss: 0.6933
2024-03-15 00:34:53,993 - root - INFO - train average_precision, 0.5034
2024-03-15 00:34:53,993 - root - INFO - train roc_auc, 0.4904
2024-03-15 00:34:53,993 - root - INFO - validate mrr, 0.2374
2024-03-15 00:35:02,945 - root - INFO - test mrr, 0.2374
2024-03-15 00:35:35,879 - root - INFO - Epoch: 11, learning rate: 0.0001, train loss: 0.6932
2024-03-15 00:35:35,880 - root - INFO - train average_precision, 0.5002
2024-03-15 00:35:35,880 - root - INFO - train roc_auc, 0.4954
2024-03-15 00:35:35,880 - root - INFO - validate mrr, 0.2222
2024-03-15 00:36:08,680 - root - INFO - Epoch: 12, learning rate: 0.0001, train loss: 0.6932
2024-03-15 00:36:08,680 - root - INFO - train average_precision, 0.5057
2024-03-15 00:36:08,681 - root - INFO - train roc_auc, 0.4944
2024-03-15 00:36:08,681 - root - INFO - validate mrr, 0.2222
2024-03-15 00:36:41,180 - root - INFO - Epoch: 13, learning rate: 0.0001, train loss: 0.6931
2024-03-15 00:36:41,180 - root - INFO - train average_precision, 0.5116
2024-03-15 00:36:41,180 - root - INFO - train roc_auc, 0.5078
2024-03-15 00:36:41,180 - root - INFO - validate mrr, 0.2222
2024-03-15 00:37:13,973 - root - INFO - Epoch: 14, learning rate: 0.0001, train loss: 0.6932
2024-03-15 00:37:13,973 - root - INFO - train average_precision, 0.5027
2024-03-15 00:37:13,973 - root - INFO - train roc_auc, 0.4937
2024-03-15 00:37:13,974 - root - INFO - validate mrr, 0.2222
2024-03-15 00:37:47,093 - root - INFO - Epoch: 15, learning rate: 0.0001, train loss: 0.6932
2024-03-15 00:37:47,093 - root - INFO - train average_precision, 0.5043
2024-03-15 00:37:47,093 - root - INFO - train roc_auc, 0.4934
2024-03-15 00:37:47,093 - root - INFO - validate mrr, 0.2222
2024-03-15 00:38:19,576 - root - INFO - Epoch: 16, learning rate: 0.0001, train loss: 0.6931
2024-03-15 00:38:19,576 - root - INFO - train average_precision, 0.5052
2024-03-15 00:38:19,576 - root - INFO - train roc_auc, 0.5046
2024-03-15 00:38:19,576 - root - INFO - validate mrr, 0.2222
2024-03-15 00:38:52,641 - root - INFO - Epoch: 17, learning rate: 0.0001, train loss: 0.6933
2024-03-15 00:38:52,642 - root - INFO - train average_precision, 0.4998
2024-03-15 00:38:52,642 - root - INFO - train roc_auc, 0.4889
2024-03-15 00:38:52,642 - root - INFO - validate mrr, 0.2222
2024-03-15 00:39:25,483 - root - INFO - Epoch: 18, learning rate: 0.0001, train loss: 0.6932
2024-03-15 00:39:25,483 - root - INFO - train average_precision, 0.5057
2024-03-15 00:39:25,483 - root - INFO - train roc_auc, 0.5001
2024-03-15 00:39:25,484 - root - INFO - validate mrr, 0.2222
2024-03-15 00:39:58,132 - root - INFO - Epoch: 19, learning rate: 0.0001, train loss: 0.6930
2024-03-15 00:39:58,133 - root - INFO - train average_precision, 0.5143
2024-03-15 00:39:58,133 - root - INFO - train roc_auc, 0.5116
2024-03-15 00:39:58,133 - root - INFO - validate mrr, 0.2222
2024-03-15 00:40:30,489 - root - INFO - Epoch: 20, learning rate: 0.0001, train loss: 0.6931
2024-03-15 00:40:30,489 - root - INFO - train average_precision, 0.5087
2024-03-15 00:40:30,489 - root - INFO - train roc_auc, 0.5026
2024-03-15 00:40:30,489 - root - INFO - validate mrr, 0.2222
2024-03-15 00:40:39,223 - root - INFO - test mrr, 0.2222
2024-03-15 00:40:39,223 - root - INFO - load model ./saved_models/TGAT/tgbl-synthetic/TGAT_seed1/TGAT_seed1.pkl
2024-03-15 00:40:39,227 - root - INFO - get final performance on dataset tgbl-synthetic...
2024-03-15 00:40:56,741 - root - INFO - validate mrr, 0.3186
2024-03-15 00:40:56,741 - root - INFO - test mrr, 0.3186
2024-03-15 00:40:56,741 - root - INFO - Run 2 cost 687.33 seconds.
