2024-03-14 22:26:04,202 - root - INFO - ********** Run 5 starts. **********
2024-03-14 22:26:04,203 - root - INFO - configuration is Namespace(dataset_name='tgbl-synthetic', batch_size=200, model_name='DyRep', gpu=0, num_neighbors=24, sample_neighbor_strategy='recent', time_scaling_factor=1e-06, num_walk_heads=8, num_heads=2, num_layers=2, walk_length=1, time_gap=24, time_feat_dim=100, position_feat_dim=172, output_dim=172, edge_bank_memory_mode='unlimited_memory', time_window_mode='fixed_proportion', patch_size=1, channel_embedding_dim=50, max_input_sequence_length=24, learning_rate=0.0001, dropout=0.1, num_epochs=20, optimizer='Adam', weight_decay=0.0, patience=20, num_runs=5, test_interval_epochs=10, load_best_configs=False, device='cpu', seed=4, save_model_name='DyRep_seed4')
2024-03-14 22:26:04,217 - root - INFO - model -> Sequential(
  (0): MemoryModel(
    (time_encoder): TimeEncoder(
      (w): Linear(in_features=1, out_features=100, bias=True)
    )
    (message_aggregator): MessageAggregator()
    (memory_bank): MemoryBank(num_nodes=10, memory_dim=172)
    (memory_updater): RNNMemoryUpdater(
      (memory_bank): MemoryBank(num_nodes=10, memory_dim=172)
      (memory_updater): RNNCell(445, 172)
    )
    (embedding_module): GraphAttentionEmbedding(
      (time_encoder): TimeEncoder(
        (w): Linear(in_features=1, out_features=100, bias=True)
      )
      (temporal_conv_layers): ModuleList(
        (0-1): 2 x MultiHeadAttention(
          (query_projection): Linear(in_features=272, out_features=272, bias=False)
          (key_projection): Linear(in_features=273, out_features=272, bias=False)
          (value_projection): Linear(in_features=273, out_features=272, bias=False)
          (layer_norm): LayerNorm((272,), eps=1e-05, elementwise_affine=True)
          (residual_fc): Linear(in_features=272, out_features=272, bias=True)
          (dropout): Dropout(p=0.1, inplace=False)
        )
      )
      (merge_layers): ModuleList(
        (0-1): 2 x MergeLayer(
          (fc1): Linear(in_features=444, out_features=172, bias=True)
          (fc2): Linear(in_features=172, out_features=172, bias=True)
          (act): ReLU()
        )
      )
      (projection_layer): Linear(in_features=1, out_features=172, bias=True)
    )
  )
  (1): MergeLayer(
    (fc1): Linear(in_features=344, out_features=172, bias=True)
    (fc2): Linear(in_features=172, out_features=1, bias=True)
    (act): ReLU()
  )
)
2024-03-14 22:26:04,217 - root - INFO - model name: DyRep, #parameters: 3894836 B, 3803.55078125 KB, 3.714405059814453 MB.
2024-03-14 22:26:46,449 - root - INFO - Epoch: 1, learning rate: 0.0001, train loss: 0.6933
2024-03-14 22:26:46,450 - root - INFO - train average_precision, 0.5021
2024-03-14 22:26:46,450 - root - INFO - train roc_auc, 0.5013
2024-03-14 22:26:46,450 - root - INFO - validate mrr, 0.3397
2024-03-14 22:26:46,450 - root - INFO - save model ./saved_models/DyRep/tgbl-synthetic/DyRep_seed4/DyRep_seed4.pkl
2024-03-14 22:27:20,817 - root - INFO - Epoch: 2, learning rate: 0.0001, train loss: 0.6935
2024-03-14 22:27:20,817 - root - INFO - train average_precision, 0.4991
2024-03-14 22:27:20,817 - root - INFO - train roc_auc, 0.4978
2024-03-14 22:27:20,818 - root - INFO - validate mrr, 0.3397
2024-03-14 22:27:20,818 - root - INFO - save model ./saved_models/DyRep/tgbl-synthetic/DyRep_seed4/DyRep_seed4.pkl
2024-03-14 22:27:59,902 - root - INFO - Epoch: 3, learning rate: 0.0001, train loss: 0.6931
2024-03-14 22:27:59,903 - root - INFO - train average_precision, 0.5127
2024-03-14 22:27:59,903 - root - INFO - train roc_auc, 0.5104
2024-03-14 22:27:59,903 - root - INFO - validate mrr, 0.3397
2024-03-14 22:27:59,903 - root - INFO - save model ./saved_models/DyRep/tgbl-synthetic/DyRep_seed4/DyRep_seed4.pkl
2024-03-14 22:28:41,772 - root - INFO - Epoch: 4, learning rate: 0.0001, train loss: 0.6933
2024-03-14 22:28:41,772 - root - INFO - train average_precision, 0.5011
2024-03-14 22:28:41,772 - root - INFO - train roc_auc, 0.4984
2024-03-14 22:28:41,772 - root - INFO - validate mrr, 0.3397
2024-03-14 22:28:41,772 - root - INFO - save model ./saved_models/DyRep/tgbl-synthetic/DyRep_seed4/DyRep_seed4.pkl
2024-03-14 22:29:20,099 - root - INFO - Epoch: 5, learning rate: 0.0001, train loss: 0.6932
2024-03-14 22:29:20,100 - root - INFO - train average_precision, 0.4981
2024-03-14 22:29:20,100 - root - INFO - train roc_auc, 0.4962
2024-03-14 22:29:20,100 - root - INFO - validate mrr, 0.3397
2024-03-14 22:29:20,100 - root - INFO - save model ./saved_models/DyRep/tgbl-synthetic/DyRep_seed4/DyRep_seed4.pkl
2024-03-14 22:29:58,522 - root - INFO - Epoch: 6, learning rate: 0.0001, train loss: 0.6932
2024-03-14 22:29:58,523 - root - INFO - train average_precision, 0.5076
2024-03-14 22:29:58,523 - root - INFO - train roc_auc, 0.5024
2024-03-14 22:29:58,523 - root - INFO - validate mrr, 0.3397
2024-03-14 22:29:58,523 - root - INFO - save model ./saved_models/DyRep/tgbl-synthetic/DyRep_seed4/DyRep_seed4.pkl
2024-03-14 22:30:40,066 - root - INFO - Epoch: 7, learning rate: 0.0001, train loss: 0.6931
2024-03-14 22:30:40,066 - root - INFO - train average_precision, 0.5054
2024-03-14 22:30:40,066 - root - INFO - train roc_auc, 0.5053
2024-03-14 22:30:40,067 - root - INFO - validate mrr, 0.3397
2024-03-14 22:30:40,067 - root - INFO - save model ./saved_models/DyRep/tgbl-synthetic/DyRep_seed4/DyRep_seed4.pkl
2024-03-14 22:31:15,747 - root - INFO - Epoch: 8, learning rate: 0.0001, train loss: 0.6933
2024-03-14 22:31:15,747 - root - INFO - train average_precision, 0.5004
2024-03-14 22:31:15,748 - root - INFO - train roc_auc, 0.4966
2024-03-14 22:31:15,748 - root - INFO - validate mrr, 0.3397
2024-03-14 22:31:15,748 - root - INFO - save model ./saved_models/DyRep/tgbl-synthetic/DyRep_seed4/DyRep_seed4.pkl
2024-03-14 22:31:51,825 - root - INFO - Epoch: 9, learning rate: 0.0001, train loss: 0.6932
2024-03-14 22:31:51,825 - root - INFO - train average_precision, 0.4964
2024-03-14 22:31:51,825 - root - INFO - train roc_auc, 0.4932
2024-03-14 22:31:51,826 - root - INFO - validate mrr, 0.3397
2024-03-14 22:31:51,826 - root - INFO - save model ./saved_models/DyRep/tgbl-synthetic/DyRep_seed4/DyRep_seed4.pkl
2024-03-14 22:32:31,703 - root - INFO - Epoch: 10, learning rate: 0.0001, train loss: 0.6932
2024-03-14 22:32:31,703 - root - INFO - train average_precision, 0.5030
2024-03-14 22:32:31,703 - root - INFO - train roc_auc, 0.4991
2024-03-14 22:32:31,703 - root - INFO - validate mrr, 0.3397
2024-03-14 22:32:53,092 - root - INFO - test mrr, 0.3397
2024-03-14 22:32:53,093 - root - INFO - save model ./saved_models/DyRep/tgbl-synthetic/DyRep_seed4/DyRep_seed4.pkl
2024-03-14 22:33:34,435 - root - INFO - Epoch: 11, learning rate: 0.0001, train loss: 0.6933
2024-03-14 22:33:34,435 - root - INFO - train average_precision, 0.4971
2024-03-14 22:33:34,435 - root - INFO - train roc_auc, 0.4959
2024-03-14 22:33:34,435 - root - INFO - validate mrr, 0.3397
2024-03-14 22:33:34,435 - root - INFO - save model ./saved_models/DyRep/tgbl-synthetic/DyRep_seed4/DyRep_seed4.pkl
2024-03-14 22:34:12,759 - root - INFO - Epoch: 12, learning rate: 0.0001, train loss: 0.6932
2024-03-14 22:34:12,759 - root - INFO - train average_precision, 0.5011
2024-03-14 22:34:12,759 - root - INFO - train roc_auc, 0.4998
2024-03-14 22:34:12,759 - root - INFO - validate mrr, 0.3397
2024-03-14 22:34:12,760 - root - INFO - save model ./saved_models/DyRep/tgbl-synthetic/DyRep_seed4/DyRep_seed4.pkl
2024-03-14 22:34:48,490 - root - INFO - Epoch: 13, learning rate: 0.0001, train loss: 0.6932
2024-03-14 22:34:48,490 - root - INFO - train average_precision, 0.5040
2024-03-14 22:34:48,490 - root - INFO - train roc_auc, 0.5001
2024-03-14 22:34:48,490 - root - INFO - validate mrr, 0.3397
2024-03-14 22:34:48,490 - root - INFO - save model ./saved_models/DyRep/tgbl-synthetic/DyRep_seed4/DyRep_seed4.pkl
2024-03-14 22:35:28,331 - root - INFO - Epoch: 14, learning rate: 0.0001, train loss: 0.6933
2024-03-14 22:35:28,331 - root - INFO - train average_precision, 0.4951
2024-03-14 22:35:28,331 - root - INFO - train roc_auc, 0.4945
2024-03-14 22:35:28,331 - root - INFO - validate mrr, 0.3397
2024-03-14 22:35:28,331 - root - INFO - save model ./saved_models/DyRep/tgbl-synthetic/DyRep_seed4/DyRep_seed4.pkl
2024-03-14 22:36:07,529 - root - INFO - Epoch: 15, learning rate: 0.0001, train loss: 0.6933
2024-03-14 22:36:07,529 - root - INFO - train average_precision, 0.4969
2024-03-14 22:36:07,529 - root - INFO - train roc_auc, 0.4954
2024-03-14 22:36:07,530 - root - INFO - validate mrr, 0.3397
2024-03-14 22:36:07,530 - root - INFO - save model ./saved_models/DyRep/tgbl-synthetic/DyRep_seed4/DyRep_seed4.pkl
2024-03-14 22:36:44,698 - root - INFO - Epoch: 16, learning rate: 0.0001, train loss: 0.6931
2024-03-14 22:36:44,698 - root - INFO - train average_precision, 0.5050
2024-03-14 22:36:44,699 - root - INFO - train roc_auc, 0.5026
2024-03-14 22:36:44,699 - root - INFO - validate mrr, 0.3397
2024-03-14 22:36:44,699 - root - INFO - save model ./saved_models/DyRep/tgbl-synthetic/DyRep_seed4/DyRep_seed4.pkl
2024-03-14 22:37:23,970 - root - INFO - Epoch: 17, learning rate: 0.0001, train loss: 0.6933
2024-03-14 22:37:23,971 - root - INFO - train average_precision, 0.4984
2024-03-14 22:37:23,971 - root - INFO - train roc_auc, 0.4930
2024-03-14 22:37:23,971 - root - INFO - validate mrr, 0.3397
2024-03-14 22:37:23,971 - root - INFO - save model ./saved_models/DyRep/tgbl-synthetic/DyRep_seed4/DyRep_seed4.pkl
2024-03-14 22:38:05,260 - root - INFO - Epoch: 18, learning rate: 0.0001, train loss: 0.6933
2024-03-14 22:38:05,260 - root - INFO - train average_precision, 0.4967
2024-03-14 22:38:05,260 - root - INFO - train roc_auc, 0.4940
2024-03-14 22:38:05,261 - root - INFO - validate mrr, 0.3397
2024-03-14 22:38:05,261 - root - INFO - save model ./saved_models/DyRep/tgbl-synthetic/DyRep_seed4/DyRep_seed4.pkl
2024-03-14 22:38:44,866 - root - INFO - Epoch: 19, learning rate: 0.0001, train loss: 0.6932
2024-03-14 22:38:44,867 - root - INFO - train average_precision, 0.4975
2024-03-14 22:38:44,867 - root - INFO - train roc_auc, 0.4969
2024-03-14 22:38:44,867 - root - INFO - validate mrr, 0.3397
2024-03-14 22:38:44,867 - root - INFO - save model ./saved_models/DyRep/tgbl-synthetic/DyRep_seed4/DyRep_seed4.pkl
2024-03-14 22:39:23,257 - root - INFO - Epoch: 20, learning rate: 0.0001, train loss: 0.6933
2024-03-14 22:39:23,257 - root - INFO - train average_precision, 0.4977
2024-03-14 22:39:23,257 - root - INFO - train roc_auc, 0.4936
2024-03-14 22:39:23,258 - root - INFO - validate mrr, 0.3397
2024-03-14 22:39:43,873 - root - INFO - test mrr, 0.3397
2024-03-14 22:39:43,874 - root - INFO - save model ./saved_models/DyRep/tgbl-synthetic/DyRep_seed4/DyRep_seed4.pkl
2024-03-14 22:39:43,889 - root - INFO - load model ./saved_models/DyRep/tgbl-synthetic/DyRep_seed4/DyRep_seed4.pkl
2024-03-14 22:39:43,903 - root - INFO - get final performance on dataset tgbl-synthetic...
2024-03-14 22:40:05,671 - root - INFO - test mrr, 0.3397
2024-03-14 22:40:05,671 - root - INFO - Run 5 cost 841.47 seconds.
2024-03-14 22:40:05,673 - root - INFO - metrics over 5 runs:
2024-03-14 22:40:05,673 - root - INFO - test mrr, [0.33973217, 0.33973217, 0.33973217, 0.33973217, 0.33973217]
2024-03-14 22:40:05,673 - root - INFO - average test mrr, 0.3397 ± 0.0000
