2024-03-14 21:22:28,478 - root - INFO - ********** Run 5 starts. **********
2024-03-14 21:22:28,478 - root - INFO - configuration is Namespace(dataset_name='tgbl-synthetic', batch_size=200, model_name='DyRep', gpu=0, num_neighbors=16, sample_neighbor_strategy='recent', time_scaling_factor=1e-06, num_walk_heads=8, num_heads=2, num_layers=2, walk_length=1, time_gap=16, time_feat_dim=100, position_feat_dim=172, output_dim=172, edge_bank_memory_mode='unlimited_memory', time_window_mode='fixed_proportion', patch_size=1, channel_embedding_dim=50, max_input_sequence_length=16, learning_rate=0.0001, dropout=0.1, num_epochs=20, optimizer='Adam', weight_decay=0.0, patience=20, num_runs=5, test_interval_epochs=10, load_best_configs=False, device='cpu', seed=4, save_model_name='DyRep_seed4')
2024-03-14 21:22:28,487 - root - INFO - model -> Sequential(
  (0): MemoryModel(
    (time_encoder): TimeEncoder(
      (w): Linear(in_features=1, out_features=100, bias=True)
    )
    (message_aggregator): MessageAggregator()
    (memory_bank): MemoryBank(num_nodes=10, memory_dim=172)
    (memory_updater): RNNMemoryUpdater(
      (memory_bank): MemoryBank(num_nodes=10, memory_dim=172)
      (memory_updater): RNNCell(445, 172)
    )
    (embedding_module): GraphAttentionEmbedding(
      (time_encoder): TimeEncoder(
        (w): Linear(in_features=1, out_features=100, bias=True)
      )
      (temporal_conv_layers): ModuleList(
        (0-1): 2 x MultiHeadAttention(
          (query_projection): Linear(in_features=272, out_features=272, bias=False)
          (key_projection): Linear(in_features=273, out_features=272, bias=False)
          (value_projection): Linear(in_features=273, out_features=272, bias=False)
          (layer_norm): LayerNorm((272,), eps=1e-05, elementwise_affine=True)
          (residual_fc): Linear(in_features=272, out_features=272, bias=True)
          (dropout): Dropout(p=0.1, inplace=False)
        )
      )
      (merge_layers): ModuleList(
        (0-1): 2 x MergeLayer(
          (fc1): Linear(in_features=444, out_features=172, bias=True)
          (fc2): Linear(in_features=172, out_features=172, bias=True)
          (act): ReLU()
        )
      )
      (projection_layer): Linear(in_features=1, out_features=172, bias=True)
    )
  )
  (1): MergeLayer(
    (fc1): Linear(in_features=344, out_features=172, bias=True)
    (fc2): Linear(in_features=172, out_features=1, bias=True)
    (act): ReLU()
  )
)
2024-03-14 21:22:28,487 - root - INFO - model name: DyRep, #parameters: 3894836 B, 3803.55078125 KB, 3.714405059814453 MB.
2024-03-14 21:22:48,398 - root - INFO - Epoch: 1, learning rate: 0.0001, train loss: 0.6933
2024-03-14 21:22:48,398 - root - INFO - train average_precision, 0.5015
2024-03-14 21:22:48,398 - root - INFO - train roc_auc, 0.5008
2024-03-14 21:22:48,399 - root - INFO - validate mrr, 0.3397
2024-03-14 21:22:48,399 - root - INFO - save model ./saved_models/DyRep/tgbl-synthetic/DyRep_seed4/DyRep_seed4.pkl
2024-03-14 21:23:07,450 - root - INFO - Epoch: 2, learning rate: 0.0001, train loss: 0.6936
2024-03-14 21:23:07,450 - root - INFO - train average_precision, 0.4991
2024-03-14 21:23:07,450 - root - INFO - train roc_auc, 0.4963
2024-03-14 21:23:07,451 - root - INFO - validate mrr, 0.3397
2024-03-14 21:23:07,451 - root - INFO - save model ./saved_models/DyRep/tgbl-synthetic/DyRep_seed4/DyRep_seed4.pkl
2024-03-14 21:23:26,921 - root - INFO - Epoch: 3, learning rate: 0.0001, train loss: 0.6931
2024-03-14 21:23:26,922 - root - INFO - train average_precision, 0.5156
2024-03-14 21:23:26,922 - root - INFO - train roc_auc, 0.5108
2024-03-14 21:23:26,922 - root - INFO - validate mrr, 0.3397
2024-03-14 21:23:26,922 - root - INFO - save model ./saved_models/DyRep/tgbl-synthetic/DyRep_seed4/DyRep_seed4.pkl
2024-03-14 21:23:45,587 - root - INFO - Epoch: 4, learning rate: 0.0001, train loss: 0.6932
2024-03-14 21:23:45,587 - root - INFO - train average_precision, 0.4990
2024-03-14 21:23:45,587 - root - INFO - train roc_auc, 0.4958
2024-03-14 21:23:45,587 - root - INFO - validate mrr, 0.3397
2024-03-14 21:23:45,588 - root - INFO - save model ./saved_models/DyRep/tgbl-synthetic/DyRep_seed4/DyRep_seed4.pkl
2024-03-14 21:24:05,011 - root - INFO - Epoch: 5, learning rate: 0.0001, train loss: 0.6932
2024-03-14 21:24:05,011 - root - INFO - train average_precision, 0.4985
2024-03-14 21:24:05,011 - root - INFO - train roc_auc, 0.4944
2024-03-14 21:24:05,011 - root - INFO - validate mrr, 0.3397
2024-03-14 21:24:05,012 - root - INFO - save model ./saved_models/DyRep/tgbl-synthetic/DyRep_seed4/DyRep_seed4.pkl
2024-03-14 21:24:23,117 - root - INFO - Epoch: 6, learning rate: 0.0001, train loss: 0.6932
2024-03-14 21:24:23,117 - root - INFO - train average_precision, 0.5056
2024-03-14 21:24:23,117 - root - INFO - train roc_auc, 0.4974
2024-03-14 21:24:23,118 - root - INFO - validate mrr, 0.3397
2024-03-14 21:24:23,118 - root - INFO - save model ./saved_models/DyRep/tgbl-synthetic/DyRep_seed4/DyRep_seed4.pkl
2024-03-14 21:24:42,241 - root - INFO - Epoch: 7, learning rate: 0.0001, train loss: 0.6931
2024-03-14 21:24:42,241 - root - INFO - train average_precision, 0.5045
2024-03-14 21:24:42,241 - root - INFO - train roc_auc, 0.5025
2024-03-14 21:24:42,242 - root - INFO - validate mrr, 0.3397
2024-03-14 21:24:42,242 - root - INFO - save model ./saved_models/DyRep/tgbl-synthetic/DyRep_seed4/DyRep_seed4.pkl
2024-03-14 21:25:02,040 - root - INFO - Epoch: 8, learning rate: 0.0001, train loss: 0.6933
2024-03-14 21:25:02,041 - root - INFO - train average_precision, 0.4973
2024-03-14 21:25:02,041 - root - INFO - train roc_auc, 0.4943
2024-03-14 21:25:02,041 - root - INFO - validate mrr, 0.3397
2024-03-14 21:25:02,041 - root - INFO - save model ./saved_models/DyRep/tgbl-synthetic/DyRep_seed4/DyRep_seed4.pkl
2024-03-14 21:25:20,980 - root - INFO - Epoch: 9, learning rate: 0.0001, train loss: 0.6932
2024-03-14 21:25:20,980 - root - INFO - train average_precision, 0.4978
2024-03-14 21:25:20,980 - root - INFO - train roc_auc, 0.4961
2024-03-14 21:25:20,981 - root - INFO - validate mrr, 0.3397
2024-03-14 21:25:20,981 - root - INFO - save model ./saved_models/DyRep/tgbl-synthetic/DyRep_seed4/DyRep_seed4.pkl
2024-03-14 21:25:40,232 - root - INFO - Epoch: 10, learning rate: 0.0001, train loss: 0.6932
2024-03-14 21:25:40,232 - root - INFO - train average_precision, 0.5013
2024-03-14 21:25:40,232 - root - INFO - train roc_auc, 0.4980
2024-03-14 21:25:40,232 - root - INFO - validate mrr, 0.3397
2024-03-14 21:25:49,850 - root - INFO - test mrr, 0.3397
2024-03-14 21:25:49,850 - root - INFO - save model ./saved_models/DyRep/tgbl-synthetic/DyRep_seed4/DyRep_seed4.pkl
2024-03-14 21:26:08,600 - root - INFO - Epoch: 11, learning rate: 0.0001, train loss: 0.6933
2024-03-14 21:26:08,600 - root - INFO - train average_precision, 0.5006
2024-03-14 21:26:08,600 - root - INFO - train roc_auc, 0.4968
2024-03-14 21:26:08,600 - root - INFO - validate mrr, 0.3397
2024-03-14 21:26:08,601 - root - INFO - save model ./saved_models/DyRep/tgbl-synthetic/DyRep_seed4/DyRep_seed4.pkl
2024-03-14 21:26:27,885 - root - INFO - Epoch: 12, learning rate: 0.0001, train loss: 0.6932
2024-03-14 21:26:27,886 - root - INFO - train average_precision, 0.4993
2024-03-14 21:26:27,886 - root - INFO - train roc_auc, 0.4975
2024-03-14 21:26:27,886 - root - INFO - validate mrr, 0.3397
2024-03-14 21:26:27,886 - root - INFO - save model ./saved_models/DyRep/tgbl-synthetic/DyRep_seed4/DyRep_seed4.pkl
2024-03-14 21:26:47,311 - root - INFO - Epoch: 13, learning rate: 0.0001, train loss: 0.6932
2024-03-14 21:26:47,311 - root - INFO - train average_precision, 0.5040
2024-03-14 21:26:47,311 - root - INFO - train roc_auc, 0.4983
2024-03-14 21:26:47,311 - root - INFO - validate mrr, 0.3397
2024-03-14 21:26:47,312 - root - INFO - save model ./saved_models/DyRep/tgbl-synthetic/DyRep_seed4/DyRep_seed4.pkl
2024-03-14 21:27:07,133 - root - INFO - Epoch: 14, learning rate: 0.0001, train loss: 0.6934
2024-03-14 21:27:07,133 - root - INFO - train average_precision, 0.4951
2024-03-14 21:27:07,133 - root - INFO - train roc_auc, 0.4952
2024-03-14 21:27:07,133 - root - INFO - validate mrr, 0.3397
2024-03-14 21:27:07,133 - root - INFO - save model ./saved_models/DyRep/tgbl-synthetic/DyRep_seed4/DyRep_seed4.pkl
2024-03-14 21:27:25,130 - root - INFO - Epoch: 15, learning rate: 0.0001, train loss: 0.6933
2024-03-14 21:27:25,131 - root - INFO - train average_precision, 0.4962
2024-03-14 21:27:25,131 - root - INFO - train roc_auc, 0.4954
2024-03-14 21:27:25,131 - root - INFO - validate mrr, 0.3397
2024-03-14 21:27:25,131 - root - INFO - save model ./saved_models/DyRep/tgbl-synthetic/DyRep_seed4/DyRep_seed4.pkl
2024-03-14 21:27:45,617 - root - INFO - Epoch: 16, learning rate: 0.0001, train loss: 0.6932
2024-03-14 21:27:45,618 - root - INFO - train average_precision, 0.5052
2024-03-14 21:27:45,618 - root - INFO - train roc_auc, 0.5048
2024-03-14 21:27:45,618 - root - INFO - validate mrr, 0.3397
2024-03-14 21:27:45,618 - root - INFO - save model ./saved_models/DyRep/tgbl-synthetic/DyRep_seed4/DyRep_seed4.pkl
2024-03-14 21:28:03,518 - root - INFO - Epoch: 17, learning rate: 0.0001, train loss: 0.6933
2024-03-14 21:28:03,518 - root - INFO - train average_precision, 0.4985
2024-03-14 21:28:03,518 - root - INFO - train roc_auc, 0.4930
2024-03-14 21:28:03,518 - root - INFO - validate mrr, 0.3397
2024-03-14 21:28:03,519 - root - INFO - save model ./saved_models/DyRep/tgbl-synthetic/DyRep_seed4/DyRep_seed4.pkl
2024-03-14 21:28:22,602 - root - INFO - Epoch: 18, learning rate: 0.0001, train loss: 0.6932
2024-03-14 21:28:22,603 - root - INFO - train average_precision, 0.4973
2024-03-14 21:28:22,603 - root - INFO - train roc_auc, 0.4952
2024-03-14 21:28:22,603 - root - INFO - validate mrr, 0.3397
2024-03-14 21:28:22,603 - root - INFO - save model ./saved_models/DyRep/tgbl-synthetic/DyRep_seed4/DyRep_seed4.pkl
2024-03-14 21:28:41,785 - root - INFO - Epoch: 19, learning rate: 0.0001, train loss: 0.6933
2024-03-14 21:28:41,785 - root - INFO - train average_precision, 0.4981
2024-03-14 21:28:41,785 - root - INFO - train roc_auc, 0.4967
2024-03-14 21:28:41,786 - root - INFO - validate mrr, 0.3397
2024-03-14 21:28:41,786 - root - INFO - save model ./saved_models/DyRep/tgbl-synthetic/DyRep_seed4/DyRep_seed4.pkl
2024-03-14 21:29:00,213 - root - INFO - Epoch: 20, learning rate: 0.0001, train loss: 0.6932
2024-03-14 21:29:00,214 - root - INFO - train average_precision, 0.5027
2024-03-14 21:29:00,214 - root - INFO - train roc_auc, 0.5005
2024-03-14 21:29:00,214 - root - INFO - validate mrr, 0.3397
2024-03-14 21:29:10,526 - root - INFO - test mrr, 0.3397
2024-03-14 21:29:10,527 - root - INFO - save model ./saved_models/DyRep/tgbl-synthetic/DyRep_seed4/DyRep_seed4.pkl
2024-03-14 21:29:10,542 - root - INFO - load model ./saved_models/DyRep/tgbl-synthetic/DyRep_seed4/DyRep_seed4.pkl
2024-03-14 21:29:10,553 - root - INFO - get final performance on dataset tgbl-synthetic...
2024-03-14 21:29:19,402 - root - INFO - test mrr, 0.3397
2024-03-14 21:29:19,402 - root - INFO - Run 5 cost 410.92 seconds.
2024-03-14 21:29:19,403 - root - INFO - metrics over 5 runs:
2024-03-14 21:29:19,403 - root - INFO - test mrr, [0.33973217, 0.33973217, 0.33973217, 0.33968878, 0.33973217]
2024-03-14 21:29:19,403 - root - INFO - average test mrr, 0.3397 ± 0.0000
