2024-03-15 00:18:04,708 - root - INFO - ********** Run 1 starts. **********
2024-03-15 00:18:04,708 - root - INFO - configuration is Namespace(dataset_name='tgbl-synthetic', batch_size=200, model_name='TGAT', gpu=0, num_neighbors=32, sample_neighbor_strategy='recent', time_scaling_factor=1e-06, num_walk_heads=8, num_heads=2, num_layers=2, walk_length=1, time_gap=32, time_feat_dim=100, position_feat_dim=172, output_dim=172, edge_bank_memory_mode='unlimited_memory', time_window_mode='fixed_proportion', patch_size=1, channel_embedding_dim=50, max_input_sequence_length=32, learning_rate=0.0001, dropout=0.1, num_epochs=20, optimizer='Adam', weight_decay=0.0, patience=20, num_runs=3, test_interval_epochs=10, load_best_configs=False, device='cpu', seed=0, save_model_name='TGAT_seed0')
2024-03-15 00:18:04,710 - root - INFO - model -> Sequential(
  (0): TGAT(
    (time_encoder): TimeEncoder(
      (w): Linear(in_features=1, out_features=100, bias=True)
    )
    (temporal_conv_layers): ModuleList(
      (0): MultiHeadAttention(
        (query_projection): Linear(in_features=102, out_features=102, bias=False)
        (key_projection): Linear(in_features=102, out_features=102, bias=False)
        (value_projection): Linear(in_features=102, out_features=102, bias=False)
        (layer_norm): LayerNorm((102,), eps=1e-05, elementwise_affine=True)
        (residual_fc): Linear(in_features=102, out_features=102, bias=True)
        (dropout): Dropout(p=0.1, inplace=False)
      )
      (1): MultiHeadAttention(
        (query_projection): Linear(in_features=272, out_features=272, bias=False)
        (key_projection): Linear(in_features=273, out_features=272, bias=False)
        (value_projection): Linear(in_features=273, out_features=272, bias=False)
        (layer_norm): LayerNorm((272,), eps=1e-05, elementwise_affine=True)
        (residual_fc): Linear(in_features=272, out_features=272, bias=True)
        (dropout): Dropout(p=0.1, inplace=False)
      )
    )
    (merge_layers): ModuleList(
      (0): MergeLayer(
        (fc1): Linear(in_features=103, out_features=172, bias=True)
        (fc2): Linear(in_features=172, out_features=172, bias=True)
        (act): ReLU()
      )
      (1): MergeLayer(
        (fc1): Linear(in_features=273, out_features=172, bias=True)
        (fc2): Linear(in_features=172, out_features=172, bias=True)
        (act): ReLU()
      )
    )
  )
  (1): MergeLayer(
    (fc1): Linear(in_features=344, out_features=172, bias=True)
    (fc2): Linear(in_features=172, out_features=1, bias=True)
    (act): ReLU()
  )
)
2024-03-15 00:18:04,710 - root - INFO - model name: TGAT, #parameters: 2093836 B, 2044.76171875 KB, 1.9968376159667969 MB.
2024-03-15 00:18:37,536 - root - INFO - Epoch: 1, learning rate: 0.0001, train loss: 0.6932
2024-03-15 00:18:37,536 - root - INFO - train average_precision, 0.5052
2024-03-15 00:18:37,536 - root - INFO - train roc_auc, 0.4989
2024-03-15 00:18:37,536 - root - INFO - validate mrr, 0.1867
2024-03-15 00:18:37,536 - root - INFO - save model ./saved_models/TGAT/tgbl-synthetic/TGAT_seed0/TGAT_seed0.pkl
2024-03-15 00:19:09,967 - root - INFO - Epoch: 2, learning rate: 0.0001, train loss: 0.6932
2024-03-15 00:19:09,967 - root - INFO - train average_precision, 0.5041
2024-03-15 00:19:09,967 - root - INFO - train roc_auc, 0.4976
2024-03-15 00:19:09,967 - root - INFO - validate mrr, 0.2222
2024-03-15 00:19:09,967 - root - INFO - save model ./saved_models/TGAT/tgbl-synthetic/TGAT_seed0/TGAT_seed0.pkl
2024-03-15 00:19:42,352 - root - INFO - Epoch: 3, learning rate: 0.0001, train loss: 0.6933
2024-03-15 00:19:42,352 - root - INFO - train average_precision, 0.4923
2024-03-15 00:19:42,352 - root - INFO - train roc_auc, 0.4807
2024-03-15 00:19:42,352 - root - INFO - validate mrr, 0.2222
2024-03-15 00:19:42,352 - root - INFO - save model ./saved_models/TGAT/tgbl-synthetic/TGAT_seed0/TGAT_seed0.pkl
2024-03-15 00:20:14,773 - root - INFO - Epoch: 4, learning rate: 0.0001, train loss: 0.6932
2024-03-15 00:20:14,773 - root - INFO - train average_precision, 0.5048
2024-03-15 00:20:14,773 - root - INFO - train roc_auc, 0.4986
2024-03-15 00:20:14,773 - root - INFO - validate mrr, 0.2222
2024-03-15 00:20:14,773 - root - INFO - save model ./saved_models/TGAT/tgbl-synthetic/TGAT_seed0/TGAT_seed0.pkl
2024-03-15 00:20:47,374 - root - INFO - Epoch: 5, learning rate: 0.0001, train loss: 0.6932
2024-03-15 00:20:47,374 - root - INFO - train average_precision, 0.5057
2024-03-15 00:20:47,374 - root - INFO - train roc_auc, 0.5029
2024-03-15 00:20:47,374 - root - INFO - validate mrr, 0.2222
2024-03-15 00:20:47,375 - root - INFO - save model ./saved_models/TGAT/tgbl-synthetic/TGAT_seed0/TGAT_seed0.pkl
2024-03-15 00:21:19,819 - root - INFO - Epoch: 6, learning rate: 0.0001, train loss: 0.6932
2024-03-15 00:21:19,819 - root - INFO - train average_precision, 0.5038
2024-03-15 00:21:19,819 - root - INFO - train roc_auc, 0.5006
2024-03-15 00:21:19,819 - root - INFO - validate mrr, 0.2222
2024-03-15 00:21:19,819 - root - INFO - save model ./saved_models/TGAT/tgbl-synthetic/TGAT_seed0/TGAT_seed0.pkl
2024-03-15 00:21:52,544 - root - INFO - Epoch: 7, learning rate: 0.0001, train loss: 0.6932
2024-03-15 00:21:52,544 - root - INFO - train average_precision, 0.5024
2024-03-15 00:21:52,544 - root - INFO - train roc_auc, 0.4917
2024-03-15 00:21:52,544 - root - INFO - validate mrr, 0.2222
2024-03-15 00:21:52,544 - root - INFO - save model ./saved_models/TGAT/tgbl-synthetic/TGAT_seed0/TGAT_seed0.pkl
2024-03-15 00:22:24,908 - root - INFO - Epoch: 8, learning rate: 0.0001, train loss: 0.6933
2024-03-15 00:22:24,908 - root - INFO - train average_precision, 0.5003
2024-03-15 00:22:24,908 - root - INFO - train roc_auc, 0.4913
2024-03-15 00:22:24,908 - root - INFO - validate mrr, 0.2222
2024-03-15 00:22:24,908 - root - INFO - save model ./saved_models/TGAT/tgbl-synthetic/TGAT_seed0/TGAT_seed0.pkl
2024-03-15 00:22:57,148 - root - INFO - Epoch: 9, learning rate: 0.0001, train loss: 0.6932
2024-03-15 00:22:57,149 - root - INFO - train average_precision, 0.5062
2024-03-15 00:22:57,149 - root - INFO - train roc_auc, 0.4996
2024-03-15 00:22:57,149 - root - INFO - validate mrr, 0.2222
2024-03-15 00:22:57,149 - root - INFO - save model ./saved_models/TGAT/tgbl-synthetic/TGAT_seed0/TGAT_seed0.pkl
2024-03-15 00:23:29,445 - root - INFO - Epoch: 10, learning rate: 0.0001, train loss: 0.6931
2024-03-15 00:23:29,445 - root - INFO - train average_precision, 0.5084
2024-03-15 00:23:29,445 - root - INFO - train roc_auc, 0.4988
2024-03-15 00:23:29,445 - root - INFO - validate mrr, 0.2222
2024-03-15 00:23:38,111 - root - INFO - test mrr, 0.2222
2024-03-15 00:23:38,111 - root - INFO - save model ./saved_models/TGAT/tgbl-synthetic/TGAT_seed0/TGAT_seed0.pkl
2024-03-15 00:24:10,597 - root - INFO - Epoch: 11, learning rate: 0.0001, train loss: 0.6932
2024-03-15 00:24:10,597 - root - INFO - train average_precision, 0.5043
2024-03-15 00:24:10,597 - root - INFO - train roc_auc, 0.4957
2024-03-15 00:24:10,597 - root - INFO - validate mrr, 0.2222
2024-03-15 00:24:10,598 - root - INFO - save model ./saved_models/TGAT/tgbl-synthetic/TGAT_seed0/TGAT_seed0.pkl
2024-03-15 00:24:43,078 - root - INFO - Epoch: 12, learning rate: 0.0001, train loss: 0.6932
2024-03-15 00:24:43,078 - root - INFO - train average_precision, 0.5086
2024-03-15 00:24:43,078 - root - INFO - train roc_auc, 0.5019
2024-03-15 00:24:43,078 - root - INFO - validate mrr, 0.2222
2024-03-15 00:24:43,078 - root - INFO - save model ./saved_models/TGAT/tgbl-synthetic/TGAT_seed0/TGAT_seed0.pkl
2024-03-15 00:25:15,642 - root - INFO - Epoch: 13, learning rate: 0.0001, train loss: 0.6931
2024-03-15 00:25:15,642 - root - INFO - train average_precision, 0.5088
2024-03-15 00:25:15,642 - root - INFO - train roc_auc, 0.5073
2024-03-15 00:25:15,642 - root - INFO - validate mrr, 0.2222
2024-03-15 00:25:15,642 - root - INFO - save model ./saved_models/TGAT/tgbl-synthetic/TGAT_seed0/TGAT_seed0.pkl
2024-03-15 00:25:47,975 - root - INFO - Epoch: 14, learning rate: 0.0001, train loss: 0.6932
2024-03-15 00:25:47,975 - root - INFO - train average_precision, 0.5019
2024-03-15 00:25:47,975 - root - INFO - train roc_auc, 0.4919
2024-03-15 00:25:47,975 - root - INFO - validate mrr, 0.2222
2024-03-15 00:25:47,975 - root - INFO - save model ./saved_models/TGAT/tgbl-synthetic/TGAT_seed0/TGAT_seed0.pkl
2024-03-15 00:26:20,424 - root - INFO - Epoch: 15, learning rate: 0.0001, train loss: 0.6931
2024-03-15 00:26:20,425 - root - INFO - train average_precision, 0.5136
2024-03-15 00:26:20,425 - root - INFO - train roc_auc, 0.5088
2024-03-15 00:26:20,425 - root - INFO - validate mrr, 0.2222
2024-03-15 00:26:20,425 - root - INFO - save model ./saved_models/TGAT/tgbl-synthetic/TGAT_seed0/TGAT_seed0.pkl
2024-03-15 00:26:52,856 - root - INFO - Epoch: 16, learning rate: 0.0001, train loss: 0.6931
2024-03-15 00:26:52,856 - root - INFO - train average_precision, 0.5078
2024-03-15 00:26:52,856 - root - INFO - train roc_auc, 0.5057
2024-03-15 00:26:52,856 - root - INFO - validate mrr, 0.2222
2024-03-15 00:26:52,856 - root - INFO - save model ./saved_models/TGAT/tgbl-synthetic/TGAT_seed0/TGAT_seed0.pkl
2024-03-15 00:27:25,404 - root - INFO - Epoch: 17, learning rate: 0.0001, train loss: 0.6931
2024-03-15 00:27:25,404 - root - INFO - train average_precision, 0.5095
2024-03-15 00:27:25,404 - root - INFO - train roc_auc, 0.5045
2024-03-15 00:27:25,405 - root - INFO - validate mrr, 0.2222
2024-03-15 00:27:25,405 - root - INFO - save model ./saved_models/TGAT/tgbl-synthetic/TGAT_seed0/TGAT_seed0.pkl
2024-03-15 00:27:58,031 - root - INFO - Epoch: 18, learning rate: 0.0001, train loss: 0.6933
2024-03-15 00:27:58,031 - root - INFO - train average_precision, 0.4986
2024-03-15 00:27:58,031 - root - INFO - train roc_auc, 0.4890
2024-03-15 00:27:58,031 - root - INFO - validate mrr, 0.2479
2024-03-15 00:27:58,031 - root - INFO - save model ./saved_models/TGAT/tgbl-synthetic/TGAT_seed0/TGAT_seed0.pkl
2024-03-15 00:28:30,508 - root - INFO - Epoch: 19, learning rate: 0.0001, train loss: 0.6933
2024-03-15 00:28:30,508 - root - INFO - train average_precision, 0.5009
2024-03-15 00:28:30,508 - root - INFO - train roc_auc, 0.4948
2024-03-15 00:28:30,508 - root - INFO - validate mrr, 0.2222
2024-03-15 00:29:03,086 - root - INFO - Epoch: 20, learning rate: 0.0001, train loss: 0.6930
2024-03-15 00:29:03,086 - root - INFO - train average_precision, 0.5162
2024-03-15 00:29:03,086 - root - INFO - train roc_auc, 0.5082
2024-03-15 00:29:03,087 - root - INFO - validate mrr, 0.2222
2024-03-15 00:29:11,856 - root - INFO - test mrr, 0.2222
2024-03-15 00:29:11,856 - root - INFO - load model ./saved_models/TGAT/tgbl-synthetic/TGAT_seed0/TGAT_seed0.pkl
2024-03-15 00:29:11,858 - root - INFO - get final performance on dataset tgbl-synthetic...
2024-03-15 00:29:29,407 - root - INFO - validate mrr, 0.2479
2024-03-15 00:29:29,407 - root - INFO - test mrr, 0.2479
2024-03-15 00:29:29,408 - root - INFO - Run 1 cost 684.70 seconds.
