2024-03-14 20:43:18,968 - root - INFO - ********** Run 4 starts. **********
2024-03-14 20:43:18,968 - root - INFO - configuration is Namespace(dataset_name='tgbl-synthetic', batch_size=200, model_name='JODIE', gpu=0, num_neighbors=24, sample_neighbor_strategy='recent', time_scaling_factor=1e-06, num_walk_heads=8, num_heads=2, num_layers=2, walk_length=1, time_gap=24, time_feat_dim=100, position_feat_dim=172, output_dim=172, edge_bank_memory_mode='unlimited_memory', time_window_mode='fixed_proportion', patch_size=1, channel_embedding_dim=50, max_input_sequence_length=24, learning_rate=0.0001, dropout=0.1, num_epochs=20, optimizer='Adam', weight_decay=0.0, patience=20, num_runs=5, test_interval_epochs=10, load_best_configs=False, device='cpu', seed=3, save_model_name='JODIE_seed3')
2024-03-14 20:43:18,972 - root - INFO - model -> Sequential(
  (0): MemoryModel(
    (time_encoder): TimeEncoder(
      (w): Linear(in_features=1, out_features=100, bias=True)
    )
    (message_aggregator): MessageAggregator()
    (memory_bank): MemoryBank(num_nodes=10, memory_dim=172)
    (memory_updater): RNNMemoryUpdater(
      (memory_bank): MemoryBank(num_nodes=10, memory_dim=172)
      (memory_updater): RNNCell(445, 172)
    )
    (embedding_module): TimeProjectionEmbedding(
      (dropout): Dropout(p=0.1, inplace=False)
      (linear_layer): Linear(in_features=1, out_features=172, bias=True)
    )
  )
  (1): MergeLayer(
    (fc1): Linear(in_features=344, out_features=172, bias=True)
    (fc2): Linear(in_features=172, out_features=1, bias=True)
    (act): ReLU()
  )
)
2024-03-14 20:43:18,972 - root - INFO - model name: JODIE, #parameters: 666100 B, 650.48828125 KB, 0.6352424621582031 MB.
2024-03-14 20:43:19,204 - root - INFO - Epoch: 1, learning rate: 0.0001, train loss: 0.6998
2024-03-14 20:43:19,204 - root - INFO - train average_precision, 0.5065
2024-03-14 20:43:19,204 - root - INFO - train roc_auc, 0.4997
2024-03-14 20:43:19,204 - root - INFO - validate mrr, 0.3334
2024-03-14 20:43:19,204 - root - INFO - save model ./saved_models/JODIE/tgbl-synthetic/JODIE_seed3/JODIE_seed3.pkl
2024-03-14 20:43:19,446 - root - INFO - Epoch: 2, learning rate: 0.0001, train loss: 0.6949
2024-03-14 20:43:19,447 - root - INFO - train average_precision, 0.5092
2024-03-14 20:43:19,447 - root - INFO - train roc_auc, 0.5051
2024-03-14 20:43:19,447 - root - INFO - validate mrr, 0.3435
2024-03-14 20:43:19,447 - root - INFO - save model ./saved_models/JODIE/tgbl-synthetic/JODIE_seed3/JODIE_seed3.pkl
2024-03-14 20:43:19,694 - root - INFO - Epoch: 3, learning rate: 0.0001, train loss: 0.6946
2024-03-14 20:43:19,694 - root - INFO - train average_precision, 0.5096
2024-03-14 20:43:19,694 - root - INFO - train roc_auc, 0.5040
2024-03-14 20:43:19,694 - root - INFO - validate mrr, 0.3516
2024-03-14 20:43:19,694 - root - INFO - save model ./saved_models/JODIE/tgbl-synthetic/JODIE_seed3/JODIE_seed3.pkl
2024-03-14 20:43:19,939 - root - INFO - Epoch: 4, learning rate: 0.0001, train loss: 0.6954
2024-03-14 20:43:19,939 - root - INFO - train average_precision, 0.5019
2024-03-14 20:43:19,939 - root - INFO - train roc_auc, 0.4977
2024-03-14 20:43:19,940 - root - INFO - validate mrr, 0.3506
2024-03-14 20:43:20,170 - root - INFO - Epoch: 5, learning rate: 0.0001, train loss: 0.6957
2024-03-14 20:43:20,170 - root - INFO - train average_precision, 0.5058
2024-03-14 20:43:20,170 - root - INFO - train roc_auc, 0.5030
2024-03-14 20:43:20,170 - root - INFO - validate mrr, 0.3525
2024-03-14 20:43:20,171 - root - INFO - save model ./saved_models/JODIE/tgbl-synthetic/JODIE_seed3/JODIE_seed3.pkl
2024-03-14 20:43:20,421 - root - INFO - Epoch: 6, learning rate: 0.0001, train loss: 0.6953
2024-03-14 20:43:20,421 - root - INFO - train average_precision, 0.5106
2024-03-14 20:43:20,421 - root - INFO - train roc_auc, 0.5030
2024-03-14 20:43:20,422 - root - INFO - validate mrr, 0.3436
2024-03-14 20:43:20,653 - root - INFO - Epoch: 7, learning rate: 0.0001, train loss: 0.6951
2024-03-14 20:43:20,653 - root - INFO - train average_precision, 0.5048
2024-03-14 20:43:20,653 - root - INFO - train roc_auc, 0.4989
2024-03-14 20:43:20,654 - root - INFO - validate mrr, 0.3592
2024-03-14 20:43:20,654 - root - INFO - save model ./saved_models/JODIE/tgbl-synthetic/JODIE_seed3/JODIE_seed3.pkl
2024-03-14 20:43:20,895 - root - INFO - Epoch: 8, learning rate: 0.0001, train loss: 0.6947
2024-03-14 20:43:20,895 - root - INFO - train average_precision, 0.5038
2024-03-14 20:43:20,895 - root - INFO - train roc_auc, 0.5014
2024-03-14 20:43:20,895 - root - INFO - validate mrr, 0.3592
2024-03-14 20:43:20,895 - root - INFO - save model ./saved_models/JODIE/tgbl-synthetic/JODIE_seed3/JODIE_seed3.pkl
2024-03-14 20:43:21,144 - root - INFO - Epoch: 9, learning rate: 0.0001, train loss: 0.6938
2024-03-14 20:43:21,144 - root - INFO - train average_precision, 0.5117
2024-03-14 20:43:21,144 - root - INFO - train roc_auc, 0.5061
2024-03-14 20:43:21,144 - root - INFO - validate mrr, 0.3693
2024-03-14 20:43:21,145 - root - INFO - save model ./saved_models/JODIE/tgbl-synthetic/JODIE_seed3/JODIE_seed3.pkl
2024-03-14 20:43:21,467 - root - INFO - Epoch: 10, learning rate: 0.0001, train loss: 0.6942
2024-03-14 20:43:21,467 - root - INFO - train average_precision, 0.5046
2024-03-14 20:43:21,467 - root - INFO - train roc_auc, 0.4978
2024-03-14 20:43:21,468 - root - INFO - validate mrr, 0.3560
2024-03-14 20:43:21,536 - root - INFO - test mrr, 0.3536
2024-03-14 20:43:21,777 - root - INFO - Epoch: 11, learning rate: 0.0001, train loss: 0.6940
2024-03-14 20:43:21,777 - root - INFO - train average_precision, 0.5028
2024-03-14 20:43:21,777 - root - INFO - train roc_auc, 0.4969
2024-03-14 20:43:21,777 - root - INFO - validate mrr, 0.3502
2024-03-14 20:43:22,013 - root - INFO - Epoch: 12, learning rate: 0.0001, train loss: 0.6938
2024-03-14 20:43:22,013 - root - INFO - train average_precision, 0.5051
2024-03-14 20:43:22,013 - root - INFO - train roc_auc, 0.5017
2024-03-14 20:43:22,014 - root - INFO - validate mrr, 0.3539
2024-03-14 20:43:22,249 - root - INFO - Epoch: 13, learning rate: 0.0001, train loss: 0.6934
2024-03-14 20:43:22,249 - root - INFO - train average_precision, 0.5102
2024-03-14 20:43:22,249 - root - INFO - train roc_auc, 0.5059
2024-03-14 20:43:22,249 - root - INFO - validate mrr, 0.3549
2024-03-14 20:43:22,482 - root - INFO - Epoch: 14, learning rate: 0.0001, train loss: 0.6941
2024-03-14 20:43:22,482 - root - INFO - train average_precision, 0.5025
2024-03-14 20:43:22,482 - root - INFO - train roc_auc, 0.4983
2024-03-14 20:43:22,482 - root - INFO - validate mrr, 0.3588
2024-03-14 20:43:22,715 - root - INFO - Epoch: 15, learning rate: 0.0001, train loss: 0.6937
2024-03-14 20:43:22,715 - root - INFO - train average_precision, 0.5043
2024-03-14 20:43:22,715 - root - INFO - train roc_auc, 0.5013
2024-03-14 20:43:22,715 - root - INFO - validate mrr, 0.3559
2024-03-14 20:43:22,948 - root - INFO - Epoch: 16, learning rate: 0.0001, train loss: 0.6933
2024-03-14 20:43:22,948 - root - INFO - train average_precision, 0.5121
2024-03-14 20:43:22,948 - root - INFO - train roc_auc, 0.5104
2024-03-14 20:43:22,948 - root - INFO - validate mrr, 0.3554
2024-03-14 20:43:23,179 - root - INFO - Epoch: 17, learning rate: 0.0001, train loss: 0.6936
2024-03-14 20:43:23,179 - root - INFO - train average_precision, 0.5096
2024-03-14 20:43:23,179 - root - INFO - train roc_auc, 0.5048
2024-03-14 20:43:23,180 - root - INFO - validate mrr, 0.3510
2024-03-14 20:43:23,417 - root - INFO - Epoch: 18, learning rate: 0.0001, train loss: 0.6932
2024-03-14 20:43:23,417 - root - INFO - train average_precision, 0.5192
2024-03-14 20:43:23,417 - root - INFO - train roc_auc, 0.5127
2024-03-14 20:43:23,417 - root - INFO - validate mrr, 0.3559
2024-03-14 20:43:23,649 - root - INFO - Epoch: 19, learning rate: 0.0001, train loss: 0.6928
2024-03-14 20:43:23,649 - root - INFO - train average_precision, 0.5141
2024-03-14 20:43:23,649 - root - INFO - train roc_auc, 0.5182
2024-03-14 20:43:23,649 - root - INFO - validate mrr, 0.3525
2024-03-14 20:43:23,966 - root - INFO - Epoch: 20, learning rate: 0.0001, train loss: 0.6935
2024-03-14 20:43:23,967 - root - INFO - train average_precision, 0.5153
2024-03-14 20:43:23,967 - root - INFO - train roc_auc, 0.5062
2024-03-14 20:43:23,967 - root - INFO - validate mrr, 0.3450
2024-03-14 20:43:24,035 - root - INFO - test mrr, 0.3481
2024-03-14 20:43:24,035 - root - INFO - load model ./saved_models/JODIE/tgbl-synthetic/JODIE_seed3/JODIE_seed3.pkl
2024-03-14 20:43:24,039 - root - INFO - get final performance on dataset tgbl-synthetic...
2024-03-14 20:43:24,107 - root - INFO - test mrr, 0.3579
2024-03-14 20:43:24,107 - root - INFO - Run 4 cost 5.14 seconds.
