2024-03-14 20:43:02,894 - root - INFO - ********** Run 1 starts. **********
2024-03-14 20:43:02,894 - root - INFO - configuration is Namespace(dataset_name='tgbl-synthetic', batch_size=200, model_name='JODIE', gpu=0, num_neighbors=24, sample_neighbor_strategy='recent', time_scaling_factor=1e-06, num_walk_heads=8, num_heads=2, num_layers=2, walk_length=1, time_gap=24, time_feat_dim=100, position_feat_dim=172, output_dim=172, edge_bank_memory_mode='unlimited_memory', time_window_mode='fixed_proportion', patch_size=1, channel_embedding_dim=50, max_input_sequence_length=24, learning_rate=0.0001, dropout=0.1, num_epochs=20, optimizer='Adam', weight_decay=0.0, patience=20, num_runs=5, test_interval_epochs=10, load_best_configs=False, device='cpu', seed=0, save_model_name='JODIE_seed0')
2024-03-14 20:43:02,898 - root - INFO - model -> Sequential(
  (0): MemoryModel(
    (time_encoder): TimeEncoder(
      (w): Linear(in_features=1, out_features=100, bias=True)
    )
    (message_aggregator): MessageAggregator()
    (memory_bank): MemoryBank(num_nodes=10, memory_dim=172)
    (memory_updater): RNNMemoryUpdater(
      (memory_bank): MemoryBank(num_nodes=10, memory_dim=172)
      (memory_updater): RNNCell(445, 172)
    )
    (embedding_module): TimeProjectionEmbedding(
      (dropout): Dropout(p=0.1, inplace=False)
      (linear_layer): Linear(in_features=1, out_features=172, bias=True)
    )
  )
  (1): MergeLayer(
    (fc1): Linear(in_features=344, out_features=172, bias=True)
    (fc2): Linear(in_features=172, out_features=1, bias=True)
    (act): ReLU()
  )
)
2024-03-14 20:43:02,899 - root - INFO - model name: JODIE, #parameters: 666100 B, 650.48828125 KB, 0.6352424621582031 MB.
2024-03-14 20:43:03,473 - root - INFO - Epoch: 1, learning rate: 0.0001, train loss: 0.6960
2024-03-14 20:43:03,473 - root - INFO - train average_precision, 0.5129
2024-03-14 20:43:03,473 - root - INFO - train roc_auc, 0.5064
2024-03-14 20:43:03,473 - root - INFO - validate mrr, 0.3462
2024-03-14 20:43:03,473 - root - INFO - save model ./saved_models/JODIE/tgbl-synthetic/JODIE_seed0/JODIE_seed0.pkl
2024-03-14 20:43:03,723 - root - INFO - Epoch: 2, learning rate: 0.0001, train loss: 0.6962
2024-03-14 20:43:03,723 - root - INFO - train average_precision, 0.5024
2024-03-14 20:43:03,723 - root - INFO - train roc_auc, 0.4950
2024-03-14 20:43:03,723 - root - INFO - validate mrr, 0.3441
2024-03-14 20:43:03,954 - root - INFO - Epoch: 3, learning rate: 0.0001, train loss: 0.6942
2024-03-14 20:43:03,954 - root - INFO - train average_precision, 0.5075
2024-03-14 20:43:03,954 - root - INFO - train roc_auc, 0.5032
2024-03-14 20:43:03,954 - root - INFO - validate mrr, 0.3399
2024-03-14 20:43:04,187 - root - INFO - Epoch: 4, learning rate: 0.0001, train loss: 0.6942
2024-03-14 20:43:04,187 - root - INFO - train average_precision, 0.5085
2024-03-14 20:43:04,187 - root - INFO - train roc_auc, 0.5042
2024-03-14 20:43:04,187 - root - INFO - validate mrr, 0.3431
2024-03-14 20:43:04,501 - root - INFO - Epoch: 5, learning rate: 0.0001, train loss: 0.6943
2024-03-14 20:43:04,501 - root - INFO - train average_precision, 0.5062
2024-03-14 20:43:04,501 - root - INFO - train roc_auc, 0.5049
2024-03-14 20:43:04,501 - root - INFO - validate mrr, 0.3423
2024-03-14 20:43:04,755 - root - INFO - Epoch: 6, learning rate: 0.0001, train loss: 0.6943
2024-03-14 20:43:04,755 - root - INFO - train average_precision, 0.5090
2024-03-14 20:43:04,755 - root - INFO - train roc_auc, 0.5052
2024-03-14 20:43:04,755 - root - INFO - validate mrr, 0.3529
2024-03-14 20:43:04,755 - root - INFO - save model ./saved_models/JODIE/tgbl-synthetic/JODIE_seed0/JODIE_seed0.pkl
2024-03-14 20:43:05,000 - root - INFO - Epoch: 7, learning rate: 0.0001, train loss: 0.6945
2024-03-14 20:43:05,001 - root - INFO - train average_precision, 0.5015
2024-03-14 20:43:05,001 - root - INFO - train roc_auc, 0.4933
2024-03-14 20:43:05,001 - root - INFO - validate mrr, 0.3522
2024-03-14 20:43:05,237 - root - INFO - Epoch: 8, learning rate: 0.0001, train loss: 0.6945
2024-03-14 20:43:05,237 - root - INFO - train average_precision, 0.5081
2024-03-14 20:43:05,237 - root - INFO - train roc_auc, 0.5015
2024-03-14 20:43:05,237 - root - INFO - validate mrr, 0.3504
2024-03-14 20:43:05,478 - root - INFO - Epoch: 9, learning rate: 0.0001, train loss: 0.6937
2024-03-14 20:43:05,478 - root - INFO - train average_precision, 0.5125
2024-03-14 20:43:05,478 - root - INFO - train roc_auc, 0.5118
2024-03-14 20:43:05,479 - root - INFO - validate mrr, 0.3535
2024-03-14 20:43:05,479 - root - INFO - save model ./saved_models/JODIE/tgbl-synthetic/JODIE_seed0/JODIE_seed0.pkl
2024-03-14 20:43:05,796 - root - INFO - Epoch: 10, learning rate: 0.0001, train loss: 0.6937
2024-03-14 20:43:05,796 - root - INFO - train average_precision, 0.5078
2024-03-14 20:43:05,796 - root - INFO - train roc_auc, 0.5022
2024-03-14 20:43:05,796 - root - INFO - validate mrr, 0.3593
2024-03-14 20:43:05,865 - root - INFO - test mrr, 0.3433
2024-03-14 20:43:05,865 - root - INFO - save model ./saved_models/JODIE/tgbl-synthetic/JODIE_seed0/JODIE_seed0.pkl
2024-03-14 20:43:06,107 - root - INFO - Epoch: 11, learning rate: 0.0001, train loss: 0.6940
2024-03-14 20:43:06,107 - root - INFO - train average_precision, 0.5082
2024-03-14 20:43:06,107 - root - INFO - train roc_auc, 0.5045
2024-03-14 20:43:06,107 - root - INFO - validate mrr, 0.3620
2024-03-14 20:43:06,107 - root - INFO - save model ./saved_models/JODIE/tgbl-synthetic/JODIE_seed0/JODIE_seed0.pkl
2024-03-14 20:43:06,346 - root - INFO - Epoch: 12, learning rate: 0.0001, train loss: 0.6942
2024-03-14 20:43:06,346 - root - INFO - train average_precision, 0.5029
2024-03-14 20:43:06,346 - root - INFO - train roc_auc, 0.4973
2024-03-14 20:43:06,346 - root - INFO - validate mrr, 0.3512
2024-03-14 20:43:06,580 - root - INFO - Epoch: 13, learning rate: 0.0001, train loss: 0.6929
2024-03-14 20:43:06,580 - root - INFO - train average_precision, 0.5193
2024-03-14 20:43:06,580 - root - INFO - train roc_auc, 0.5166
2024-03-14 20:43:06,580 - root - INFO - validate mrr, 0.3604
2024-03-14 20:43:06,812 - root - INFO - Epoch: 14, learning rate: 0.0001, train loss: 0.6940
2024-03-14 20:43:06,812 - root - INFO - train average_precision, 0.5125
2024-03-14 20:43:06,812 - root - INFO - train roc_auc, 0.5034
2024-03-14 20:43:06,812 - root - INFO - validate mrr, 0.3592
2024-03-14 20:43:07,136 - root - INFO - Epoch: 15, learning rate: 0.0001, train loss: 0.6929
2024-03-14 20:43:07,136 - root - INFO - train average_precision, 0.5158
2024-03-14 20:43:07,136 - root - INFO - train roc_auc, 0.5105
2024-03-14 20:43:07,137 - root - INFO - validate mrr, 0.3630
2024-03-14 20:43:07,137 - root - INFO - save model ./saved_models/JODIE/tgbl-synthetic/JODIE_seed0/JODIE_seed0.pkl
2024-03-14 20:43:07,382 - root - INFO - Epoch: 16, learning rate: 0.0001, train loss: 0.6931
2024-03-14 20:43:07,382 - root - INFO - train average_precision, 0.5157
2024-03-14 20:43:07,382 - root - INFO - train roc_auc, 0.5081
2024-03-14 20:43:07,382 - root - INFO - validate mrr, 0.3650
2024-03-14 20:43:07,382 - root - INFO - save model ./saved_models/JODIE/tgbl-synthetic/JODIE_seed0/JODIE_seed0.pkl
2024-03-14 20:43:07,623 - root - INFO - Epoch: 17, learning rate: 0.0001, train loss: 0.6932
2024-03-14 20:43:07,624 - root - INFO - train average_precision, 0.5155
2024-03-14 20:43:07,624 - root - INFO - train roc_auc, 0.5099
2024-03-14 20:43:07,624 - root - INFO - validate mrr, 0.3576
2024-03-14 20:43:07,856 - root - INFO - Epoch: 18, learning rate: 0.0001, train loss: 0.6930
2024-03-14 20:43:07,856 - root - INFO - train average_precision, 0.5145
2024-03-14 20:43:07,856 - root - INFO - train roc_auc, 0.5117
2024-03-14 20:43:07,856 - root - INFO - validate mrr, 0.3467
2024-03-14 20:43:08,088 - root - INFO - Epoch: 19, learning rate: 0.0001, train loss: 0.6933
2024-03-14 20:43:08,088 - root - INFO - train average_precision, 0.5086
2024-03-14 20:43:08,088 - root - INFO - train roc_auc, 0.5069
2024-03-14 20:43:08,088 - root - INFO - validate mrr, 0.3542
2024-03-14 20:43:08,377 - root - INFO - Epoch: 20, learning rate: 0.0001, train loss: 0.6933
2024-03-14 20:43:08,377 - root - INFO - train average_precision, 0.5125
2024-03-14 20:43:08,377 - root - INFO - train roc_auc, 0.5061
2024-03-14 20:43:08,378 - root - INFO - validate mrr, 0.3521
2024-03-14 20:43:08,449 - root - INFO - test mrr, 0.3525
2024-03-14 20:43:08,449 - root - INFO - load model ./saved_models/JODIE/tgbl-synthetic/JODIE_seed0/JODIE_seed0.pkl
2024-03-14 20:43:08,455 - root - INFO - get final performance on dataset tgbl-synthetic...
2024-03-14 20:43:08,523 - root - INFO - test mrr, 0.3600
2024-03-14 20:43:08,523 - root - INFO - Run 1 cost 5.63 seconds.
