2024-03-14 20:43:32,238 - root - INFO - ********** Run 1 starts. **********
2024-03-14 20:43:32,238 - root - INFO - configuration is Namespace(dataset_name='tgbl-synthetic', batch_size=200, model_name='JODIE', gpu=0, num_neighbors=32, sample_neighbor_strategy='recent', time_scaling_factor=1e-06, num_walk_heads=8, num_heads=2, num_layers=2, walk_length=1, time_gap=32, time_feat_dim=100, position_feat_dim=172, output_dim=172, edge_bank_memory_mode='unlimited_memory', time_window_mode='fixed_proportion', patch_size=1, channel_embedding_dim=50, max_input_sequence_length=32, learning_rate=0.0001, dropout=0.1, num_epochs=20, optimizer='Adam', weight_decay=0.0, patience=20, num_runs=5, test_interval_epochs=10, load_best_configs=False, device='cpu', seed=0, save_model_name='JODIE_seed0')
2024-03-14 20:43:32,242 - root - INFO - model -> Sequential(
  (0): MemoryModel(
    (time_encoder): TimeEncoder(
      (w): Linear(in_features=1, out_features=100, bias=True)
    )
    (message_aggregator): MessageAggregator()
    (memory_bank): MemoryBank(num_nodes=10, memory_dim=172)
    (memory_updater): RNNMemoryUpdater(
      (memory_bank): MemoryBank(num_nodes=10, memory_dim=172)
      (memory_updater): RNNCell(445, 172)
    )
    (embedding_module): TimeProjectionEmbedding(
      (dropout): Dropout(p=0.1, inplace=False)
      (linear_layer): Linear(in_features=1, out_features=172, bias=True)
    )
  )
  (1): MergeLayer(
    (fc1): Linear(in_features=344, out_features=172, bias=True)
    (fc2): Linear(in_features=172, out_features=1, bias=True)
    (act): ReLU()
  )
)
2024-03-14 20:43:32,243 - root - INFO - model name: JODIE, #parameters: 666100 B, 650.48828125 KB, 0.6352424621582031 MB.
2024-03-14 20:43:32,802 - root - INFO - Epoch: 1, learning rate: 0.0001, train loss: 0.6960
2024-03-14 20:43:32,802 - root - INFO - train average_precision, 0.5129
2024-03-14 20:43:32,802 - root - INFO - train roc_auc, 0.5064
2024-03-14 20:43:32,802 - root - INFO - validate mrr, 0.3462
2024-03-14 20:43:32,802 - root - INFO - save model ./saved_models/JODIE/tgbl-synthetic/JODIE_seed0/JODIE_seed0.pkl
2024-03-14 20:43:33,055 - root - INFO - Epoch: 2, learning rate: 0.0001, train loss: 0.6962
2024-03-14 20:43:33,056 - root - INFO - train average_precision, 0.5024
2024-03-14 20:43:33,056 - root - INFO - train roc_auc, 0.4950
2024-03-14 20:43:33,056 - root - INFO - validate mrr, 0.3441
2024-03-14 20:43:33,286 - root - INFO - Epoch: 3, learning rate: 0.0001, train loss: 0.6942
2024-03-14 20:43:33,286 - root - INFO - train average_precision, 0.5075
2024-03-14 20:43:33,286 - root - INFO - train roc_auc, 0.5032
2024-03-14 20:43:33,286 - root - INFO - validate mrr, 0.3399
2024-03-14 20:43:33,514 - root - INFO - Epoch: 4, learning rate: 0.0001, train loss: 0.6942
2024-03-14 20:43:33,514 - root - INFO - train average_precision, 0.5085
2024-03-14 20:43:33,514 - root - INFO - train roc_auc, 0.5042
2024-03-14 20:43:33,514 - root - INFO - validate mrr, 0.3431
2024-03-14 20:43:33,745 - root - INFO - Epoch: 5, learning rate: 0.0001, train loss: 0.6943
2024-03-14 20:43:33,745 - root - INFO - train average_precision, 0.5062
2024-03-14 20:43:33,745 - root - INFO - train roc_auc, 0.5049
2024-03-14 20:43:33,745 - root - INFO - validate mrr, 0.3423
2024-03-14 20:43:33,980 - root - INFO - Epoch: 6, learning rate: 0.0001, train loss: 0.6943
2024-03-14 20:43:33,980 - root - INFO - train average_precision, 0.5090
2024-03-14 20:43:33,980 - root - INFO - train roc_auc, 0.5052
2024-03-14 20:43:33,980 - root - INFO - validate mrr, 0.3543
2024-03-14 20:43:33,980 - root - INFO - save model ./saved_models/JODIE/tgbl-synthetic/JODIE_seed0/JODIE_seed0.pkl
2024-03-14 20:43:34,220 - root - INFO - Epoch: 7, learning rate: 0.0001, train loss: 0.6945
2024-03-14 20:43:34,220 - root - INFO - train average_precision, 0.5014
2024-03-14 20:43:34,220 - root - INFO - train roc_auc, 0.4933
2024-03-14 20:43:34,220 - root - INFO - validate mrr, 0.3541
2024-03-14 20:43:34,451 - root - INFO - Epoch: 8, learning rate: 0.0001, train loss: 0.6945
2024-03-14 20:43:34,452 - root - INFO - train average_precision, 0.5079
2024-03-14 20:43:34,452 - root - INFO - train roc_auc, 0.5019
2024-03-14 20:43:34,452 - root - INFO - validate mrr, 0.3541
2024-03-14 20:43:34,681 - root - INFO - Epoch: 9, learning rate: 0.0001, train loss: 0.6937
2024-03-14 20:43:34,682 - root - INFO - train average_precision, 0.5116
2024-03-14 20:43:34,682 - root - INFO - train roc_auc, 0.5116
2024-03-14 20:43:34,682 - root - INFO - validate mrr, 0.3520
2024-03-14 20:43:34,915 - root - INFO - Epoch: 10, learning rate: 0.0001, train loss: 0.6937
2024-03-14 20:43:34,915 - root - INFO - train average_precision, 0.5061
2024-03-14 20:43:34,915 - root - INFO - train roc_auc, 0.5012
2024-03-14 20:43:34,915 - root - INFO - validate mrr, 0.3457
2024-03-14 20:43:34,983 - root - INFO - test mrr, 0.3518
2024-03-14 20:43:35,214 - root - INFO - Epoch: 11, learning rate: 0.0001, train loss: 0.6938
2024-03-14 20:43:35,214 - root - INFO - train average_precision, 0.5086
2024-03-14 20:43:35,214 - root - INFO - train roc_auc, 0.5053
2024-03-14 20:43:35,215 - root - INFO - validate mrr, 0.3583
2024-03-14 20:43:35,215 - root - INFO - save model ./saved_models/JODIE/tgbl-synthetic/JODIE_seed0/JODIE_seed0.pkl
2024-03-14 20:43:35,534 - root - INFO - Epoch: 12, learning rate: 0.0001, train loss: 0.6939
2024-03-14 20:43:35,534 - root - INFO - train average_precision, 0.5062
2024-03-14 20:43:35,534 - root - INFO - train roc_auc, 0.4997
2024-03-14 20:43:35,535 - root - INFO - validate mrr, 0.3410
2024-03-14 20:43:35,766 - root - INFO - Epoch: 13, learning rate: 0.0001, train loss: 0.6931
2024-03-14 20:43:35,766 - root - INFO - train average_precision, 0.5162
2024-03-14 20:43:35,766 - root - INFO - train roc_auc, 0.5134
2024-03-14 20:43:35,766 - root - INFO - validate mrr, 0.3531
2024-03-14 20:43:35,997 - root - INFO - Epoch: 14, learning rate: 0.0001, train loss: 0.6935
2024-03-14 20:43:35,997 - root - INFO - train average_precision, 0.5134
2024-03-14 20:43:35,997 - root - INFO - train roc_auc, 0.5080
2024-03-14 20:43:35,997 - root - INFO - validate mrr, 0.3536
2024-03-14 20:43:36,229 - root - INFO - Epoch: 15, learning rate: 0.0001, train loss: 0.6933
2024-03-14 20:43:36,229 - root - INFO - train average_precision, 0.5151
2024-03-14 20:43:36,229 - root - INFO - train roc_auc, 0.5140
2024-03-14 20:43:36,229 - root - INFO - validate mrr, 0.3477
2024-03-14 20:43:36,460 - root - INFO - Epoch: 16, learning rate: 0.0001, train loss: 0.6934
2024-03-14 20:43:36,460 - root - INFO - train average_precision, 0.5178
2024-03-14 20:43:36,460 - root - INFO - train roc_auc, 0.5095
2024-03-14 20:43:36,460 - root - INFO - validate mrr, 0.3497
2024-03-14 20:43:36,687 - root - INFO - Epoch: 17, learning rate: 0.0001, train loss: 0.6933
2024-03-14 20:43:36,687 - root - INFO - train average_precision, 0.5132
2024-03-14 20:43:36,687 - root - INFO - train roc_auc, 0.5061
2024-03-14 20:43:36,687 - root - INFO - validate mrr, 0.3501
2024-03-14 20:43:36,918 - root - INFO - Epoch: 18, learning rate: 0.0001, train loss: 0.6933
2024-03-14 20:43:36,918 - root - INFO - train average_precision, 0.5074
2024-03-14 20:43:36,918 - root - INFO - train roc_auc, 0.5052
2024-03-14 20:43:36,918 - root - INFO - validate mrr, 0.3463
2024-03-14 20:43:37,153 - root - INFO - Epoch: 19, learning rate: 0.0001, train loss: 0.6930
2024-03-14 20:43:37,153 - root - INFO - train average_precision, 0.5114
2024-03-14 20:43:37,154 - root - INFO - train roc_auc, 0.5111
2024-03-14 20:43:37,154 - root - INFO - validate mrr, 0.3556
2024-03-14 20:43:37,385 - root - INFO - Epoch: 20, learning rate: 0.0001, train loss: 0.6933
2024-03-14 20:43:37,385 - root - INFO - train average_precision, 0.5099
2024-03-14 20:43:37,385 - root - INFO - train roc_auc, 0.5051
2024-03-14 20:43:37,385 - root - INFO - validate mrr, 0.3517
2024-03-14 20:43:37,452 - root - INFO - test mrr, 0.3471
2024-03-14 20:43:37,452 - root - INFO - load model ./saved_models/JODIE/tgbl-synthetic/JODIE_seed0/JODIE_seed0.pkl
2024-03-14 20:43:37,458 - root - INFO - get final performance on dataset tgbl-synthetic...
2024-03-14 20:43:37,522 - root - INFO - test mrr, 0.3475
2024-03-14 20:43:37,522 - root - INFO - Run 1 cost 5.28 seconds.
